 [35m[2024-04-11 17:13:55.424488]:[32mnew implement IPagos
 [35m[2024-04-11 17:13:55.424773]:[32mnew implement IOrdenes
 [35m[2024-04-11 17:13:55.424871]:[32mnew implement IPagos
 [35m[2024-04-11 17:13:55.454841]:[32mnew implement IOrdenes
 [35m[2024-04-11 17:13:55.588888]:[32mnew implement IOrdenes
 [35m[2024-04-11 17:13:55.877146]:[32mnew implement IOrdenes
 [35m[2024-04-11 17:13:55.889194]:[32mnew implement IPagos
 [35m[2024-04-11 17:13:55.918160]:[32mnew implement IPagos
 [35m[2024-04-11 17:13:55.937901]:[32mnew implement IPagos
 [35m[2024-04-11 17:13:55.938712]:[32mnew implement IPagos
 [35m[2024-04-11 17:13:55.969279]:[32mnew implement IPagos
 [35m[2024-04-11 17:13:56.259412]:[32mnew implement Ifinance -> TazaDollar
 [35m[2024-04-11 17:13:56.296743]:[32mnew implement IPagos
 [35m[2024-04-11 17:13:56.330394]:[32mnew implement IClientes
 [35m[2024-04-11 17:13:56.378215]:[32mnew implement IClientes
 [35m[2024-04-11 17:13:56.382949]:[32mnew implement IClientes
 [35m[2024-04-11 17:13:56.455742]:[32mnew implement IClientes
 [35m[2024-04-11 17:13:56.475079]:[32mnew implement IMectricCoffeshop
 [35m[2024-04-11 17:13:56.475391]:[32mnew implement IMectricCoffeshop
 [35m[2024-04-11 17:13:56.498163]:[32mnew implement IClientes
 [35m[2024-04-11 17:13:56.528125]:[32mnew implement IClientes
 [35m[2024-04-11 17:13:56.565668]:[32mnew implement IPagos
 [35m[2024-04-11 17:13:56.569777]:[32mnew implement IPagos
 [35m[2024-04-11 17:13:56.600792]:[32mnew implement IPagos
 [35m[2024-04-11 17:13:56.676598]:[32mnew implement IOrdenes
 [35m[2024-04-11 17:13:56.676953]:[32mnew implement IPagos
 [35m[2024-04-11 17:13:56.679981]:[32mnew implement IPagos
 [35m[2024-04-11 17:13:56.744343]:[32mnew implement IOrdenes
 [35m[2024-04-11 17:13:56.761471]:[32mnew implement IOrdenes
 [35m[2024-04-11 17:13:56.879215]:[32mnew implement IClientes
 [35m[2024-04-11 17:13:56.879540]:[32mnew implement IClientes
 [35m[2024-04-11 17:13:56.999823]:[32mnew implement IClientes
 [35m[2024-04-11 17:13:57.023812]:[32mnew implement IClientes
 [35m[2024-04-11 17:13:57.024222]:[32mnew implement IClientes
 [35m[2024-04-11 17:13:57.035637]:[32mnew implement IClientes
 [35m[2024-04-11 17:13:57.035948]:[32mnew implement IClientes
 [35m[2024-04-11 17:14:29.032373]:[32mConexión exitosa a la base de datos
 [35m[2024-04-11 17:14:29.193376]:[32mtoken validado con exito!!!
 [35m[2024-04-11 17:14:29.194125]:[32mDesconexión exitosa de la base de datos
 [35m[2024-04-11 17:14:29.774851]:[32mConexión exitosa a la base de datos
 [35m[2024-04-11 17:14:30.015661]:[32mBusqueda de plan de cuentas en la sede jalisco se encontraron (11) coincidencias
 [35m[2024-04-11 17:14:30.016032]:[32mDesconexión exitosa de la base de datos
 [35m[2024-04-11 17:14:30.016132]:[32mFinalizada la ejecucion de registros de productos 
 [35m[2024-04-11 17:14:30.668690]:[32mConexión exitosa a la base de datos
 [35m[2024-04-11 17:14:30.827592]:[32mtoken validado con exito!!!
 [35m[2024-04-11 17:14:30.828000]:[32mDesconexión exitosa de la base de datos
 [35m[2024-04-11 17:14:31.401767]:[32mConexión exitosa a la base de datos
 [35m[2024-04-11 17:14:31.643684]:[32mBusqueda de plan de cuentas en la sede jalisco se encontraron (11) coincidencias
 [35m[2024-04-11 17:14:31.643986]:[32mDesconexión exitosa de la base de datos
 [35m[2024-04-11 17:14:31.644081]:[32mFinalizada la ejecucion de registros de productos 
 [35m[2024-04-11 17:14:36.832379]:[32mConexión exitosa a la base de datos
 [35m[2024-04-11 17:14:36.991750]:[32mtoken validado con exito!!!
 [35m[2024-04-11 17:14:36.992792]:[32mDesconexión exitosa de la base de datos
 [35m[2024-04-11 17:14:37.578637]:[32mConexión exitosa a la base de datos
 [35m[2024-04-11 17:14:37.819039]:[32mBusqueda de plan de cuentas en la sede jalisco se encontraron (11) coincidencias
 [35m[2024-04-11 17:14:37.819341]:[32mDesconexión exitosa de la base de datos
 [35m[2024-04-11 17:14:37.819420]:[32mFinalizada la ejecucion de registros de productos 
 [35m[2024-04-11 17:14:38.448980]:[32mConexión exitosa a la base de datos
 [35m[2024-04-11 17:14:38.609522]:[32mtoken validado con exito!!!
 [35m[2024-04-11 17:14:38.610384]:[32mDesconexión exitosa de la base de datos
 [35m[2024-04-11 17:14:39.297949]:[32mConexión exitosa a la base de datos
 [35m[2024-04-11 17:14:39.536777]:[32mBusqueda de plan de cuentas en la sede jalisco se encontraron (11) coincidencias
 [35m[2024-04-11 17:14:39.537120]:[32mDesconexión exitosa de la base de datos
 [35m[2024-04-11 17:14:39.537211]:[32mFinalizada la ejecucion de registros de productos 
 [35m[2024-04-11 17:14:57.079933]:[32mConexión exitosa a la base de datos
 [35m[2024-04-11 17:14:57.260485]:[32mordenes de la sede jalisco extraida con exito 
 [35m[2024-04-11 17:14:57.273295]:[32mFinalida la lectura de las ordenes de la sede {sede}
 [35m[2024-04-11 17:14:57.276921]:[32mDesconexión exitosa de la base de datos
 [35m[2024-04-11 17:14:58.526829]:[32mConexión exitosa a la base de datos
 [35m[2024-04-11 17:14:58.871284]:[32mordenes de la sede jalisco extraida con exito 
 [35m[2024-04-11 17:14:58.872186]:[32mFinalida la lectura de las ordenes de la sede {sede}
 [35m[2024-04-11 17:14:58.873701]:[32mDesconexión exitosa de la base de datos
 [35m[2024-04-11 17:15:11.130235]:[32mConexión exitosa a la base de datos
 [35m[2024-04-11 17:15:11.289202]:[32mtoken validado con exito!!!
 [35m[2024-04-11 17:15:11.289714]:[32mDesconexión exitosa de la base de datos
 [35m[2024-04-11 17:15:11.858657]:[32mConexión exitosa a la base de datos
 [35m[2024-04-11 17:15:12.039618]:[32mse ecncontraron (35) deudas  en la sede jalisco .....!
 [35m[2024-04-11 17:15:12.040842]:[32mDesconexión exitosa de la base de datos
 [35m[2024-04-11 17:15:12.672949]:[32mConexión exitosa a la base de datos
 [35m[2024-04-11 17:15:12.834933]:[32mtoken validado con exito!!!
 [35m[2024-04-11 17:15:12.835910]:[32mDesconexión exitosa de la base de datos
 [35m[2024-04-11 17:15:13.411108]:[32mConexión exitosa a la base de datos
 [35m[2024-04-11 17:15:13.573789]:[32mse ecncontraron (35) deudas  en la sede jalisco .....!
 [35m[2024-04-11 17:15:13.574069]:[32mDesconexión exitosa de la base de datos
 [35m[2024-04-11 17:15:15.172748]:[32mConexión exitosa a la base de datos
 [35m[2024-04-11 17:15:15.333544]:[32mAbono registrado con exito!!! detail 
 [35m[2024-04-11 17:15:15.333891]:[32mDesconexión exitosa de la base de datos
 [35m[2024-04-11 17:15:15.905505]:[32mConexión exitosa a la base de datos
 [35m[2024-04-11 17:15:16.009647]:[32mConexión exitosa a la base de datos
 [35m[2024-04-11 17:15:16.009912]:[32mConexión exitosa a la base de datos
 [35m[2024-04-11 17:15:16.063991]:[32mtoken validado con exito!!!
 [35m[2024-04-11 17:15:16.064332]:[32mDesconexión exitosa de la base de datos
 [35m[2024-04-11 17:15:16.170723]:[32mAbono registrado con exito!!! detail 
 [35m[2024-04-11 17:15:16.171058]:[32mtoken validado con exito!!!
 [35m[2024-04-11 17:15:16.173151]:[32mDesconexión exitosa de la base de datos
 [35m[2024-04-11 17:15:16.173471]:[32mDesconexión exitosa de la base de datos
 [35m[2024-04-11 17:15:16.280905]:[32mConexión exitosa a la base de datos
 [35m[2024-04-11 17:15:16.440784]:[32mtoken validado con exito!!!
 [35m[2024-04-11 17:15:16.441053]:[32mDesconexión exitosa de la base de datos
 [35m[2024-04-11 17:15:16.753327]:[32mConexión exitosa a la base de datos
 [35m[2024-04-11 17:15:16.992140]:[32mBusqueda de plan de cuentas en la sede jalisco se encontraron (11) coincidencias
 [35m[2024-04-11 17:15:16.992424]:[32mDesconexión exitosa de la base de datos
 [35m[2024-04-11 17:15:16.992516]:[32mFinalizada la ejecucion de registros de productos 
 [35m[2024-04-11 17:15:17.564277]:[32mConexión exitosa a la base de datos
 [35m[2024-04-11 17:15:17.726768]:[32mse ecncontraron (2) de pedidos  en la sede jalisco del cliente 778 .....!
 [35m[2024-04-11 17:15:17.727812]:[32mDesconexión exitosa de la base de datos
 [35m[2024-04-11 17:15:18.300766]:[32mConexión exitosa a la base de datos
 [35m[2024-04-11 17:15:18.539950]:[32mconsulta de ultima tasa Dollar BCV  realizada con exito 
 [35m[2024-04-11 17:15:18.540278]:[32mDesconexión exitosa de la base de datos
 [35m[2024-04-11 17:15:18.540365]:[32mFinalizada la ejecucion de registros de productos 
 [35m[2024-04-11 17:15:19.122746]:[32mConexión exitosa a la base de datos
 [35m[2024-04-11 17:15:19.168109]:[32mConexión exitosa a la base de datos
 [35m[2024-04-11 17:15:19.178830]:[32mConexión exitosa a la base de datos
 [35m[2024-04-11 17:15:19.281686]:[32mtoken validado con exito!!!
 [35m[2024-04-11 17:15:19.281948]:[32mDesconexión exitosa de la base de datos
 [35m[2024-04-11 17:15:19.328997]:[32mtoken validado con exito!!!
 [35m[2024-04-11 17:15:19.329281]:[32mDesconexión exitosa de la base de datos
 [35m[2024-04-11 17:15:19.337366]:[32mtoken validado con exito!!!
 [35m[2024-04-11 17:15:19.337614]:[32mDesconexión exitosa de la base de datos
 [35m[2024-04-11 17:15:19.849179]:[32mConexión exitosa a la base de datos
 [35m[2024-04-11 17:15:20.089912]:[32mBusqueda de plan de cuentas en la sede jalisco se encontraron (11) coincidencias
 [35m[2024-04-11 17:15:20.090958]:[32mDesconexión exitosa de la base de datos
 [35m[2024-04-11 17:15:20.091717]:[32mFinalizada la ejecucion de registros de productos 
 [35m[2024-04-11 17:15:20.666525]:[32mConexión exitosa a la base de datos
 [35m[2024-04-11 17:15:20.906108]:[32mconsulta de ultima tasa Dollar BCV  realizada con exito 
 [35m[2024-04-11 17:15:20.906423]:[32mDesconexión exitosa de la base de datos
 [35m[2024-04-11 17:15:20.907036]:[32mFinalizada la ejecucion de registros de productos 
 [35m[2024-04-11 17:15:21.490088]:[32mConexión exitosa a la base de datos
 [35m[2024-04-11 17:15:21.652186]:[32mse ecncontraron (2) de pedidos  en la sede jalisco del cliente 778 .....!
 [35m[2024-04-11 17:15:21.652500]:[32mDesconexión exitosa de la base de datos
 [35m[2024-04-11 17:27:40.359048]:[32mConexión exitosa a la base de datos
 [35m[2024-04-11 17:27:40.605407]:[32mOrdnees del dia abiertas extraidas con exito
 [35m[2024-04-11 17:27:40.605593]:[32mFinalizada la ejecucion de registros de productos 
 [35m[2024-04-11 17:27:40.606124]:[32mDesconexión exitosa de la base de datos
 [35m[2024-04-11 17:27:41.180726]:[32mConexión exitosa a la base de datos
 [35m[2024-04-11 17:27:41.426277]:[32mPagos extraida de manera correcta
 [35m[2024-04-11 17:27:41.426391]:[32mFinalizada la ejecucion de registros de productos 
 [35m[2024-04-11 17:27:41.426661]:[32mDesconexión exitosa de la base de datos
 [35m[2024-04-11 17:27:41.999682]:[32mConexión exitosa a la base de datos
 [35m[2024-04-11 17:27:42.242203]:[32mlectura de ventas por productos diarias realizado con exito
 [35m[2024-04-11 17:27:42.242600]:[32mFinalizada la ejecucion de registros de productos 
 [35m[2024-04-11 17:27:42.243791]:[32mDesconexión exitosa de la base de datos
 [35m[2024-04-11 17:27:42.809216]:[32mConexión exitosa a la base de datos
 [35m[2024-04-11 17:27:42.975224]:[32mse ecncontraron (35) deudas  en la sede jalisco .....!
 [35m[2024-04-11 17:27:42.976151]:[32mDesconexión exitosa de la base de datos
 [35m[2024-04-11 17:27:42.977646]:[32mconsulta de dedudas realizada de manera correcta
 [35m[2024-04-11 17:27:43.561787]:[32mConexión exitosa a la base de datos
 [35m[2024-04-11 17:27:43.806757]:[32m detalles de pedidos extraidos de manera correcta 
 [35m[2024-04-11 17:27:43.806935]:[32mFinalizada la ejecucion de registros de productos 
 [35m[2024-04-11 17:27:43.807292]:[32mDesconexión exitosa de la base de datos
 [35m[2024-04-11 17:27:44.373073]:[32mConexión exitosa a la base de datos
 [35m[2024-04-11 17:27:44.616176]:[32m detalles de wallet disponibles extraidos con exito 
 [35m[2024-04-11 17:27:44.616281]:[32mFinalizada la ejecucion de registros de productos 
 [35m[2024-04-11 17:27:44.616578]:[32mDesconexión exitosa de la base de datos
 [35m[2024-04-11 17:27:45.186454]:[32mConexión exitosa a la base de datos
 [35m[2024-04-11 17:27:45.430613]:[32mlectura de ordenes por pagar historicas realizada de maenra satisfactoria 
 [35m[2024-04-11 17:27:45.431082]:[32mFinalizada la ejecucion de registros de productos 
 [35m[2024-04-11 17:27:45.432376]:[32mDesconexión exitosa de la base de datos
 [35m[2024-04-11 17:27:46.013053]:[32mConexión exitosa a la base de datos
 [35m[2024-04-11 17:27:46.270704]:[32mOrdnees del dia abiertas extraidas con exito
 [35m[2024-04-11 17:27:46.270850]:[32mFinalizada la ejecucion de registros de productos 
 [35m[2024-04-11 17:27:46.271223]:[32mDesconexión exitosa de la base de datos
 [35m[2024-04-11 17:27:46.849713]:[32mConexión exitosa a la base de datos
 [35m[2024-04-11 17:27:47.094327]:[32mregistro de pruntos  extraidos de manera correcta de manera correcta
 [35m[2024-04-11 17:27:47.094758]:[32mFinalizada la ejecucion de registros de productos 
 [35m[2024-04-11 17:27:47.096248]:[32mDesconexión exitosa de la base de datos
 [35m[2024-04-11 17:27:47.106435]:[32mConexión exitosa a la base de datos
 [35m[2024-04-11 17:27:47.108524]:[32mlectura de acciones heca de manera correcta
 [35m[2024-04-11 17:27:47.109154]:[32mDesconexión exitosa de la base de datos
 [35m[2024-04-11 17:27:47.113270]:[32mHilos creados ....
 [35m[2024-04-11 17:27:47.119414]:[32mPUNTO DE VENTAesete
 [35m[2024-04-11 17:27:47.121958]:[32meste es 21.5
 [35m[2024-04-11 17:27:47.122577]:[32mYa arrancaron los hilos
 [35m[2024-04-11 17:27:47.123177]:[32mPUNTO DE VENTAesete
 [35m[2024-04-11 17:27:47.123596]:[32meste es 18.0
 [35m[2024-04-11 17:27:47.123916]:[32mPUNTO DE VENTAesete
 [35m[2024-04-11 17:27:47.124264]:[32meste es 2.0
 [35m[2024-04-11 17:27:47.124567]:[32mPUNTO DE VENTAesete
 [35m[2024-04-11 17:27:47.124948]:[32meste es 3.5
 [35m[2024-04-11 17:27:47.125244]:[32mPUNTO DE VENTAesete
 [35m[2024-04-11 17:27:47.125583]:[32meste es 4.5
 [35m[2024-04-11 17:27:47.125881]:[32mPUNTO DE VENTAesete
 [35m[2024-04-11 17:27:47.126207]:[32meste es 6.0
 [35m[2024-04-11 17:27:47.126497]:[32mPUNTO DE VENTAesete
 [35m[2024-04-11 17:27:47.126829]:[32meste es 1.5
 [35m[2024-04-11 17:27:47.127143]:[32mPAGO MOVILesete
 [35m[2024-04-11 17:27:47.128023]:[32mYA cunminaron los hilos ........... 
 [35m[2024-04-11 17:27:47.128550]:[32mreporte de inventario generado con exito
 [35m[2024-04-11 17:27:47.128873]:[32mfinalizado el reporte de inventario de la sede jalisco
 [35m[2024-04-11 17:28:54.718235]:[32mConexión exitosa a la base de datos
 [35m[2024-04-11 17:28:54.880084]:[32m[0;33m se leyeron las ordnes pero on encontramos ninguna  
 [35m[2024-04-11 17:28:54.880562]:[32m{s              elf.NOTE} Las ordnes se leyeron de manera correctapero no conseguimos nada ...  
 [35m[2024-04-11 17:28:54.881091]:[32mFinalizada la ejecucion de registros de productos 
 [35m[2024-04-11 17:28:54.882128]:[32mDesconexión exitosa de la base de datos
 [35m[2024-04-11 17:28:55.474595]:[32mConexión exitosa a la base de datos
 [35m[2024-04-11 17:28:55.714175]:[32m[0;33m Error al leer ventas por producto  no se encontraron registros de ventas  
 [35m[2024-04-11 17:28:55.714274]:[32merror al leer las ventas por producto  
 [35m[2024-04-11 17:28:55.714349]:[32mFinalizada la ejecucion de registros de productos 
 [35m[2024-04-11 17:28:55.714598]:[32mDesconexión exitosa de la base de datos
 [35m[2024-04-11 17:28:56.338749]:[32mConexión exitosa a la base de datos
 [35m[2024-04-11 17:28:56.376937]:[32mConexión exitosa a la base de datos
 [35m[2024-04-11 17:28:56.498057]:[32mtoken validado con exito!!!
 [35m[2024-04-11 17:28:56.499449]:[32mDesconexión exitosa de la base de datos
 [35m[2024-04-11 17:28:56.538005]:[32m[0;33m se leyeron las ordnes pero on encontramos ninguna  
 [35m[2024-04-11 17:28:56.538547]:[32m{s              elf.NOTE} Las ordnes se leyeron de manera correctapero no conseguimos nada ...  
 [35m[2024-04-11 17:28:56.538979]:[32mFinalizada la ejecucion de registros de productos 
 [35m[2024-04-11 17:28:56.540146]:[32mDesconexión exitosa de la base de datos
 [35m[2024-04-11 17:28:57.114923]:[32mConexión exitosa a la base de datos
 [35m[2024-04-11 17:28:57.583679]:[32mOrdnees del dia abiertas extraidas con exito
 [35m[2024-04-11 17:28:57.583874]:[32mFinalizada la ejecucion de registros de productos 
 [35m[2024-04-11 17:28:57.584272]:[32mDesconexión exitosa de la base de datos
 [35m[2024-04-11 17:28:58.156381]:[32mConexión exitosa a la base de datos
 [35m[2024-04-11 17:28:58.413792]:[32mlectura de ventas por productos diarias realizado con exito
 [35m[2024-04-11 17:28:58.413908]:[32mFinalizada la ejecucion de registros de productos 
 [35m[2024-04-11 17:28:58.414172]:[32mDesconexión exitosa de la base de datos
 [35m[2024-04-11 17:28:58.995238]:[32mConexión exitosa a la base de datos
 [35m[2024-04-11 17:28:59.235033]:[32m[0;33m Error al leer ventas por producto  no se encontraron registros de ventas  
 [35m[2024-04-11 17:28:59.235150]:[32merror al leer las ventas por producto  
 [35m[2024-04-11 17:28:59.235230]:[32mFinalizada la ejecucion de registros de productos 
 [35m[2024-04-11 17:28:59.235475]:[32mDesconexión exitosa de la base de datos
 [35m[2024-04-11 17:28:59.812724]:[32mConexión exitosa a la base de datos
 [35m[2024-04-11 17:28:59.827781]:[32mConexión exitosa a la base de datos
 [35m[2024-04-11 17:28:59.972519]:[32mtoken validado con exito!!!
 [35m[2024-04-11 17:28:59.973398]:[32mDesconexión exitosa de la base de datos
 [35m[2024-04-11 17:29:00.069998]:[32mlectura de ventas por productos diarias realizado con exito
 [35m[2024-04-11 17:29:00.070329]:[32mFinalizada la ejecucion de registros de productos 
 [35m[2024-04-11 17:29:00.071281]:[32mDesconexión exitosa de la base de datos
 [35m[2024-04-11 17:29:00.800295]:[32mConexión exitosa a la base de datos
 [35m[2024-04-11 17:29:00.961933]:[32mOrdnees del dia abiertas extraidas con exito
 [35m[2024-04-11 17:29:00.962046]:[32mFinalizada la ejecucion de registros de productos 
 [35m[2024-04-11 17:29:00.962290]:[32mDesconexión exitosa de la base de datos
 [35m[2024-04-11 17:32:41.635307]:[32mConexión exitosa a la base de datos
 [35m[2024-04-11 17:32:41.877610]:[32mOrdnees del dia abiertas extraidas con exito
 [35m[2024-04-11 17:32:41.877828]:[32mFinalizada la ejecucion de registros de productos 
 [35m[2024-04-11 17:32:41.878464]:[32mDesconexión exitosa de la base de datos
 [35m[2024-04-11 17:32:42.448746]:[32mConexión exitosa a la base de datos
 [35m[2024-04-11 17:32:42.695854]:[32mPagos extraida de manera correcta
 [35m[2024-04-11 17:32:42.695965]:[32mFinalizada la ejecucion de registros de productos 
 [35m[2024-04-11 17:32:42.696230]:[32mDesconexión exitosa de la base de datos
 [35m[2024-04-11 17:32:43.272214]:[32mConexión exitosa a la base de datos
 [35m[2024-04-11 17:32:43.513713]:[32mlectura de ventas por productos diarias realizado con exito
 [35m[2024-04-11 17:32:43.513900]:[32mFinalizada la ejecucion de registros de productos 
 [35m[2024-04-11 17:32:43.514448]:[32mDesconexión exitosa de la base de datos
 [35m[2024-04-11 17:32:44.093111]:[32mConexión exitosa a la base de datos
 [35m[2024-04-11 17:32:44.260459]:[32mse ecncontraron (35) deudas  en la sede jalisco .....!
 [35m[2024-04-11 17:32:44.261200]:[32mDesconexión exitosa de la base de datos
 [35m[2024-04-11 17:32:44.262654]:[32mconsulta de dedudas realizada de manera correcta
 [35m[2024-04-11 17:32:44.857533]:[32mConexión exitosa a la base de datos
 [35m[2024-04-11 17:32:45.101652]:[32m detalles de pedidos extraidos de manera correcta 
 [35m[2024-04-11 17:32:45.101814]:[32mFinalizada la ejecucion de registros de productos 
 [35m[2024-04-11 17:32:45.102057]:[32mDesconexión exitosa de la base de datos
 [35m[2024-04-11 17:32:45.679036]:[32mConexión exitosa a la base de datos
 [35m[2024-04-11 17:32:45.934244]:[32m detalles de wallet disponibles extraidos con exito 
 [35m[2024-04-11 17:32:45.934526]:[32mFinalizada la ejecucion de registros de productos 
 [35m[2024-04-11 17:32:45.935592]:[32mDesconexión exitosa de la base de datos
 [35m[2024-04-11 17:32:46.520541]:[32mConexión exitosa a la base de datos
 [35m[2024-04-11 17:32:46.767881]:[32mlectura de ordenes por pagar historicas realizada de maenra satisfactoria 
 [35m[2024-04-11 17:32:46.767994]:[32mFinalizada la ejecucion de registros de productos 
 [35m[2024-04-11 17:32:46.768273]:[32mDesconexión exitosa de la base de datos
 [35m[2024-04-11 17:32:47.341508]:[32mConexión exitosa a la base de datos
 [35m[2024-04-11 17:32:47.587639]:[32mOrdnees del dia abiertas extraidas con exito
 [35m[2024-04-11 17:32:47.587772]:[32mFinalizada la ejecucion de registros de productos 
 [35m[2024-04-11 17:32:47.588064]:[32mDesconexión exitosa de la base de datos
 [35m[2024-04-11 17:32:48.181157]:[32mConexión exitosa a la base de datos
 [35m[2024-04-11 17:32:48.433360]:[32mregistro de pruntos  extraidos de manera correcta de manera correcta
 [35m[2024-04-11 17:32:48.433471]:[32mFinalizada la ejecucion de registros de productos 
 [35m[2024-04-11 17:32:48.433798]:[32mDesconexión exitosa de la base de datos
 [35m[2024-04-11 17:32:48.434053]:[32mConexión exitosa a la base de datos
 [35m[2024-04-11 17:32:48.434530]:[32mlectura de acciones heca de manera correcta
 [35m[2024-04-11 17:32:48.434690]:[32mDesconexión exitosa de la base de datos
 [35m[2024-04-11 17:32:48.436567]:[32mHilos creados ....
 [35m[2024-04-11 17:32:48.438246]:[32mPUNTO DE VENTAesete
 [35m[2024-04-11 17:32:48.438781]:[32mYa arrancaron los hilos
 [35m[2024-04-11 17:32:48.438825]:[32meste es 21.5
 [35m[2024-04-11 17:32:48.439030]:[32mPUNTO DE VENTAesete
 [35m[2024-04-11 17:32:48.439118]:[32meste es 18.0
 [35m[2024-04-11 17:32:48.439188]:[32mPUNTO DE VENTAesete
 [35m[2024-04-11 17:32:48.439257]:[32meste es 2.0
 [35m[2024-04-11 17:32:48.439314]:[32mPUNTO DE VENTAesete
 [35m[2024-04-11 17:32:48.439378]:[32meste es 3.5
 [35m[2024-04-11 17:32:48.439434]:[32mPUNTO DE VENTAesete
 [35m[2024-04-11 17:32:48.439500]:[32meste es 4.5
 [35m[2024-04-11 17:32:48.439556]:[32mPUNTO DE VENTAesete
 [35m[2024-04-11 17:32:48.439618]:[32meste es 6.0
 [35m[2024-04-11 17:32:48.439673]:[32mPUNTO DE VENTAesete
 [35m[2024-04-11 17:32:48.439737]:[32meste es 1.5
 [35m[2024-04-11 17:32:48.439793]:[32mPAGO MOVILesete
 [35m[2024-04-11 17:32:48.440162]:[32mYA cunminaron los hilos ........... 
 [35m[2024-04-11 17:32:48.440462]:[32mreporte de inventario generado con exito
 [35m[2024-04-11 17:32:48.440540]:[32mfinalizado el reporte de inventario de la sede jalisco
 [35m[2024-04-11 18:28:23.277589]:[32mConexión exitosa a la base de datos
 [35m[2024-04-11 18:28:23.521210]:[32mOrdnees del dia abiertas extraidas con exito
 [35m[2024-04-11 18:28:23.521561]:[32mFinalizada la ejecucion de registros de productos 
 [35m[2024-04-11 18:28:23.522276]:[32mDesconexión exitosa de la base de datos
 [35m[2024-04-11 18:28:24.112366]:[32mConexión exitosa a la base de datos
 [35m[2024-04-11 18:28:24.362019]:[32mPagos extraida de manera correcta
 [35m[2024-04-11 18:28:24.362264]:[32mFinalizada la ejecucion de registros de productos 
 [35m[2024-04-11 18:28:24.362820]:[32mDesconexión exitosa de la base de datos
 [35m[2024-04-11 18:28:24.963268]:[32mConexión exitosa a la base de datos
 [35m[2024-04-11 18:28:25.204278]:[32mlectura de ventas por productos diarias realizado con exito
 [35m[2024-04-11 18:28:25.204382]:[32mFinalizada la ejecucion de registros de productos 
 [35m[2024-04-11 18:28:25.204842]:[32mDesconexión exitosa de la base de datos
 [35m[2024-04-11 18:28:25.775445]:[32mConexión exitosa a la base de datos
 [35m[2024-04-11 18:28:25.938186]:[32mse ecncontraron (35) deudas  en la sede jalisco .....!
 [35m[2024-04-11 18:28:25.938493]:[32mDesconexión exitosa de la base de datos
 [35m[2024-04-11 18:28:25.938896]:[32mconsulta de dedudas realizada de manera correcta
 [35m[2024-04-11 18:28:26.508631]:[32mConexión exitosa a la base de datos
 [35m[2024-04-11 18:28:26.842794]:[32m detalles de pedidos extraidos de manera correcta 
 [35m[2024-04-11 18:28:26.843019]:[32mFinalizada la ejecucion de registros de productos 
 [35m[2024-04-11 18:28:26.843471]:[32mDesconexión exitosa de la base de datos
 [35m[2024-04-11 18:28:27.412755]:[32mConexión exitosa a la base de datos
 [35m[2024-04-11 18:28:27.657228]:[32m detalles de wallet disponibles extraidos con exito 
 [35m[2024-04-11 18:28:27.657387]:[32mFinalizada la ejecucion de registros de productos 
 [35m[2024-04-11 18:28:27.657682]:[32mDesconexión exitosa de la base de datos
 [35m[2024-04-11 18:28:28.231803]:[32mConexión exitosa a la base de datos
 [35m[2024-04-11 18:28:28.494713]:[32mlectura de ordenes por pagar historicas realizada de maenra satisfactoria 
 [35m[2024-04-11 18:28:28.495089]:[32mFinalizada la ejecucion de registros de productos 
 [35m[2024-04-11 18:28:28.495946]:[32mDesconexión exitosa de la base de datos
 [35m[2024-04-11 18:28:29.069030]:[32mConexión exitosa a la base de datos
 [35m[2024-04-11 18:28:29.311281]:[32mOrdnees del dia abiertas extraidas con exito
 [35m[2024-04-11 18:28:29.311637]:[32mFinalizada la ejecucion de registros de productos 
 [35m[2024-04-11 18:28:29.312630]:[32mDesconexión exitosa de la base de datos
 [35m[2024-04-11 18:28:29.936610]:[32mConexión exitosa a la base de datos
 [35m[2024-04-11 18:28:30.182285]:[32mregistro de pruntos  extraidos de manera correcta de manera correcta
 [35m[2024-04-11 18:28:30.182399]:[32mFinalizada la ejecucion de registros de productos 
 [35m[2024-04-11 18:28:30.182650]:[32mDesconexión exitosa de la base de datos
 [35m[2024-04-11 18:28:30.182949]:[32mConexión exitosa a la base de datos
 [35m[2024-04-11 18:28:30.183329]:[32mlectura de acciones heca de manera correcta
 [35m[2024-04-11 18:28:30.183490]:[32mDesconexión exitosa de la base de datos
 [35m[2024-04-11 18:28:30.185654]:[32mintegracion del core cierre Coffe Realizado con exito
 [35m[2024-04-11 18:28:30.755945]:[32mConexión exitosa a la base de datos
 [35m[2024-04-11 18:28:30.995971]:[32mOrdnees del dia abiertas extraidas con exito
 [35m[2024-04-11 18:28:30.996101]:[32mFinalizada la ejecucion de registros de productos 
 [35m[2024-04-11 18:28:30.996758]:[32mDesconexión exitosa de la base de datos
 [35m[2024-04-11 18:28:31.565418]:[32mConexión exitosa a la base de datos
 [35m[2024-04-11 18:28:31.806378]:[32mPagos extraida de manera correcta
 [35m[2024-04-11 18:28:31.806706]:[32mFinalizada la ejecucion de registros de productos 
 [35m[2024-04-11 18:28:31.807482]:[32mDesconexión exitosa de la base de datos
 [35m[2024-04-11 18:28:32.385777]:[32mConexión exitosa a la base de datos
 [35m[2024-04-11 18:28:32.624781]:[32mventas por p´roducvtos VAlidacion (1, Decimal('180.0'), 'SALA TARIFA PLANA 9-12')
 [35m[2024-04-11 18:28:32.625003]:[32mlectura de ventas por productos diarias realizado con exito
 [35m[2024-04-11 18:28:32.625092]:[32mFinalizada la ejecucion de registros de productos 
 [35m[2024-04-11 18:28:32.625348]:[32mDesconexión exitosa de la base de datos
 [35m[2024-04-11 18:28:33.201581]:[32mConexión exitosa a la base de datos
 [35m[2024-04-11 18:28:33.364520]:[32mse ecncontraron (17) deudas  en la sede jalisco .....!
 [35m[2024-04-11 18:28:33.365585]:[32mDesconexión exitosa de la base de datos
 [35m[2024-04-11 18:28:33.367024]:[32mconsulta de dedudas realizada de manera correcta
 [35m[2024-04-11 18:28:33.945748]:[32mConexión exitosa a la base de datos
 [35m[2024-04-11 18:28:34.185498]:[32m detalles de pedidos extraidos de manera correcta 
 [35m[2024-04-11 18:28:34.185606]:[32mFinalizada la ejecucion de registros de productos 
 [35m[2024-04-11 18:28:34.185836]:[32mDesconexión exitosa de la base de datos
 [35m[2024-04-11 18:28:34.755138]:[32mConexión exitosa a la base de datos
 [35m[2024-04-11 18:28:34.997997]:[32m detalles de wallet disponibles extraidos con exito 
 [35m[2024-04-11 18:28:34.998416]:[32mFinalizada la ejecucion de registros de productos 
 [35m[2024-04-11 18:28:34.999332]:[32mDesconexión exitosa de la base de datos
 [35m[2024-04-11 18:28:35.567741]:[32mConexión exitosa a la base de datos
 [35m[2024-04-11 18:28:35.809205]:[32mlectura de ordenes por pagar historicas realizada de maenra satisfactoria 
 [35m[2024-04-11 18:28:35.809522]:[32mFinalizada la ejecucion de registros de productos 
 [35m[2024-04-11 18:28:35.809955]:[32mDesconexión exitosa de la base de datos
 [35m[2024-04-11 18:28:36.377585]:[32mConexión exitosa a la base de datos
 [35m[2024-04-11 18:28:36.617726]:[32m[0;33m se leyeron las ordnes pero on encontramos ninguna  
 [35m[2024-04-11 18:28:36.617951]:[32m{self.NOTE} Las ordnes se leyeron de manera correctapero no conseguimos nada ...  
 [35m[2024-04-11 18:28:36.618410]:[32mFinalizada la ejecucion de registros de productos 
 [35m[2024-04-11 18:28:36.618830]:[32mDesconexión exitosa de la base de datos
 [35m[2024-04-11 18:28:37.192973]:[32mConexión exitosa a la base de datos
 [35m[2024-04-11 18:28:37.432940]:[32mregistro de pruntos  extraidos de manera correcta de manera correcta
 [35m[2024-04-11 18:28:37.433062]:[32mFinalizada la ejecucion de registros de productos 
 [35m[2024-04-11 18:28:37.433311]:[32mDesconexión exitosa de la base de datos
 [35m[2024-04-11 18:28:37.433597]:[32mConexión exitosa a la base de datos
 [35m[2024-04-11 18:28:37.434042]:[32mlectura de acciones heca de manera correcta
 [35m[2024-04-11 18:28:37.434200]:[32mDesconexión exitosa de la base de datos
 [35m[2024-04-11 18:28:37.434784]:[32mintegracion del core cierre espacios realizada con exito
 [35m[2024-04-11 18:28:37.437458]:[32mreporte unificado generado con exito
 [35m[2024-04-11 18:28:38.030376]:[32mConexión exitosa a la base de datos
 [35m[2024-04-11 18:28:38.268531]:[32m[0;31m Error al leer el inventario 
 [35m[2024-04-11 18:28:38.268744]:[32merror al intentar registrar el producto 
 [35m[2024-04-11 18:28:38.268990]:[32mFinalizada la ejecucion de registros de productos 
 [35m[2024-04-11 18:28:38.269466]:[32mDesconexión exitosa de la base de datos
 [35m[2024-04-11 18:28:38.835374]:[32mConexión exitosa a la base de datos
 [35m[2024-04-11 18:28:39.081130]:[32m[0;31m werrror al leeer los pagos de l dia  
 [35m[2024-04-11 18:28:39.081231]:[32merror al intentar registrar el producto 
 [35m[2024-04-11 18:28:39.081304]:[32mFinalizada la ejecucion de registros de productos 
 [35m[2024-04-11 18:28:39.081560]:[32mDesconexión exitosa de la base de datos
 [35m[2024-04-11 18:28:39.650849]:[32mConexión exitosa a la base de datos
 [35m[2024-04-11 18:28:39.890049]:[32m[0;31m Error al leer vnetas por producto  
 [35m[2024-04-11 18:28:39.890550]:[32merror al leer las ventas por producto  
 [35m[2024-04-11 18:28:39.890982]:[32mFinalizada la ejecucion de registros de productos 
 [35m[2024-04-11 18:28:39.892300]:[32mDesconexión exitosa de la base de datos
 [35m[2024-04-11 18:28:40.460746]:[32mConexión exitosa a la base de datos
 [35m[2024-04-11 18:28:40.622276]:[32mse ecncontraron (17) deudas  en la sede jalisco .....!
 [35m[2024-04-11 18:28:40.622558]:[32mDesconexión exitosa de la base de datos
 [35m[2024-04-11 18:28:40.622896]:[32mconsulta de dedudas realizada de manera correcta
 [35m[2024-04-11 18:28:41.193029]:[32mConexión exitosa a la base de datos
 [35m[2024-04-11 18:28:41.431600]:[32m[0;31m errror al extraer los pedidos del dia   
 [35m[2024-04-11 18:28:41.432007]:[32merror al extraer los pedidos del dia  
 [35m[2024-04-11 18:28:41.432329]:[32mFinalizada la ejecucion de registros de productos 
 [35m[2024-04-11 18:28:41.433210]:[32mDesconexión exitosa de la base de datos
 [35m[2024-04-11 18:28:41.999229]:[32mConexión exitosa a la base de datos
 [35m[2024-04-11 18:28:42.244797]:[32m detalles de wallet disponibles extraidos con exito 
 [35m[2024-04-11 18:28:42.244981]:[32mFinalizada la ejecucion de registros de productos 
 [35m[2024-04-11 18:28:42.245246]:[32mDesconexión exitosa de la base de datos
 [35m[2024-04-11 18:28:42.813101]:[32mConexión exitosa a la base de datos
 [35m[2024-04-11 18:28:43.053113]:[32mlectura de ordenes por pagar historicas realizada de maenra satisfactoria 
 [35m[2024-04-11 18:28:43.053281]:[32mFinalizada la ejecucion de registros de productos 
 [35m[2024-04-11 18:28:43.053628]:[32mDesconexión exitosa de la base de datos
 [35m[2024-04-11 18:28:43.621284]:[32mConexión exitosa a la base de datos
 [35m[2024-04-11 18:28:43.863954]:[32m[0;33m se leyeron las ordnes pero on encontramos ninguna  
 [35m[2024-04-11 18:28:43.864090]:[32m{self.NOTE} Las ordnes se leyeron de manera correctapero no conseguimos nada ...  
 [35m[2024-04-11 18:28:43.864197]:[32mFinalizada la ejecucion de registros de productos 
 [35m[2024-04-11 18:28:43.864508]:[32mDesconexión exitosa de la base de datos
 [35m[2024-04-11 18:28:44.439198]:[32mConexión exitosa a la base de datos
 [35m[2024-04-11 18:28:44.679755]:[32mregistro de pruntos  extraidos de manera correcta de manera correcta
 [35m[2024-04-11 18:28:44.679920]:[32mFinalizada la ejecucion de registros de productos 
 [35m[2024-04-11 18:28:44.680358]:[32mDesconexión exitosa de la base de datos
 [35m[2024-04-11 18:28:44.680709]:[32mConexión exitosa a la base de datos
 [35m[2024-04-11 18:28:44.681125]:[32mlectura de acciones heca de manera correcta
 [35m[2024-04-11 18:28:44.681281]:[32mDesconexión exitosa de la base de datos
 [35m[2024-04-11 18:28:45.246961]:[32mConexión exitosa a la base de datos
 [35m[2024-04-11 18:28:45.487838]:[32m[0;31m Error al leer el inventario 
 [35m[2024-04-11 18:28:45.487930]:[32merror al intentar registrar el producto 
 [35m[2024-04-11 18:28:45.487994]:[32mFinalizada la ejecucion de registros de productos 
 [35m[2024-04-11 18:28:45.488338]:[32mDesconexión exitosa de la base de datos
 [35m[2024-04-11 18:28:45.488726]:[32mHilos creados ....
 [35m[2024-04-11 18:28:45.490278]:[32mYa arrancaron los hilos
 [35m[2024-04-11 18:28:45.502654]:[32mYA cunminaron los hilos ........... 
 [35m[2024-04-11 18:28:45.502819]:[32mreporte de inventario generado con exito
 [35m[2024-04-11 18:28:45.502889]:[32mfinalizado el reporte de inventario de la sede jalisco
 [35m[2024-04-11 18:30:26.153691]:[32mConexión exitosa a la base de datos
 [35m[2024-04-11 18:30:26.394653]:[32mBusqueda de producto de la categoria  (oficinas) se encontraron (30) coincidencias
 [35m[2024-04-11 18:30:26.395417]:[32mDesconexión exitosa de la base de datos
 [35m[2024-04-11 18:30:26.395708]:[32mFinalizada la busqueda de productos por categoria 
 [35m[2024-04-11 18:30:26.984518]:[32mConexión exitosa a la base de datos
 [35m[2024-04-11 18:30:27.145862]:[32mConsulta de saldo exitosa del cliente (0) su saldo es 0
 [35m[2024-04-11 18:30:27.146580]:[32mDesconexión exitosa de la base de datos
 [35m[2024-04-11 18:30:27.726944]:[32mConexión exitosa a la base de datos
 [35m[2024-04-11 18:30:27.966935]:[32mBusqueda de producto de la categoria  (oficinas) se encontraron (30) coincidencias
 [35m[2024-04-11 18:30:27.967249]:[32mDesconexión exitosa de la base de datos
 [35m[2024-04-11 18:30:27.967359]:[32mFinalizada la busqueda de productos por categoria 
 [35m[2024-04-11 18:30:28.587906]:[32mConexión exitosa a la base de datos
 [35m[2024-04-11 18:30:28.746562]:[32mConsulta de saldo exitosa del cliente (0) su saldo es 0
 [35m[2024-04-11 18:30:28.746861]:[32mDesconexión exitosa de la base de datos
 [35m[2024-04-11 18:30:45.535908]:[32mConexión exitosa a la base de datos
 [35m[2024-04-11 18:30:45.694910]:[32mtoken validado con exito!!!
 [35m[2024-04-11 18:30:45.695205]:[32mDesconexión exitosa de la base de datos
 [35m[2024-04-11 18:30:46.259489]:[32mConexión exitosa a la base de datos
 [35m[2024-04-11 18:30:46.419740]:[32mBusqueda del cliente [jose aponte] realizada con exito s eencotraron 1 coincidencas
 [35m[2024-04-11 18:30:46.420188]:[32mDesconexión exitosa de la base de datos
 [35m[2024-04-11 18:30:50.024404]:[32mConexión exitosa a la base de datos
 [35m[2024-04-11 18:30:50.185470]:[32mConsulta de saldo exitosa del cliente (1364) su saldo es 12.5
 [35m[2024-04-11 18:30:50.185778]:[32mDesconexión exitosa de la base de datos
 [35m[2024-04-11 18:30:53.477322]:[32mConexión exitosa a la base de datos
 [35m[2024-04-11 18:30:53.721535]:[32mBusqueda de producto de la categoria  (sala) se encontraron (46) coincidencias
 [35m[2024-04-11 18:30:53.721828]:[32mDesconexión exitosa de la base de datos
 [35m[2024-04-11 18:30:53.721946]:[32mFinalizada la busqueda de productos por categoria 
 [35m[2024-04-11 18:31:18.464331]:[32mConexión exitosa a la base de datos
 [35m[2024-04-11 18:31:18.464593]:[32m[0;33morden cargada como cargo a cuenyta 
 [35m[2024-04-11 18:31:19.369599]:[32mConexión exitosa a la base de datos
 [35m[2024-04-11 18:31:19.726515]:[32mPedido creado de manera exitosa :[idOrden=1712874677.8863628 idProducto=95 cantidad=2 total=60.0]
 [35m[2024-04-11 18:31:19.726795]:[32mDesconexión exitosa de la base de datos
 [35m[2024-04-11 18:31:20.305036]:[32mConexión exitosa a la base de datos
 [35m[2024-04-11 18:31:20.555928]:[32mPedido creado de manera exitosa :[idOrden=1712874677.8863628 idProducto=187 cantidad=1 total=15.0]
 [35m[2024-04-11 18:31:20.556591]:[32mDesconexión exitosa de la base de datos
 [35m[2024-04-11 18:31:20.556781]:[32mpedidos registrado con exito 
 [35m[2024-04-11 18:31:20.556968]:[32mfinalizada el registro de multiples pedidos 
 [35m[2024-04-11 18:31:20.557075]:[32mOrden_espacios creada de manera exitosa con el id:[1712874677.8863628]
 [35m[2024-04-11 18:31:20.557401]:[32mDesconexión exitosa de la base de datos
 [35m[2024-04-11 18:31:22.339901]:[32mConexión exitosa a la base de datos
 [35m[2024-04-11 18:31:22.499186]:[32mConsulta de saldo exitosa del cliente (0) su saldo es 0
 [35m[2024-04-11 18:31:22.499847]:[32mDesconexión exitosa de la base de datos
 [35m[2024-04-11 18:31:26.115104]:[32mConexión exitosa a la base de datos
 [35m[2024-04-11 18:31:26.279346]:[32mordenes de la sede jalisco extraida con exito 
 [35m[2024-04-11 18:31:26.279706]:[32mFinalida la lectura de las ordenes de la sede {sede}
 [35m[2024-04-11 18:31:26.280499]:[32mDesconexión exitosa de la base de datos
 [35m[2024-04-11 18:31:26.856993]:[32mConexión exitosa a la base de datos
 [35m[2024-04-11 18:31:27.021291]:[32mordenes de la sede jalisco extraida con exito 
 [35m[2024-04-11 18:31:27.022629]:[32mFinalida la lectura de las ordenes de la sede {sede}
 [35m[2024-04-11 18:31:27.024139]:[32mDesconexión exitosa de la base de datos
 [35m[2024-04-11 19:42:23.435217]:[32mConexión exitosa a la base de datos
 [35m[2024-04-11 19:42:23.676285]:[32mBusqueda de producto de la categoria  (oficinas) se encontraron (30) coincidencias
 [35m[2024-04-11 19:42:23.676605]:[32mDesconexión exitosa de la base de datos
 [35m[2024-04-11 19:42:23.676701]:[32mFinalizada la busqueda de productos por categoria 
 [35m[2024-04-11 19:42:24.258741]:[32mConexión exitosa a la base de datos
 [35m[2024-04-11 19:42:24.422199]:[32mConsulta de saldo exitosa del cliente (0) su saldo es 0
 [35m[2024-04-11 19:42:24.422493]:[32mDesconexión exitosa de la base de datos
 [35m[2024-04-11 19:42:24.988706]:[32mConexión exitosa a la base de datos
 [35m[2024-04-11 19:42:25.229262]:[32mBusqueda de producto de la categoria  (oficinas) se encontraron (30) coincidencias
 [35m[2024-04-11 19:42:25.229556]:[32mDesconexión exitosa de la base de datos
 [35m[2024-04-11 19:42:25.229648]:[32mFinalizada la busqueda de productos por categoria 
 [35m[2024-04-11 19:42:25.863448]:[32mConexión exitosa a la base de datos
 [35m[2024-04-11 19:42:26.022248]:[32mConsulta de saldo exitosa del cliente (0) su saldo es 0
 [35m[2024-04-11 19:42:26.022523]:[32mDesconexión exitosa de la base de datos
 [35m[2024-04-11 19:42:55.114854]:[32mConexión exitosa a la base de datos
 [35m[2024-04-11 19:42:55.275330]:[32mtoken validado con exito!!!
 [35m[2024-04-11 19:42:55.276063]:[32mDesconexión exitosa de la base de datos
 [35m[2024-04-11 19:42:55.839192]:[32mConexión exitosa a la base de datos
 [35m[2024-04-11 19:42:55.999697]:[32mBusqueda del cliente [antonio ad] realizada con exito s eencotraron 1 coincidencas
 [35m[2024-04-11 19:42:56.000015]:[32mDesconexión exitosa de la base de datos
 [35m[2024-04-11 19:42:58.192413]:[32mConexión exitosa a la base de datos
 [35m[2024-04-11 19:42:58.351231]:[32mConsulta de saldo exitosa del cliente (1300) su saldo es 0
 [35m[2024-04-11 19:42:58.351708]:[32mDesconexión exitosa de la base de datos
 [35m[2024-04-11 19:43:08.934532]:[32mConexión exitosa a la base de datos
 [35m[2024-04-11 19:43:09.322853]:[32mBusqueda de producto de la categoria  (daypass) se encontraron (11) coincidencias
 [35m[2024-04-11 19:43:09.323250]:[32mDesconexión exitosa de la base de datos
 [35m[2024-04-11 19:43:09.323375]:[32mFinalizada la busqueda de productos por categoria 
 [35m[2024-04-11 19:43:33.835663]:[32mConexión exitosa a la base de datos
 [35m[2024-04-11 19:43:33.835773]:[32m[0;33morden cargada como cargo a cuenyta 
 [35m[2024-04-11 19:43:34.797871]:[32mConexión exitosa a la base de datos
 [35m[2024-04-11 19:43:35.054364]:[32mPedido creado de manera exitosa :[idOrden=1712879013.2700634 idProducto=130 cantidad=1 total=20.0]
 [35m[2024-04-11 19:43:35.054846]:[32mDesconexión exitosa de la base de datos
 [35m[2024-04-11 19:43:35.055022]:[32mpedidos registrado con exito 
 [35m[2024-04-11 19:43:35.055136]:[32mfinalizada el registro de multiples pedidos 
 [35m[2024-04-11 19:43:35.055256]:[32mOrden_espacios creada de manera exitosa con el id:[1712879013.2700634]
 [35m[2024-04-11 19:43:35.056225]:[32mDesconexión exitosa de la base de datos
 [35m[2024-04-11 19:43:37.838245]:[32mConexión exitosa a la base de datos
 [35m[2024-04-11 19:43:37.997148]:[32mConsulta de saldo exitosa del cliente (0) su saldo es 0
 [35m[2024-04-11 19:43:37.997707]:[32mDesconexión exitosa de la base de datos
 [35m[2024-04-11 19:43:40.707025]:[32mConexión exitosa a la base de datos
 [35m[2024-04-11 19:43:40.872020]:[32mordenes de la sede jalisco extraida con exito 
 [35m[2024-04-11 19:43:40.872413]:[32mFinalida la lectura de las ordenes de la sede {sede}
 [35m[2024-04-11 19:43:40.873396]:[32mDesconexión exitosa de la base de datos
 [35m[2024-04-11 19:43:41.521561]:[32mConexión exitosa a la base de datos
 [35m[2024-04-11 19:43:41.682569]:[32mordenes de la sede jalisco extraida con exito 
 [35m[2024-04-11 19:43:41.682744]:[32mFinalida la lectura de las ordenes de la sede {sede}
 [35m[2024-04-11 19:43:41.683148]:[32mDesconexión exitosa de la base de datos
 [35m[2024-04-11 19:43:54.685521]:[32mConexión exitosa a la base de datos
 [35m[2024-04-11 19:43:54.844299]:[32mtoken validado con exito!!!
 [35m[2024-04-11 19:43:54.844729]:[32mDesconexión exitosa de la base de datos
 [35m[2024-04-11 19:43:55.464129]:[32mConexión exitosa a la base de datos
 [35m[2024-04-11 19:43:55.625860]:[32mBusqueda del cliente [antonio adolfo] realizada con exito s eencotraron 1 coincidencas
 [35m[2024-04-11 19:43:55.626728]:[32mDesconexión exitosa de la base de datos
 [35m[2024-04-11 19:44:40.179735]:[32mConexión exitosa a la base de datos
 [35m[2024-04-11 19:44:40.187518]:[32mAccion registrada de manera exitosa con el id:[1712879080.178178]
 [35m[2024-04-11 19:44:40.187940]:[32mDesconexión exitosa de la base de datos
 [35m[2024-04-11 19:44:40.188139]:[32m[0;33m No tiene conexión abierta en estos momentos
 [35m[2024-04-11 19:44:40.760627]:[32mConexión exitosa a la base de datos
 [35m[2024-04-11 19:44:41.094931]:[32mla orden 1712879013.2700634  de espacios fue editada con exito
 [35m[2024-04-11 19:44:41.095077]:[32mFinalida la lectura de las ordenes de la sede {sede}
 [35m[2024-04-11 19:44:41.095322]:[32mDesconexión exitosa de la base de datos
 [35m[2024-04-11 19:44:43.411744]:[32mConexión exitosa a la base de datos
 [35m[2024-04-11 19:44:43.572123]:[32mtoken validado con exito!!!
 [35m[2024-04-11 19:44:43.572538]:[32mDesconexión exitosa de la base de datos
 [35m[2024-04-11 19:44:43.735543]:[32mConexión exitosa a la base de datos
 [35m[2024-04-11 19:44:43.897397]:[32mordenes de la sede jalisco extraida con exito 
 [35m[2024-04-11 19:44:43.897536]:[32mFinalida la lectura de las ordenes de la sede {sede}
 [35m[2024-04-11 19:44:43.897761]:[32mDesconexión exitosa de la base de datos
 [35m[2024-04-11 19:44:44.468557]:[32mConexión exitosa a la base de datos
 [35m[2024-04-11 19:44:44.709271]:[32mBusqueda de plan de cuentas en la sede jalisco se encontraron (11) coincidencias
 [35m[2024-04-11 19:44:44.709981]:[32mDesconexión exitosa de la base de datos
 [35m[2024-04-11 19:44:44.710474]:[32mFinalizada la ejecucion de registros de productos 
 [35m[2024-04-11 19:44:45.288210]:[32mConexión exitosa a la base de datos
 [35m[2024-04-11 19:44:45.449996]:[32mordenes de la sede jalisco extraida con exito 
 [35m[2024-04-11 19:44:45.450186]:[32mFinalida la lectura de las ordenes de la sede {sede}
 [35m[2024-04-11 19:44:45.450653]:[32mDesconexión exitosa de la base de datos
 [35m[2024-04-11 19:44:46.046476]:[32mConexión exitosa a la base de datos
 [35m[2024-04-11 19:44:46.205901]:[32mtoken validado con exito!!!
 [35m[2024-04-11 19:44:46.206213]:[32mDesconexión exitosa de la base de datos
 [35m[2024-04-11 19:44:46.777466]:[32mConexión exitosa a la base de datos
 [35m[2024-04-11 19:44:47.016446]:[32mBusqueda de plan de cuentas en la sede jalisco se encontraron (11) coincidencias
 [35m[2024-04-11 19:44:47.016714]:[32mDesconexión exitosa de la base de datos
 [35m[2024-04-11 19:44:47.016820]:[32mFinalizada la ejecucion de registros de productos 
 [35m[2024-04-11 19:45:03.584697]:[32mConexión exitosa a la base de datos
 [35m[2024-04-11 19:45:03.825615]:[32mBusqueda de producto de la categoria  (oficinas) se encontraron (30) coincidencias
 [35m[2024-04-11 19:45:03.826558]:[32mDesconexión exitosa de la base de datos
 [35m[2024-04-11 19:45:03.826959]:[32mFinalizada la busqueda de productos por categoria 
 [35m[2024-04-11 19:45:04.411094]:[32mConexión exitosa a la base de datos
 [35m[2024-04-11 19:45:04.571828]:[32mConsulta de saldo exitosa del cliente (0) su saldo es 0
 [35m[2024-04-11 19:45:04.573930]:[32mDesconexión exitosa de la base de datos
 [35m[2024-04-11 19:45:05.160535]:[32mConexión exitosa a la base de datos
 [35m[2024-04-11 19:45:05.400383]:[32mBusqueda de producto de la categoria  (oficinas) se encontraron (30) coincidencias
 [35m[2024-04-11 19:45:05.400966]:[32mDesconexión exitosa de la base de datos
 [35m[2024-04-11 19:45:05.401213]:[32mFinalizada la busqueda de productos por categoria 
 [35m[2024-04-11 19:45:06.031005]:[32mConexión exitosa a la base de datos
 [35m[2024-04-11 19:45:06.189295]:[32mConsulta de saldo exitosa del cliente (0) su saldo es 0
 [35m[2024-04-11 19:45:06.189825]:[32mDesconexión exitosa de la base de datos
 [35m[2024-04-11 19:45:07.847156]:[32mConexión exitosa a la base de datos
 [35m[2024-04-11 19:45:08.009917]:[32mse ecncontraron (18) deudas  en la sede jalisco .....!
 [35m[2024-04-11 19:45:08.010227]:[32mDesconexión exitosa de la base de datos
 [35m[2024-04-11 19:45:08.620688]:[32mConexión exitosa a la base de datos
 [35m[2024-04-11 19:45:08.781986]:[32mse ecncontraron (18) deudas  en la sede jalisco .....!
 [35m[2024-04-11 19:45:08.782327]:[32mDesconexión exitosa de la base de datos
 [35m[2024-04-11 19:45:12.652375]:[32mConexión exitosa a la base de datos
 [35m[2024-04-11 19:45:12.813426]:[32mAbono registrado con exito!!! detail 
 [35m[2024-04-11 19:45:12.813701]:[32mDesconexión exitosa de la base de datos
 [35m[2024-04-11 19:45:13.396007]:[32mConexión exitosa a la base de datos
 [35m[2024-04-11 19:45:13.442846]:[32mConexión exitosa a la base de datos
 [35m[2024-04-11 19:45:13.472182]:[32mConexión exitosa a la base de datos
 [35m[2024-04-11 19:45:13.555146]:[32mtoken validado con exito!!!
 [35m[2024-04-11 19:45:13.555386]:[32mDesconexión exitosa de la base de datos
 [35m[2024-04-11 19:45:13.601913]:[32mtoken validado con exito!!!
 [35m[2024-04-11 19:45:13.602160]:[32mDesconexión exitosa de la base de datos
 [35m[2024-04-11 19:45:13.632792]:[32mse ecncontraron (1) de pedidos  en la sede jalisco del cliente 1300 .....!
 [35m[2024-04-11 19:45:13.633191]:[32mDesconexión exitosa de la base de datos
 [35m[2024-04-11 19:45:14.198281]:[32mConexión exitosa a la base de datos
 [35m[2024-04-11 19:45:14.437396]:[32mBusqueda de plan de cuentas en la sede jalisco se encontraron (11) coincidencias
 [35m[2024-04-11 19:45:14.437937]:[32mDesconexión exitosa de la base de datos
 [35m[2024-04-11 19:45:14.438106]:[32mFinalizada la ejecucion de registros de productos 
 [35m[2024-04-11 19:45:15.042605]:[32mConexión exitosa a la base de datos
 [35m[2024-04-11 19:45:15.290970]:[32mconsulta de ultima tasa Dollar BCV  realizada con exito 
 [35m[2024-04-11 19:45:15.291246]:[32mDesconexión exitosa de la base de datos
 [35m[2024-04-11 19:45:15.291331]:[32mFinalizada la ejecucion de registros de productos 
 [35m[2024-04-11 19:45:15.875566]:[32mConexión exitosa a la base de datos
 [35m[2024-04-11 19:45:16.036876]:[32mAbono registrado con exito!!! detail 
 [35m[2024-04-11 19:45:16.037890]:[32mDesconexión exitosa de la base de datos
 [35m[2024-04-11 19:45:16.627084]:[32mConexión exitosa a la base de datos
 [35m[2024-04-11 19:45:16.646638]:[32mConexión exitosa a la base de datos
 [35m[2024-04-11 19:45:16.654896]:[32mConexión exitosa a la base de datos
 [35m[2024-04-11 19:45:16.786004]:[32mtoken validado con exito!!!
 [35m[2024-04-11 19:45:16.786477]:[32mDesconexión exitosa de la base de datos
 [35m[2024-04-11 19:45:16.805734]:[32mtoken validado con exito!!!
 [35m[2024-04-11 19:45:16.806029]:[32mDesconexión exitosa de la base de datos
 [35m[2024-04-11 19:45:16.816321]:[32mse ecncontraron (1) de pedidos  en la sede jalisco del cliente 1300 .....!
 [35m[2024-04-11 19:45:16.816595]:[32mDesconexión exitosa de la base de datos
 [35m[2024-04-11 19:45:17.397263]:[32mConexión exitosa a la base de datos
 [35m[2024-04-11 19:45:17.636052]:[32mBusqueda de plan de cuentas en la sede jalisco se encontraron (11) coincidencias
 [35m[2024-04-11 19:45:17.636607]:[32mDesconexión exitosa de la base de datos
 [35m[2024-04-11 19:45:17.636798]:[32mFinalizada la ejecucion de registros de productos 
 [35m[2024-04-11 19:45:18.203377]:[32mConexión exitosa a la base de datos
 [35m[2024-04-11 19:45:18.442634]:[32mconsulta de ultima tasa Dollar BCV  realizada con exito 
 [35m[2024-04-11 19:45:18.442901]:[32mDesconexión exitosa de la base de datos
 [35m[2024-04-11 19:45:18.443026]:[32mFinalizada la ejecucion de registros de productos 
 [35m[2024-04-11 19:46:22.126237]:[32mConexión exitosa a la base de datos
 [35m[2024-04-11 19:46:22.692349]:[32mConexión exitosa a la base de datos
 [35m[2024-04-11 19:46:23.085690]:[32mpago regiustrado de manera satisfactoira 1712879182.6924982
 [35m[2024-04-11 19:46:23.086759]:[32mDesconexión exitosa de la base de datos
 [35m[2024-04-11 19:46:23.087350]:[32mfinalizado el registro del pago 1712879182.6924982
 [35m[2024-04-11 19:46:23.656185]:[32mConexión exitosa a la base de datos
 [35m[2024-04-11 19:46:23.913356]:[32mAbono registrado con exito!!! detail [id=1712879183.0875049 idCliente=1300 idPago='1712879182.6924982' status='APLICADO' monto=-0.0 sede='jalisco']
 [35m[2024-04-11 19:46:23.914476]:[32mDesconexión exitosa de la base de datos
 [35m[2024-04-11 19:46:24.480461]:[32mConexión exitosa a la base de datos
 [35m[2024-04-11 19:46:24.826707]:[32mrecarga  de wallet realizado de manera correcta (id=1712879183.9150047 idcliente=1300 monto=0.0 idpago='1712879182.6924982' status='aplicado') 
 [35m[2024-04-11 19:46:24.827249]:[32mDesconexión exitosa de la base de datos
 [35m[2024-04-11 19:46:25.400381]:[32mConexión exitosa a la base de datos
 [35m[2024-04-11 19:46:25.748167]:[32mse ecncontraron (1) de pedidos  en la sede jalisco del cliente 1300 .....!
 [35m[2024-04-11 19:46:25.748720]:[32mDesconexión exitosa de la base de datos
 [35m[2024-04-11 19:46:25.749152]:[32mexito al cancelar ls ordenes de los clientes
 [35m[2024-04-11 19:46:25.749306]:[32m[0;33mno tiene conexion aperturada en estos monetos 
 [35m[2024-04-11 19:46:31.569180]:[32mConexión exitosa a la base de datos
 [35m[2024-04-11 19:46:31.729987]:[32mAbono registrado con exito!!! detail 
 [35m[2024-04-11 19:46:31.730368]:[32mDesconexión exitosa de la base de datos
 [35m[2024-04-11 19:46:33.013383]:[32mConexión exitosa a la base de datos
 [35m[2024-04-11 19:46:33.172744]:[32mtoken validado con exito!!!
 [35m[2024-04-11 19:46:33.173039]:[32mDesconexión exitosa de la base de datos
 [35m[2024-04-11 19:46:33.371721]:[32mConexión exitosa a la base de datos
 [35m[2024-04-11 19:46:33.536857]:[32mse ecncontraron (17) deudas  en la sede jalisco .....!
 [35m[2024-04-11 19:46:33.537650]:[32mDesconexión exitosa de la base de datos
 [35m[2024-04-11 19:46:34.133760]:[32mConexión exitosa a la base de datos
 [35m[2024-04-11 19:46:34.373197]:[32mBusqueda de plan de cuentas en la sede jalisco se encontraron (11) coincidencias
 [35m[2024-04-11 19:46:34.374148]:[32mDesconexión exitosa de la base de datos
 [35m[2024-04-11 19:46:34.374886]:[32mFinalizada la ejecucion de registros de productos 
 [35m[2024-04-11 19:46:34.949714]:[32mConexión exitosa a la base de datos
 [35m[2024-04-11 19:46:35.112035]:[32mse ecncontraron (17) deudas  en la sede jalisco .....!
 [35m[2024-04-11 19:46:35.112547]:[32mDesconexión exitosa de la base de datos
 [35m[2024-04-11 19:46:35.676587]:[32mConexión exitosa a la base de datos
 [35m[2024-04-11 19:46:35.835205]:[32mtoken validado con exito!!!
 [35m[2024-04-11 19:46:35.835965]:[32mDesconexión exitosa de la base de datos
 [35m[2024-04-11 19:46:36.403376]:[32mConexión exitosa a la base de datos
 [35m[2024-04-11 19:46:36.644323]:[32mBusqueda de plan de cuentas en la sede jalisco se encontraron (11) coincidencias
 [35m[2024-04-11 19:46:36.645146]:[32mDesconexión exitosa de la base de datos
 [35m[2024-04-11 19:46:36.645477]:[32mFinalizada la ejecucion de registros de productos 
 [35m[2024-04-11 19:46:40.837954]:[32mConexión exitosa a la base de datos
 [35m[2024-04-11 19:46:41.085071]:[32mleyendo todos  los pagos  de la sede jalisco se encontraron 100 pagos registrados  !!
 [35m[2024-04-11 19:46:41.085865]:[32mDesconexión exitosa de la base de datos
 [35m[2024-04-11 19:46:41.719018]:[32mConexión exitosa a la base de datos
 [35m[2024-04-11 19:46:41.969987]:[32mleyendo todos  los pagos  de la sede jalisco se encontraron 100 pagos registrados  !!
 [35m[2024-04-11 19:46:41.970252]:[32mDesconexión exitosa de la base de datos
 [35m[2024-04-11 19:46:58.021329]:[32mConexión exitosa a la base de datos
 [35m[2024-04-11 19:46:58.038523]:[32mAccion registrada de manera exitosa con el id:[1712879218.0203917]
 [35m[2024-04-11 19:46:58.039289]:[32mDesconexión exitosa de la base de datos
 [35m[2024-04-11 19:46:58.039786]:[32m[0;33m No tiene conexión abierta en estos momentos
 [35m[2024-04-11 19:46:58.626446]:[32mConexión exitosa a la base de datos
 [35m[2024-04-11 19:46:58.926515]:[32mexito al actualizar el pago #[1712879182.6924982]
 [35m[2024-04-11 19:46:58.927623]:[32mDesconexión exitosa de la base de datos
 [35m[2024-04-11 19:46:58.927967]:[32m ha finalizado la ejecucion de la ediccion de pagos 
 [35m[2024-04-11 19:47:22.412873]:[32mConexión exitosa a la base de datos
 [35m[2024-04-11 19:47:22.571475]:[32mtoken validado con exito!!!
 [35m[2024-04-11 19:47:22.571774]:[32mDesconexión exitosa de la base de datos
 [35m[2024-04-11 19:47:22.760264]:[32mConexión exitosa a la base de datos
 [35m[2024-04-11 19:47:23.014809]:[32mleyendo todos  los pagos  de la sede jalisco se encontraron 100 pagos registrados  !!
 [35m[2024-04-11 19:47:23.015170]:[32mDesconexión exitosa de la base de datos
 [35m[2024-04-11 19:47:23.620442]:[32mConexión exitosa a la base de datos
 [35m[2024-04-11 19:47:23.858894]:[32mBusqueda de plan de cuentas en la sede jalisco se encontraron (11) coincidencias
 [35m[2024-04-11 19:47:23.859214]:[32mDesconexión exitosa de la base de datos
 [35m[2024-04-11 19:47:23.859303]:[32mFinalizada la ejecucion de registros de productos 
 [35m[2024-04-11 19:47:24.432424]:[32mConexión exitosa a la base de datos
 [35m[2024-04-11 19:47:24.682650]:[32mleyendo todos  los pagos  de la sede jalisco se encontraron 100 pagos registrados  !!
 [35m[2024-04-11 19:47:24.684222]:[32mDesconexión exitosa de la base de datos
 [35m[2024-04-11 19:47:25.274597]:[32mConexión exitosa a la base de datos
 [35m[2024-04-11 19:47:25.434171]:[32mtoken validado con exito!!!
 [35m[2024-04-11 19:47:25.434484]:[32mDesconexión exitosa de la base de datos
 [35m[2024-04-11 19:47:26.002132]:[32mConexión exitosa a la base de datos
 [35m[2024-04-11 19:47:26.245365]:[32mBusqueda de plan de cuentas en la sede jalisco se encontraron (11) coincidencias
 [35m[2024-04-11 19:47:26.245765]:[32mDesconexión exitosa de la base de datos
 [35m[2024-04-11 19:47:26.245869]:[32mFinalizada la ejecucion de registros de productos 
 [35m[2024-04-11 19:48:24.397121]:[32mConexión exitosa a la base de datos
 [35m[2024-04-11 19:48:24.639451]:[32mOrdnees del dia abiertas extraidas con exito
 [35m[2024-04-11 19:48:24.639572]:[32mFinalizada la ejecucion de registros de productos 
 [35m[2024-04-11 19:48:24.639877]:[32mDesconexión exitosa de la base de datos
 [35m[2024-04-11 19:48:25.205387]:[32mConexión exitosa a la base de datos
 [35m[2024-04-11 19:48:25.452636]:[32mPagos extraida de manera correcta
 [35m[2024-04-11 19:48:25.452751]:[32mFinalizada la ejecucion de registros de productos 
 [35m[2024-04-11 19:48:25.453003]:[32mDesconexión exitosa de la base de datos
 [35m[2024-04-11 19:48:26.034794]:[32mConexión exitosa a la base de datos
 [35m[2024-04-11 19:48:26.275143]:[32mlectura de ventas por productos diarias realizado con exito
 [35m[2024-04-11 19:48:26.275277]:[32mFinalizada la ejecucion de registros de productos 
 [35m[2024-04-11 19:48:26.275568]:[32mDesconexión exitosa de la base de datos
 [35m[2024-04-11 19:48:26.860923]:[32mConexión exitosa a la base de datos
 [35m[2024-04-11 19:48:27.024066]:[32mse ecncontraron (35) deudas  en la sede jalisco .....!
 [35m[2024-04-11 19:48:27.024426]:[32mDesconexión exitosa de la base de datos
 [35m[2024-04-11 19:48:27.025144]:[32mconsulta de dedudas realizada de manera correcta
 [35m[2024-04-11 19:48:27.600488]:[32mConexión exitosa a la base de datos
 [35m[2024-04-11 19:48:27.939719]:[32m detalles de pedidos extraidos de manera correcta 
 [35m[2024-04-11 19:48:27.939894]:[32mFinalizada la ejecucion de registros de productos 
 [35m[2024-04-11 19:48:27.940249]:[32mDesconexión exitosa de la base de datos
 [35m[2024-04-11 19:48:28.508035]:[32mConexión exitosa a la base de datos
 [35m[2024-04-11 19:48:28.750568]:[32m detalles de wallet disponibles extraidos con exito 
 [35m[2024-04-11 19:48:28.750746]:[32mFinalizada la ejecucion de registros de productos 
 [35m[2024-04-11 19:48:28.751184]:[32mDesconexión exitosa de la base de datos
 [35m[2024-04-11 19:48:29.332000]:[32mConexión exitosa a la base de datos
 [35m[2024-04-11 19:48:29.572828]:[32mlectura de ordenes por pagar historicas realizada de maenra satisfactoria 
 [35m[2024-04-11 19:48:29.572952]:[32mFinalizada la ejecucion de registros de productos 
 [35m[2024-04-11 19:48:29.573214]:[32mDesconexión exitosa de la base de datos
 [35m[2024-04-11 19:48:30.141447]:[32mConexión exitosa a la base de datos
 [35m[2024-04-11 19:48:30.382929]:[32mOrdnees del dia abiertas extraidas con exito
 [35m[2024-04-11 19:48:30.383248]:[32mFinalizada la ejecucion de registros de productos 
 [35m[2024-04-11 19:48:30.383845]:[32mDesconexión exitosa de la base de datos
 [35m[2024-04-11 19:48:30.951994]:[32mConexión exitosa a la base de datos
 [35m[2024-04-11 19:48:31.196267]:[32mregistro de pruntos  extraidos de manera correcta de manera correcta
 [35m[2024-04-11 19:48:31.196785]:[32mFinalizada la ejecucion de registros de productos 
 [35m[2024-04-11 19:48:31.197656]:[32mDesconexión exitosa de la base de datos
 [35m[2024-04-11 19:48:31.198621]:[32mConexión exitosa a la base de datos
 [35m[2024-04-11 19:48:31.200414]:[32mlectura de acciones heca de manera correcta
 [35m[2024-04-11 19:48:31.201184]:[32mDesconexión exitosa de la base de datos
 [35m[2024-04-11 19:48:31.207412]:[32mintegracion del core cierre Coffe Realizado con exito
 [35m[2024-04-11 19:48:31.771850]:[32mConexión exitosa a la base de datos
 [35m[2024-04-11 19:48:32.011744]:[32mOrdnees del dia abiertas extraidas con exito
 [35m[2024-04-11 19:48:32.011926]:[32mFinalizada la ejecucion de registros de productos 
 [35m[2024-04-11 19:48:32.012350]:[32mDesconexión exitosa de la base de datos
 [35m[2024-04-11 19:48:32.582317]:[32mConexión exitosa a la base de datos
 [35m[2024-04-11 19:48:32.824318]:[32mPagos extraida de manera correcta
 [35m[2024-04-11 19:48:32.824878]:[32mFinalizada la ejecucion de registros de productos 
 [35m[2024-04-11 19:48:32.825884]:[32mDesconexión exitosa de la base de datos
 [35m[2024-04-11 19:48:33.391402]:[32mConexión exitosa a la base de datos
 [35m[2024-04-11 19:48:33.635371]:[32mventas por p´roducvtos VAlidacion (1, Decimal('180.0'), 'SALA TARIFA PLANA 9-12')
 [35m[2024-04-11 19:48:33.635539]:[32mlectura de ventas por productos diarias realizado con exito
 [35m[2024-04-11 19:48:33.635650]:[32mFinalizada la ejecucion de registros de productos 
 [35m[2024-04-11 19:48:33.635885]:[32mDesconexión exitosa de la base de datos
 [35m[2024-04-11 19:48:34.203702]:[32mConexión exitosa a la base de datos
 [35m[2024-04-11 19:48:34.367078]:[32mse ecncontraron (17) deudas  en la sede jalisco .....!
 [35m[2024-04-11 19:48:34.367559]:[32mDesconexión exitosa de la base de datos
 [35m[2024-04-11 19:48:34.367977]:[32mconsulta de dedudas realizada de manera correcta
 [35m[2024-04-11 19:48:35.725428]:[32mConexión exitosa a la base de datos
 [35m[2024-04-11 19:48:35.965665]:[32m detalles de pedidos extraidos de manera correcta 
 [35m[2024-04-11 19:48:35.965807]:[32mFinalizada la ejecucion de registros de productos 
 [35m[2024-04-11 19:48:35.966213]:[32mDesconexión exitosa de la base de datos
 [35m[2024-04-11 19:48:36.530613]:[32mConexión exitosa a la base de datos
 [35m[2024-04-11 19:48:36.772991]:[32m detalles de wallet disponibles extraidos con exito 
 [35m[2024-04-11 19:48:36.773385]:[32mFinalizada la ejecucion de registros de productos 
 [35m[2024-04-11 19:48:36.774610]:[32mDesconexión exitosa de la base de datos
 [35m[2024-04-11 19:48:37.349118]:[32mConexión exitosa a la base de datos
 [35m[2024-04-11 19:48:37.590098]:[32mlectura de ordenes por pagar historicas realizada de maenra satisfactoria 
 [35m[2024-04-11 19:48:37.590202]:[32mFinalizada la ejecucion de registros de productos 
 [35m[2024-04-11 19:48:37.590468]:[32mDesconexión exitosa de la base de datos
 [35m[2024-04-11 19:48:38.163965]:[32mConexión exitosa a la base de datos
 [35m[2024-04-11 19:48:38.418996]:[32m[0;33m se leyeron las ordnes pero on encontramos ninguna  
 [35m[2024-04-11 19:48:38.419595]:[32m{self.NOTE} Las ordnes se leyeron de manera correctapero no conseguimos nada ...  
 [35m[2024-04-11 19:48:38.427531]:[32mFinalizada la ejecucion de registros de productos 
 [35m[2024-04-11 19:48:38.428641]:[32mDesconexión exitosa de la base de datos
 [35m[2024-04-11 19:48:38.999016]:[32mConexión exitosa a la base de datos
 [35m[2024-04-11 19:48:39.239417]:[32mregistro de pruntos  extraidos de manera correcta de manera correcta
 [35m[2024-04-11 19:48:39.239559]:[32mFinalizada la ejecucion de registros de productos 
 [35m[2024-04-11 19:48:39.239793]:[32mDesconexión exitosa de la base de datos
 [35m[2024-04-11 19:48:39.240044]:[32mConexión exitosa a la base de datos
 [35m[2024-04-11 19:48:39.240591]:[32mlectura de acciones heca de manera correcta
 [35m[2024-04-11 19:48:39.240769]:[32mDesconexión exitosa de la base de datos
 [35m[2024-04-11 19:48:39.241410]:[32mintegracion del core cierre espacios realizada con exito
 [35m[2024-04-11 19:48:39.243659]:[32mreporte unificado generado con exito
 [35m[2024-04-11 19:48:39.819710]:[32mConexión exitosa a la base de datos
 [35m[2024-04-11 19:48:40.061102]:[32mOrdnees del dia abiertas extraidas con exito
 [35m[2024-04-11 19:48:40.061509]:[32mFinalizada la ejecucion de registros de productos 
 [35m[2024-04-11 19:48:40.062673]:[32mDesconexión exitosa de la base de datos
 [35m[2024-04-11 19:48:40.645321]:[32mConexión exitosa a la base de datos
 [35m[2024-04-11 19:48:40.887794]:[32mPagos extraida de manera correcta
 [35m[2024-04-11 19:48:40.887951]:[32mFinalizada la ejecucion de registros de productos 
 [35m[2024-04-11 19:48:40.888191]:[32mDesconexión exitosa de la base de datos
 [35m[2024-04-11 19:48:41.456494]:[32mConexión exitosa a la base de datos
 [35m[2024-04-11 19:48:41.697552]:[32mlectura de ventas por productos diarias realizado con exito
 [35m[2024-04-11 19:48:41.698053]:[32mFinalizada la ejecucion de registros de productos 
 [35m[2024-04-11 19:48:41.699328]:[32mDesconexión exitosa de la base de datos
 [35m[2024-04-11 19:48:42.281611]:[32mConexión exitosa a la base de datos
 [35m[2024-04-11 19:48:42.442449]:[32mse ecncontraron (17) deudas  en la sede jalisco .....!
 [35m[2024-04-11 19:48:42.442720]:[32mDesconexión exitosa de la base de datos
 [35m[2024-04-11 19:48:42.443015]:[32mconsulta de dedudas realizada de manera correcta
 [35m[2024-04-11 19:48:43.009999]:[32mConexión exitosa a la base de datos
 [35m[2024-04-11 19:48:43.251285]:[32m detalles de pedidos extraidos de manera correcta 
 [35m[2024-04-11 19:48:43.251613]:[32mFinalizada la ejecucion de registros de productos 
 [35m[2024-04-11 19:48:43.252184]:[32mDesconexión exitosa de la base de datos
 [35m[2024-04-11 19:48:43.822826]:[32mConexión exitosa a la base de datos
 [35m[2024-04-11 19:48:44.066273]:[32m detalles de wallet disponibles extraidos con exito 
 [35m[2024-04-11 19:48:44.066704]:[32mFinalizada la ejecucion de registros de productos 
 [35m[2024-04-11 19:48:44.067318]:[32mDesconexión exitosa de la base de datos
 [35m[2024-04-11 19:48:44.639138]:[32mConexión exitosa a la base de datos
 [35m[2024-04-11 19:48:44.881548]:[32mlectura de ordenes por pagar historicas realizada de maenra satisfactoria 
 [35m[2024-04-11 19:48:44.881935]:[32mFinalizada la ejecucion de registros de productos 
 [35m[2024-04-11 19:48:44.882847]:[32mDesconexión exitosa de la base de datos
 [35m[2024-04-11 19:48:45.449023]:[32mConexión exitosa a la base de datos
 [35m[2024-04-11 19:48:45.691193]:[32mOrdnees del dia abiertas extraidas con exito
 [35m[2024-04-11 19:48:45.691289]:[32mFinalizada la ejecucion de registros de productos 
 [35m[2024-04-11 19:48:45.691507]:[32mDesconexión exitosa de la base de datos
 [35m[2024-04-11 19:48:46.261898]:[32mConexión exitosa a la base de datos
 [35m[2024-04-11 19:48:46.502043]:[32mregistro de pruntos  extraidos de manera correcta de manera correcta
 [35m[2024-04-11 19:48:46.502152]:[32mFinalizada la ejecucion de registros de productos 
 [35m[2024-04-11 19:48:46.502413]:[32mDesconexión exitosa de la base de datos
 [35m[2024-04-11 19:48:46.502662]:[32mConexión exitosa a la base de datos
 [35m[2024-04-11 19:48:46.503097]:[32mlectura de acciones heca de manera correcta
 [35m[2024-04-11 19:48:46.503249]:[32mDesconexión exitosa de la base de datos
 [35m[2024-04-11 19:48:47.070655]:[32mConexión exitosa a la base de datos
 [35m[2024-04-11 19:48:47.310605]:[32mOrdnees del dia abiertas extraidas con exito
 [35m[2024-04-11 19:48:47.311115]:[32mFinalizada la ejecucion de registros de productos 
 [35m[2024-04-11 19:48:47.312650]:[32mDesconexión exitosa de la base de datos
 [35m[2024-04-11 19:48:47.314285]:[32mHilos creados ....
 [35m[2024-04-11 19:48:47.319696]:[32mPUNTO DE VENTAesete
 [35m[2024-04-11 19:48:47.321179]:[32meste es 20.0
 [35m[2024-04-11 19:48:47.322924]:[32mYa arrancaron los hilos
 [35m[2024-04-11 19:48:47.325372]:[32mYA cunminaron los hilos ........... 
 [35m[2024-04-11 19:48:47.326102]:[32mreporte de inventario generado con exito
 [35m[2024-04-11 19:48:47.326479]:[32mfinalizado el reporte de inventario de la sede jalisco
