 [35m[2024-04-24 14:26:48.963563]:[32mnew implement IPagos
 [35m[2024-04-24 14:26:48.963745]:[32mnew implement IOrdenes
 [35m[2024-04-24 14:26:48.963818]:[32mnew implement IPagos
 [35m[2024-04-24 14:26:48.971470]:[32mnew implement IOrdenes
 [35m[2024-04-24 14:26:48.989020]:[32mnew implement IOrdenes
 [35m[2024-04-24 14:26:49.048786]:[32mnew implement IOrdenes
 [35m[2024-04-24 14:26:49.050381]:[32mnew implement IPagos
 [35m[2024-04-24 14:26:49.060406]:[32mnew implement IPagos
 [35m[2024-04-24 14:26:49.067190]:[32mnew implement IPagos
 [35m[2024-04-24 14:26:49.067277]:[32mnew implement IPagos
 [35m[2024-04-24 14:26:49.076389]:[32mnew implement IPagos
 [35m[2024-04-24 14:26:49.160694]:[32mnew implement IPagos
 [35m[2024-04-24 14:26:49.170549]:[32mnew implement IClientes
 [35m[2024-04-24 14:26:49.182646]:[32mnew implement IClientes
 [35m[2024-04-24 14:26:49.211236]:[32mnew implement IClientes
 [35m[2024-04-24 14:26:49.214433]:[32mnew implement IClientes
 [35m[2024-04-24 14:26:49.219928]:[32mnew implement IMectricCoffeshop
 [35m[2024-04-24 14:26:49.220029]:[32mnew implement IMectricCoffeshop
 [35m[2024-04-24 14:26:49.223789]:[32mnew implement IClientes
 [35m[2024-04-24 14:26:49.234847]:[32mnew implement IClientes
 [35m[2024-04-24 14:26:49.245194]:[32mnew implement IPagos
 [35m[2024-04-24 14:26:49.245289]:[32mnew implement IPagos
 [35m[2024-04-24 14:26:49.251517]:[32mnew implement IPagos
 [35m[2024-04-24 14:26:49.262346]:[32mnew implement IOrdenes
 [35m[2024-04-24 14:26:49.262443]:[32mnew implement IPagos
 [35m[2024-04-24 14:26:49.263413]:[32mnew implement IPagos
 [35m[2024-04-24 14:26:49.271266]:[32mnew implement IOrdenes
 [35m[2024-04-24 14:26:49.273642]:[32mnew implement IOrdenes
 [35m[2024-04-24 14:26:49.297682]:[32mnew implement IClientes
 [35m[2024-04-24 14:26:49.298030]:[32mnew implement IClientes
 [35m[2024-04-24 14:26:49.355574]:[32mnew implement IClientes
 [35m[2024-04-24 14:26:49.359700]:[32mnew implement IClientes
 [35m[2024-04-24 14:26:49.359796]:[32mnew implement IClientes
 [35m[2024-04-24 14:26:49.362448]:[32mnew implement IClientes
 [35m[2024-04-24 14:26:49.362538]:[32mnew implement IClientes
 [35m[2024-04-24 14:27:18.343278]:[32mConexión exitosa a la base de datos
 [35m[2024-04-24 14:27:18.401194]:[32mOrdnees del dia abiertas extraidas con exito
 [35m[2024-04-24 14:27:18.401337]:[32mFinalizada la ejecucion de registros de productos 
 [35m[2024-04-24 14:27:18.401687]:[32mDesconexión exitosa de la base de datos
 [35m[2024-04-24 14:27:18.521578]:[32mConexión exitosa a la base de datos
 [35m[2024-04-24 14:27:18.579526]:[32mPagos extraida de manera correcta
 [35m[2024-04-24 14:27:18.580373]:[32mFinalizada la ejecucion de registros de productos 
 [35m[2024-04-24 14:27:18.581175]:[32mDesconexión exitosa de la base de datos
 [35m[2024-04-24 14:27:18.730420]:[32mConexión exitosa a la base de datos
 [35m[2024-04-24 14:27:18.744802]:[32mlectura de ventas por productos diarias realizado con exito
 [35m[2024-04-24 14:27:18.744915]:[32mFinalizada la ejecucion de registros de productos 
 [35m[2024-04-24 14:27:18.745164]:[32mDesconexión exitosa de la base de datos
 [35m[2024-04-24 14:27:18.796603]:[32mConexión exitosa a la base de datos
 [35m[2024-04-24 14:27:18.818993]:[32mse ecncontraron (45) deudas  en la sede cfm .....!
 [35m[2024-04-24 14:27:18.819270]:[32mDesconexión exitosa de la base de datos
 [35m[2024-04-24 14:27:18.819791]:[32mconsulta de dedudas realizada de manera correcta
 [35m[2024-04-24 14:27:18.916541]:[32mConexión exitosa a la base de datos
 [35m[2024-04-24 14:27:18.938383]:[32m detalles de pedidos extraidos de manera correcta 
 [35m[2024-04-24 14:27:18.938484]:[32mFinalizada la ejecucion de registros de productos 
 [35m[2024-04-24 14:27:18.938713]:[32mDesconexión exitosa de la base de datos
 [35m[2024-04-24 14:27:19.037176]:[32mConexión exitosa a la base de datos
 [35m[2024-04-24 14:27:19.118104]:[32m detalles de wallet disponibles extraidos con exito 
 [35m[2024-04-24 14:27:19.118418]:[32mFinalizada la ejecucion de registros de productos 
 [35m[2024-04-24 14:27:19.119416]:[32mDesconexión exitosa de la base de datos
 [35m[2024-04-24 14:27:19.306889]:[32mConexión exitosa a la base de datos
 [35m[2024-04-24 14:27:19.432226]:[32mlectura de ordenes por pagar historicas realizada de maenra satisfactoria 
 [35m[2024-04-24 14:27:19.432341]:[32mFinalizada la ejecucion de registros de productos 
 [35m[2024-04-24 14:27:19.432668]:[32mDesconexión exitosa de la base de datos
 [35m[2024-04-24 14:27:19.677590]:[32mConexión exitosa a la base de datos
 [35m[2024-04-24 14:27:19.827331]:[32mOrdnees del dia abiertas extraidas con exito
 [35m[2024-04-24 14:27:19.827450]:[32mFinalizada la ejecucion de registros de productos 
 [35m[2024-04-24 14:27:19.827746]:[32mDesconexión exitosa de la base de datos
 [35m[2024-04-24 14:27:20.034008]:[32mConexión exitosa a la base de datos
 [35m[2024-04-24 14:27:20.107927]:[32mregistro de pruntos  extraidos de manera correcta de manera correcta
 [35m[2024-04-24 14:27:20.108033]:[32mFinalizada la ejecucion de registros de productos 
 [35m[2024-04-24 14:27:20.108282]:[32mDesconexión exitosa de la base de datos
 [35m[2024-04-24 14:27:20.114283]:[32mConexión exitosa a la base de datos
 [35m[2024-04-24 14:27:20.115351]:[32mlectura de acciones heca de manera correcta
 [35m[2024-04-24 14:27:20.115548]:[32mDesconexión exitosa de la base de datos
 [35m[2024-04-24 14:27:20.117039]:[32mHilos creados ....
 [35m[2024-04-24 14:27:20.119415]:[32mPUNTO DE VENTAesete
 [35m[2024-04-24 14:27:20.120385]:[32meste es 2.0
 [35m[2024-04-24 14:27:20.120590]:[32mYa arrancaron los hilos
 [35m[2024-04-24 14:27:20.120727]:[32mwalletesete
 [35m[2024-04-24 14:27:20.121094]:[32mYA cunminaron los hilos ........... 
 [35m[2024-04-24 14:27:20.121259]:[32mreporte de inventario generado con exito
 [35m[2024-04-24 14:27:20.121487]:[32mfinalizado el reporte de inventario de la sede cfm
 [35m[2024-04-24 14:27:27.223328]:[32mConexión exitosa a la base de datos
 [35m[2024-04-24 14:27:27.311780]:[32mOrdnees del dia abiertas extraidas con exito
 [35m[2024-04-24 14:27:27.312053]:[32mFinalizada la ejecucion de registros de productos 
 [35m[2024-04-24 14:27:27.312638]:[32mDesconexión exitosa de la base de datos
 [35m[2024-04-24 14:27:27.498564]:[32mConexión exitosa a la base de datos
 [35m[2024-04-24 14:27:27.646712]:[32mPagos extraida de manera correcta
 [35m[2024-04-24 14:27:27.646809]:[32mFinalizada la ejecucion de registros de productos 
 [35m[2024-04-24 14:27:27.647049]:[32mDesconexión exitosa de la base de datos
 [35m[2024-04-24 14:27:27.877103]:[32mConexión exitosa a la base de datos
 [35m[2024-04-24 14:27:27.950030]:[32mlectura de ventas por productos diarias realizado con exito
 [35m[2024-04-24 14:27:27.950291]:[32mFinalizada la ejecucion de registros de productos 
 [35m[2024-04-24 14:27:27.950868]:[32mDesconexión exitosa de la base de datos
 [35m[2024-04-24 14:27:28.235396]:[32mConexión exitosa a la base de datos
 [35m[2024-04-24 14:27:28.273788]:[32mse ecncontraron (45) deudas  en la sede cfm .....!
 [35m[2024-04-24 14:27:28.274099]:[32mDesconexión exitosa de la base de datos
 [35m[2024-04-24 14:27:28.274716]:[32mconsulta de dedudas realizada de manera correcta
 [35m[2024-04-24 14:27:28.529157]:[32mConexión exitosa a la base de datos
 [35m[2024-04-24 14:27:28.591025]:[32m detalles de pedidos extraidos de manera correcta 
 [35m[2024-04-24 14:27:28.591127]:[32mFinalizada la ejecucion de registros de productos 
 [35m[2024-04-24 14:27:28.591356]:[32mDesconexión exitosa de la base de datos
 [35m[2024-04-24 14:27:28.762349]:[32mConexión exitosa a la base de datos
 [35m[2024-04-24 14:27:28.809359]:[32m detalles de wallet disponibles extraidos con exito 
 [35m[2024-04-24 14:27:28.809499]:[32mFinalizada la ejecucion de registros de productos 
 [35m[2024-04-24 14:27:28.809817]:[32mDesconexión exitosa de la base de datos
 [35m[2024-04-24 14:27:28.851800]:[32mConexión exitosa a la base de datos
 [35m[2024-04-24 14:27:28.921349]:[32mlectura de ordenes por pagar historicas realizada de maenra satisfactoria 
 [35m[2024-04-24 14:27:28.921551]:[32mFinalizada la ejecucion de registros de productos 
 [35m[2024-04-24 14:27:28.922068]:[32mDesconexión exitosa de la base de datos
 [35m[2024-04-24 14:27:29.106298]:[32mConexión exitosa a la base de datos
 [35m[2024-04-24 14:27:29.205799]:[32mOrdnees del dia abiertas extraidas con exito
 [35m[2024-04-24 14:27:29.205898]:[32mFinalizada la ejecucion de registros de productos 
 [35m[2024-04-24 14:27:29.206115]:[32mDesconexión exitosa de la base de datos
 [35m[2024-04-24 14:27:29.477947]:[32mConexión exitosa a la base de datos
 [35m[2024-04-24 14:27:29.603143]:[32mregistro de pruntos  extraidos de manera correcta de manera correcta
 [35m[2024-04-24 14:27:29.603537]:[32mFinalizada la ejecucion de registros de productos 
 [35m[2024-04-24 14:27:29.604313]:[32mDesconexión exitosa de la base de datos
 [35m[2024-04-24 14:27:29.606320]:[32mConexión exitosa a la base de datos
 [35m[2024-04-24 14:27:29.608712]:[32mlectura de acciones heca de manera correcta
 [35m[2024-04-24 14:27:29.609462]:[32mDesconexión exitosa de la base de datos
 [35m[2024-04-24 14:27:29.620661]:[32mHilos creados ....
 [35m[2024-04-24 14:27:29.626496]:[32mPUNTO DE VENTAesete
 [35m[2024-04-24 14:27:29.629739]:[32meste es 2.0
 [35m[2024-04-24 14:27:29.629920]:[32mYa arrancaron los hilos
 [35m[2024-04-24 14:27:29.630454]:[32mwalletesete
 [35m[2024-04-24 14:27:29.631286]:[32mYA cunminaron los hilos ........... 
 [35m[2024-04-24 14:27:29.631791]:[32mreporte de inventario generado con exito
 [35m[2024-04-24 14:27:29.631987]:[32mfinalizado el reporte de inventario de la sede cfm
 [35m[2024-04-24 14:27:45.813738]:[32mnew implement IPagos
 [35m[2024-04-24 14:27:45.813878]:[32mnew implement IOrdenes
 [35m[2024-04-24 14:27:45.813937]:[32mnew implement IPagos
 [35m[2024-04-24 14:27:45.820901]:[32mnew implement IOrdenes
 [35m[2024-04-24 14:27:45.839828]:[32mnew implement IOrdenes
 [35m[2024-04-24 14:27:45.904701]:[32mnew implement IOrdenes
 [35m[2024-04-24 14:27:45.906106]:[32mnew implement IPagos
 [35m[2024-04-24 14:27:45.918997]:[32mnew implement IPagos
 [35m[2024-04-24 14:27:45.925761]:[32mnew implement IPagos
 [35m[2024-04-24 14:27:45.925871]:[32mnew implement IPagos
 [35m[2024-04-24 14:27:45.938013]:[32mnew implement IPagos
 [35m[2024-04-24 14:27:46.024558]:[32mnew implement IPagos
 [35m[2024-04-24 14:27:46.039250]:[32mnew implement IClientes
 [35m[2024-04-24 14:27:46.055776]:[32mnew implement IClientes
 [35m[2024-04-24 14:27:46.085931]:[32mnew implement IClientes
 [35m[2024-04-24 14:27:46.089080]:[32mnew implement IClientes
 [35m[2024-04-24 14:27:46.095707]:[32mnew implement IMectricCoffeshop
 [35m[2024-04-24 14:27:46.095812]:[32mnew implement IMectricCoffeshop
 [35m[2024-04-24 14:27:46.099559]:[32mnew implement IClientes
 [35m[2024-04-24 14:27:46.109681]:[32mnew implement IClientes
 [35m[2024-04-24 14:27:46.121675]:[32mnew implement IPagos
 [35m[2024-04-24 14:27:46.121766]:[32mnew implement IPagos
 [35m[2024-04-24 14:27:46.130901]:[32mnew implement IPagos
 [35m[2024-04-24 14:27:46.142512]:[32mnew implement IOrdenes
 [35m[2024-04-24 14:27:46.142895]:[32mnew implement IPagos
 [35m[2024-04-24 14:27:46.144711]:[32mnew implement IPagos
 [35m[2024-04-24 14:27:46.152796]:[32mnew implement IOrdenes
 [35m[2024-04-24 14:27:46.155183]:[32mnew implement IOrdenes
 [35m[2024-04-24 14:27:46.174456]:[32mnew implement IClientes
 [35m[2024-04-24 14:27:46.174547]:[32mnew implement IClientes
 [35m[2024-04-24 14:27:46.208583]:[32mnew implement IClientes
 [35m[2024-04-24 14:27:46.212412]:[32mnew implement IClientes
 [35m[2024-04-24 14:27:46.212507]:[32mnew implement IClientes
 [35m[2024-04-24 14:27:46.215194]:[32mnew implement IClientes
 [35m[2024-04-24 14:27:46.215291]:[32mnew implement IClientes
 [35m[2024-04-24 14:27:50.461198]:[32mConexión exitosa a la base de datos
 [35m[2024-04-24 14:27:50.584665]:[32mOrdnees del dia abiertas extraidas con exito
 [35m[2024-04-24 14:27:50.585061]:[32mFinalizada la ejecucion de registros de productos 
 [35m[2024-04-24 14:27:50.585792]:[32mDesconexión exitosa de la base de datos
 [35m[2024-04-24 14:27:51.254302]:[32mConexión exitosa a la base de datos
 [35m[2024-04-24 14:27:51.360631]:[32mPagos extraida de manera correcta
 [35m[2024-04-24 14:27:51.361048]:[32mFinalizada la ejecucion de registros de productos 
 [35m[2024-04-24 14:27:51.362173]:[32mDesconexión exitosa de la base de datos
 [35m[2024-04-24 14:27:51.624685]:[32mConexión exitosa a la base de datos
 [35m[2024-04-24 14:27:51.732560]:[32mlectura de ventas por productos diarias realizado con exito
 [35m[2024-04-24 14:27:51.732805]:[32mFinalizada la ejecucion de registros de productos 
 [35m[2024-04-24 14:27:51.733554]:[32mDesconexión exitosa de la base de datos
 [35m[2024-04-24 14:27:51.841311]:[32mConexión exitosa a la base de datos
 [35m[2024-04-24 14:27:51.975232]:[32mse ecncontraron (45) deudas  en la sede cfm .....!
 [35m[2024-04-24 14:27:51.975588]:[32mDesconexión exitosa de la base de datos
 [35m[2024-04-24 14:27:51.976306]:[32mconsulta de dedudas realizada de manera correcta
 [35m[2024-04-24 14:27:52.276123]:[32mConexión exitosa a la base de datos
 [35m[2024-04-24 14:27:52.327736]:[32m detalles de pedidos extraidos de manera correcta 
 [35m[2024-04-24 14:27:52.327920]:[32mFinalizada la ejecucion de registros de productos 
 [35m[2024-04-24 14:27:52.328333]:[32mDesconexión exitosa de la base de datos
 [35m[2024-04-24 14:27:52.518970]:[32mConexión exitosa a la base de datos
 [35m[2024-04-24 14:27:52.546254]:[32m detalles de wallet disponibles extraidos con exito 
 [35m[2024-04-24 14:27:52.547212]:[32mFinalizada la ejecucion de registros de productos 
 [35m[2024-04-24 14:27:52.548262]:[32mDesconexión exitosa de la base de datos
 [35m[2024-04-24 14:27:52.723551]:[32mConexión exitosa a la base de datos
 [35m[2024-04-24 14:27:52.852665]:[32mlectura de ordenes por pagar historicas realizada de maenra satisfactoria 
 [35m[2024-04-24 14:27:52.852788]:[32mFinalizada la ejecucion de registros de productos 
 [35m[2024-04-24 14:27:52.853051]:[32mDesconexión exitosa de la base de datos
 [35m[2024-04-24 14:27:53.270813]:[32mConexión exitosa a la base de datos
 [35m[2024-04-24 14:27:53.370005]:[32mOrdnees del dia abiertas extraidas con exito
 [35m[2024-04-24 14:27:53.370119]:[32mFinalizada la ejecucion de registros de productos 
 [35m[2024-04-24 14:27:53.370339]:[32mDesconexión exitosa de la base de datos
 [35m[2024-04-24 14:27:53.657155]:[32mConexión exitosa a la base de datos
 [35m[2024-04-24 14:27:53.755395]:[32mregistro de pruntos  extraidos de manera correcta de manera correcta
 [35m[2024-04-24 14:27:53.755814]:[32mFinalizada la ejecucion de registros de productos 
 [35m[2024-04-24 14:27:53.756616]:[32mDesconexión exitosa de la base de datos
 [35m[2024-04-24 14:27:53.758376]:[32mConexión exitosa a la base de datos
 [35m[2024-04-24 14:27:53.760564]:[32mlectura de acciones heca de manera correcta
 [35m[2024-04-24 14:27:53.761168]:[32mDesconexión exitosa de la base de datos
 [35m[2024-04-24 14:27:53.768055]:[32mHilos creados ....
 [35m[2024-04-24 14:27:53.775205]:[32mPUNTO DE VENTAesete
 [35m[2024-04-24 14:27:53.776911]:[32meste es 2.0
 [35m[2024-04-24 14:27:53.778421]:[32mwalletesete
 [35m[2024-04-24 14:27:53.778576]:[32mYa arrancaron los hilos
 [35m[2024-04-24 14:27:53.779510]:[32mYA cunminaron los hilos ........... 
 [35m[2024-04-24 14:27:53.780034]:[32mreporte de inventario generado con exito
 [35m[2024-04-24 14:27:53.780342]:[32mfinalizado el reporte de inventario de la sede cfm
 [35m[2024-04-24 14:29:15.267274]:[32mConexión exitosa a la base de datos
 [35m[2024-04-24 14:29:15.460685]:[32mOrdnees del dia abiertas extraidas con exito
 [35m[2024-04-24 14:29:15.460847]:[32mFinalizada la ejecucion de registros de productos 
 [35m[2024-04-24 14:29:15.461087]:[32mDesconexión exitosa de la base de datos
 [35m[2024-04-24 14:29:15.865125]:[32mConexión exitosa a la base de datos
 [35m[2024-04-24 14:29:15.984728]:[32mPagos extraida de manera correcta
 [35m[2024-04-24 14:29:15.984882]:[32mFinalizada la ejecucion de registros de productos 
 [35m[2024-04-24 14:29:15.985192]:[32mDesconexión exitosa de la base de datos
 [35m[2024-04-24 14:29:16.395336]:[32mConexión exitosa a la base de datos
 [35m[2024-04-24 14:29:16.504045]:[32mOrdnees del dia abiertas extraidas con exito
 [35m[2024-04-24 14:29:16.505321]:[32mFinalizada la ejecucion de registros de productos 
 [35m[2024-04-24 14:29:16.507693]:[32mDesconexión exitosa de la base de datos
 [35m[2024-04-24 14:29:16.726146]:[32mConexión exitosa a la base de datos
 [35m[2024-04-24 14:29:16.748733]:[32mOrdnees del dia abiertas extraidas con exito
 [35m[2024-04-24 14:29:16.749215]:[32mFinalizada la ejecucion de registros de productos 
 [35m[2024-04-24 14:29:16.749752]:[32mDesconexión exitosa de la base de datos
 [35m[2024-04-24 14:29:17.287062]:[32mConexión exitosa a la base de datos
 [35m[2024-04-24 14:29:17.511975]:[32mlectura de ventas por productos diarias realizado con exito
 [35m[2024-04-24 14:29:17.512149]:[32mFinalizada la ejecucion de registros de productos 
 [35m[2024-04-24 14:29:17.512463]:[32mDesconexión exitosa de la base de datos
 [35m[2024-04-24 14:29:17.643885]:[32mConexión exitosa a la base de datos
 [35m[2024-04-24 14:29:17.887001]:[32mse ecncontraron (45) deudas  en la sede cfm .....!
 [35m[2024-04-24 14:29:17.888171]:[32mDesconexión exitosa de la base de datos
 [35m[2024-04-24 14:29:17.889866]:[32mconsulta de dedudas realizada de manera correcta
 [35m[2024-04-24 14:29:18.439444]:[32mConexión exitosa a la base de datos
 [35m[2024-04-24 14:29:18.881703]:[32m detalles de pedidos extraidos de manera correcta 
 [35m[2024-04-24 14:29:18.881826]:[32mFinalizada la ejecucion de registros de productos 
 [35m[2024-04-24 14:29:18.882109]:[32mDesconexión exitosa de la base de datos
 [35m[2024-04-24 14:29:19.307616]:[32mConexión exitosa a la base de datos
 [35m[2024-04-24 14:29:19.481954]:[32m detalles de wallet disponibles extraidos con exito 
 [35m[2024-04-24 14:29:19.482108]:[32mFinalizada la ejecucion de registros de productos 
 [35m[2024-04-24 14:29:19.482410]:[32mDesconexión exitosa de la base de datos
 [35m[2024-04-24 14:29:19.785815]:[32mConexión exitosa a la base de datos
 [35m[2024-04-24 14:29:20.064636]:[32mlectura de ordenes por pagar historicas realizada de maenra satisfactoria 
 [35m[2024-04-24 14:29:20.065108]:[32mFinalizada la ejecucion de registros de productos 
 [35m[2024-04-24 14:29:20.065620]:[32mDesconexión exitosa de la base de datos
 [35m[2024-04-24 14:29:20.332685]:[32mConexión exitosa a la base de datos
 [35m[2024-04-24 14:29:20.415515]:[32mOrdnees del dia abiertas extraidas con exito
 [35m[2024-04-24 14:29:20.415653]:[32mFinalizada la ejecucion de registros de productos 
 [35m[2024-04-24 14:29:20.415977]:[32mDesconexión exitosa de la base de datos
 [35m[2024-04-24 14:29:20.628558]:[32mConexión exitosa a la base de datos
 [35m[2024-04-24 14:29:20.770428]:[32mregistro de pruntos  extraidos de manera correcta de manera correcta
 [35m[2024-04-24 14:29:20.770707]:[32mFinalizada la ejecucion de registros de productos 
 [35m[2024-04-24 14:29:20.771421]:[32mDesconexión exitosa de la base de datos
 [35m[2024-04-24 14:29:20.782321]:[32mConexión exitosa a la base de datos
 [35m[2024-04-24 14:29:20.786722]:[32mlectura de acciones heca de manera correcta
 [35m[2024-04-24 14:29:20.787365]:[32mDesconexión exitosa de la base de datos
 [35m[2024-04-24 14:29:20.799207]:[32mHilos creados ....
 [35m[2024-04-24 14:29:20.802944]:[32mPUNTO DE VENTAesete
 [35m[2024-04-24 14:29:20.803415]:[32meste es 2.0
 [35m[2024-04-24 14:29:20.803886]:[32mwalletesete
 [35m[2024-04-24 14:29:20.804449]:[32mPUNTO DE VENTAesete
 [35m[2024-04-24 14:29:20.805632]:[32meste es 3.5
 [35m[2024-04-24 14:29:20.806094]:[32mPUNTO DE VENTAesete
 [35m[2024-04-24 14:29:20.806469]:[32meste es 7.0
 [35m[2024-04-24 14:29:20.809995]:[32mYa arrancaron los hilos
 [35m[2024-04-24 14:29:20.810675]:[32mYA cunminaron los hilos ........... 
 [35m[2024-04-24 14:29:22.054388]:[32mreporte de inventario generado con exito
 [35m[2024-04-24 14:29:22.054492]:[32mfinalizado el reporte de inventario de la sede cfm
 [35m[2024-04-24 14:31:12.214481]:[32mnew implement IPagos
 [35m[2024-04-24 14:31:12.216233]:[32mnew implement IOrdenes
 [35m[2024-04-24 14:31:12.216895]:[32mnew implement IPagos
 [35m[2024-04-24 14:31:12.228983]:[32mnew implement IOrdenes
 [35m[2024-04-24 14:31:12.262638]:[32mnew implement IOrdenes
 [35m[2024-04-24 14:31:12.341636]:[32mnew implement IOrdenes
 [35m[2024-04-24 14:31:12.343218]:[32mnew implement IPagos
 [35m[2024-04-24 14:31:12.353518]:[32mnew implement IPagos
 [35m[2024-04-24 14:31:12.365984]:[32mnew implement IPagos
 [35m[2024-04-24 14:31:12.366082]:[32mnew implement IPagos
 [35m[2024-04-24 14:31:12.383091]:[32mnew implement IPagos
 [35m[2024-04-24 14:31:12.492944]:[32mnew implement IPagos
 [35m[2024-04-24 14:31:12.504209]:[32mnew implement IClientes
 [35m[2024-04-24 14:31:12.517251]:[32mnew implement IClientes
 [35m[2024-04-24 14:31:12.520106]:[32mnew implement IClientes
 [35m[2024-04-24 14:31:12.540630]:[32mnew implement IClientes
 [35m[2024-04-24 14:31:12.546959]:[32mnew implement IMectricCoffeshop
 [35m[2024-04-24 14:31:12.547080]:[32mnew implement IMectricCoffeshop
 [35m[2024-04-24 14:31:12.551465]:[32mnew implement IClientes
 [35m[2024-04-24 14:31:12.563085]:[32mnew implement IClientes
 [35m[2024-04-24 14:31:12.574065]:[32mnew implement IPagos
 [35m[2024-04-24 14:31:12.574162]:[32mnew implement IPagos
 [35m[2024-04-24 14:31:12.580350]:[32mnew implement IPagos
 [35m[2024-04-24 14:31:12.591189]:[32mnew implement IOrdenes
 [35m[2024-04-24 14:31:12.591292]:[32mnew implement IPagos
 [35m[2024-04-24 14:31:12.592303]:[32mnew implement IPagos
 [35m[2024-04-24 14:31:12.600047]:[32mnew implement IOrdenes
 [35m[2024-04-24 14:31:12.602450]:[32mnew implement IOrdenes
 [35m[2024-04-24 14:31:12.628470]:[32mnew implement IClientes
 [35m[2024-04-24 14:31:12.628571]:[32mnew implement IClientes
 [35m[2024-04-24 14:31:12.672452]:[32mnew implement IClientes
 [35m[2024-04-24 14:31:12.677697]:[32mnew implement IClientes
 [35m[2024-04-24 14:31:12.677795]:[32mnew implement IClientes
 [35m[2024-04-24 14:31:12.680440]:[32mnew implement IClientes
 [35m[2024-04-24 14:31:12.680535]:[32mnew implement IClientes
 [35m[2024-04-24 14:31:20.712203]:[32mConexión exitosa a la base de datos
 [35m[2024-04-24 14:31:20.810864]:[32mOrdnees del dia abiertas extraidas con exito
 [35m[2024-04-24 14:31:20.810991]:[32mFinalizada la ejecucion de registros de productos 
 [35m[2024-04-24 14:31:20.811314]:[32mDesconexión exitosa de la base de datos
 [35m[2024-04-24 14:31:20.974479]:[32mConexión exitosa a la base de datos
 [35m[2024-04-24 14:31:21.039558]:[32m[0;31m error en la base de datos detailla referencia a la columna «sede» es ambigua
LINE 7: ...0 and f.id=p.idformadepago and t.id=p.idtaza  and sede = 'cf...
                                                             ^

 [35m[2024-04-24 14:31:21.040495]:[32mERROR EN LA BASE DE DATOS
 [35m[2024-04-24 14:31:21.040875]:[32mFinalizada la ejecucion de registros de productos 
 [35m[2024-04-24 14:31:21.041762]:[32mDesconexión exitosa de la base de datos
 [35m[2024-04-24 14:31:21.282085]:[32mConexión exitosa a la base de datos
 [35m[2024-04-24 14:31:21.312947]:[32mlectura de ventas por productos diarias realizado con exito
 [35m[2024-04-24 14:31:21.313371]:[32mFinalizada la ejecucion de registros de productos 
 [35m[2024-04-24 14:31:21.315191]:[32mDesconexión exitosa de la base de datos
 [35m[2024-04-24 14:31:21.429579]:[32mConexión exitosa a la base de datos
 [35m[2024-04-24 14:31:21.447299]:[32mse ecncontraron (45) deudas  en la sede cfm .....!
 [35m[2024-04-24 14:31:21.447935]:[32mDesconexión exitosa de la base de datos
 [35m[2024-04-24 14:31:21.449104]:[32mconsulta de dedudas realizada de manera correcta
 [35m[2024-04-24 14:31:21.682963]:[32mConexión exitosa a la base de datos
 [35m[2024-04-24 14:31:21.758586]:[32m detalles de pedidos extraidos de manera correcta 
 [35m[2024-04-24 14:31:21.758714]:[32mFinalizada la ejecucion de registros de productos 
 [35m[2024-04-24 14:31:21.759091]:[32mDesconexión exitosa de la base de datos
 [35m[2024-04-24 14:31:21.820811]:[32mConexión exitosa a la base de datos
 [35m[2024-04-24 14:31:21.840657]:[32m detalles de wallet disponibles extraidos con exito 
 [35m[2024-04-24 14:31:21.840978]:[32mFinalizada la ejecucion de registros de productos 
 [35m[2024-04-24 14:31:21.841872]:[32mDesconexión exitosa de la base de datos
 [35m[2024-04-24 14:31:22.035104]:[32mConexión exitosa a la base de datos
 [35m[2024-04-24 14:31:22.131109]:[32mlectura de ordenes por pagar historicas realizada de maenra satisfactoria 
 [35m[2024-04-24 14:31:22.131254]:[32mFinalizada la ejecucion de registros de productos 
 [35m[2024-04-24 14:31:22.131496]:[32mDesconexión exitosa de la base de datos
 [35m[2024-04-24 14:31:22.261962]:[32mConexión exitosa a la base de datos
 [35m[2024-04-24 14:31:22.296955]:[32mOrdnees del dia abiertas extraidas con exito
 [35m[2024-04-24 14:31:22.297084]:[32mFinalizada la ejecucion de registros de productos 
 [35m[2024-04-24 14:31:22.297306]:[32mDesconexión exitosa de la base de datos
 [35m[2024-04-24 14:31:22.405673]:[32mConexión exitosa a la base de datos
 [35m[2024-04-24 14:31:22.514027]:[32mregistro de pruntos  extraidos de manera correcta de manera correcta
 [35m[2024-04-24 14:31:22.514424]:[32mFinalizada la ejecucion de registros de productos 
 [35m[2024-04-24 14:31:22.515310]:[32mDesconexión exitosa de la base de datos
 [35m[2024-04-24 14:31:22.517154]:[32mConexión exitosa a la base de datos
 [35m[2024-04-24 14:31:22.519014]:[32mlectura de acciones heca de manera correcta
 [35m[2024-04-24 14:31:22.519669]:[32mDesconexión exitosa de la base de datos
 [35m[2024-04-24 14:31:22.526887]:[32mHilos creados ....
 [35m[2024-04-24 14:31:22.540242]:[32mYa arrancaron los hilos
 [35m[2024-04-24 14:31:22.542175]:[32mYA cunminaron los hilos ........... 
 [35m[2024-04-24 14:31:22.542577]:[32mreporte de inventario generado con exito
 [35m[2024-04-24 14:31:22.542808]:[32mfinalizado el reporte de inventario de la sede cfm
 [35m[2024-04-24 14:32:26.998597]:[32mConexión exitosa a la base de datos
 [35m[2024-04-24 14:32:27.044500]:[32mOrdnees del dia abiertas extraidas con exito
 [35m[2024-04-24 14:32:27.044975]:[32mFinalizada la ejecucion de registros de productos 
 [35m[2024-04-24 14:32:27.045493]:[32mDesconexión exitosa de la base de datos
 [35m[2024-04-24 14:32:27.112884]:[32mConexión exitosa a la base de datos
 [35m[2024-04-24 14:32:27.135586]:[32mPagos extraida de manera correcta
 [35m[2024-04-24 14:32:27.136081]:[32mFinalizada la ejecucion de registros de productos 
 [35m[2024-04-24 14:32:27.136905]:[32mDesconexión exitosa de la base de datos
 [35m[2024-04-24 14:32:27.248537]:[32mConexión exitosa a la base de datos
 [35m[2024-04-24 14:32:27.308262]:[32mOrdnees del dia abiertas extraidas con exito
 [35m[2024-04-24 14:32:27.308364]:[32mFinalizada la ejecucion de registros de productos 
 [35m[2024-04-24 14:32:27.308585]:[32mDesconexión exitosa de la base de datos
 [35m[2024-04-24 14:32:27.443914]:[32mConexión exitosa a la base de datos
 [35m[2024-04-24 14:32:27.480380]:[32mOrdnees del dia abiertas extraidas con exito
 [35m[2024-04-24 14:32:27.481251]:[32mFinalizada la ejecucion de registros de productos 
 [35m[2024-04-24 14:32:27.481693]:[32mDesconexión exitosa de la base de datos
 [35m[2024-04-24 14:32:27.576446]:[32mConexión exitosa a la base de datos
 [35m[2024-04-24 14:32:27.627600]:[32mlectura de ventas por productos diarias realizado con exito
 [35m[2024-04-24 14:32:27.627752]:[32mFinalizada la ejecucion de registros de productos 
 [35m[2024-04-24 14:32:27.628101]:[32mDesconexión exitosa de la base de datos
 [35m[2024-04-24 14:32:27.703834]:[32mConexión exitosa a la base de datos
 [35m[2024-04-24 14:32:27.757716]:[32mse ecncontraron (45) deudas  en la sede cfm .....!
 [35m[2024-04-24 14:32:27.758424]:[32mDesconexión exitosa de la base de datos
 [35m[2024-04-24 14:32:27.760395]:[32mconsulta de dedudas realizada de manera correcta
 [35m[2024-04-24 14:32:27.838455]:[32mConexión exitosa a la base de datos
 [35m[2024-04-24 14:32:27.866473]:[32m detalles de pedidos extraidos de manera correcta 
 [35m[2024-04-24 14:32:27.866945]:[32mFinalizada la ejecucion de registros de productos 
 [35m[2024-04-24 14:32:27.867807]:[32mDesconexión exitosa de la base de datos
 [35m[2024-04-24 14:32:27.921128]:[32mConexión exitosa a la base de datos
 [35m[2024-04-24 14:32:27.942996]:[32m detalles de wallet disponibles extraidos con exito 
 [35m[2024-04-24 14:32:27.943098]:[32mFinalizada la ejecucion de registros de productos 
 [35m[2024-04-24 14:32:27.943322]:[32mDesconexión exitosa de la base de datos
 [35m[2024-04-24 14:32:27.985280]:[32mConexión exitosa a la base de datos
 [35m[2024-04-24 14:32:28.024246]:[32mlectura de ordenes por pagar historicas realizada de maenra satisfactoria 
 [35m[2024-04-24 14:32:28.024369]:[32mFinalizada la ejecucion de registros de productos 
 [35m[2024-04-24 14:32:28.024645]:[32mDesconexión exitosa de la base de datos
 [35m[2024-04-24 14:32:28.068192]:[32mConexión exitosa a la base de datos
 [35m[2024-04-24 14:32:28.081609]:[32mOrdnees del dia abiertas extraidas con exito
 [35m[2024-04-24 14:32:28.083583]:[32mFinalizada la ejecucion de registros de productos 
 [35m[2024-04-24 14:32:28.083950]:[32mDesconexión exitosa de la base de datos
 [35m[2024-04-24 14:32:28.128976]:[32mConexión exitosa a la base de datos
 [35m[2024-04-24 14:32:28.148071]:[32mregistro de pruntos  extraidos de manera correcta de manera correcta
 [35m[2024-04-24 14:32:28.149286]:[32mFinalizada la ejecucion de registros de productos 
 [35m[2024-04-24 14:32:28.149964]:[32mDesconexión exitosa de la base de datos
 [35m[2024-04-24 14:32:28.151001]:[32mConexión exitosa a la base de datos
 [35m[2024-04-24 14:32:28.151626]:[32mlectura de acciones heca de manera correcta
 [35m[2024-04-24 14:32:28.151773]:[32mDesconexión exitosa de la base de datos
 [35m[2024-04-24 14:32:28.153995]:[32mHilos creados ....
 [35m[2024-04-24 14:32:28.156629]:[32mPUNTO DE VENTAesete
 [35m[2024-04-24 14:32:28.156833]:[32mYa arrancaron los hilos
 [35m[2024-04-24 14:32:28.157192]:[32meste es 2.0
 [35m[2024-04-24 14:32:28.157268]:[32mwalletesete
 [35m[2024-04-24 14:32:28.157346]:[32mPUNTO DE VENTAesete
 [35m[2024-04-24 14:32:28.157418]:[32meste es 3.5
 [35m[2024-04-24 14:32:28.157480]:[32mPUNTO DE VENTAesete
 [35m[2024-04-24 14:32:28.157547]:[32meste es 7.0
 [35m[2024-04-24 14:32:28.157823]:[32mYA cunminaron los hilos ........... 
 [35m[2024-04-24 14:32:29.199028]:[32mreporte de inventario generado con exito
 [35m[2024-04-24 14:32:29.199128]:[32mfinalizado el reporte de inventario de la sede cfm
 [35m[2024-04-24 14:32:44.413540]:[32mnew implement IPagos
 [35m[2024-04-24 14:32:44.413751]:[32mnew implement IOrdenes
 [35m[2024-04-24 14:32:44.413927]:[32mnew implement IPagos
 [35m[2024-04-24 14:32:44.420453]:[32mnew implement IOrdenes
 [35m[2024-04-24 14:32:44.437663]:[32mnew implement IOrdenes
 [35m[2024-04-24 14:32:44.558189]:[32mnew implement IOrdenes
 [35m[2024-04-24 14:32:44.563422]:[32mnew implement IPagos
 [35m[2024-04-24 14:32:44.606445]:[32mnew implement IPagos
 [35m[2024-04-24 14:32:44.625916]:[32mnew implement IPagos
 [35m[2024-04-24 14:32:44.626075]:[32mnew implement IPagos
 [35m[2024-04-24 14:32:44.642589]:[32mnew implement IPagos
 [35m[2024-04-24 14:32:44.726635]:[32mnew implement IPagos
 [35m[2024-04-24 14:32:44.736920]:[32mnew implement IClientes
 [35m[2024-04-24 14:32:44.748932]:[32mnew implement IClientes
 [35m[2024-04-24 14:32:44.751789]:[32mnew implement IClientes
 [35m[2024-04-24 14:32:44.772352]:[32mnew implement IClientes
 [35m[2024-04-24 14:32:44.777894]:[32mnew implement IMectricCoffeshop
 [35m[2024-04-24 14:32:44.777986]:[32mnew implement IMectricCoffeshop
 [35m[2024-04-24 14:32:44.781661]:[32mnew implement IClientes
 [35m[2024-04-24 14:32:44.790874]:[32mnew implement IClientes
 [35m[2024-04-24 14:32:44.809037]:[32mnew implement IPagos
 [35m[2024-04-24 14:32:44.809259]:[32mnew implement IPagos
 [35m[2024-04-24 14:32:44.815886]:[32mnew implement IPagos
 [35m[2024-04-24 14:32:44.828515]:[32mnew implement IOrdenes
 [35m[2024-04-24 14:32:44.828634]:[32mnew implement IPagos
 [35m[2024-04-24 14:32:44.829592]:[32mnew implement IPagos
 [35m[2024-04-24 14:32:44.838095]:[32mnew implement IOrdenes
 [35m[2024-04-24 14:32:44.840508]:[32mnew implement IOrdenes
 [35m[2024-04-24 14:32:44.860217]:[32mnew implement IClientes
 [35m[2024-04-24 14:32:44.860332]:[32mnew implement IClientes
 [35m[2024-04-24 14:32:44.909164]:[32mnew implement IClientes
 [35m[2024-04-24 14:32:44.916499]:[32mnew implement IClientes
 [35m[2024-04-24 14:32:44.916893]:[32mnew implement IClientes
 [35m[2024-04-24 14:32:44.922778]:[32mnew implement IClientes
 [35m[2024-04-24 14:32:44.923165]:[32mnew implement IClientes
 [35m[2024-04-24 14:32:52.597259]:[32mConexión exitosa a la base de datos
 [35m[2024-04-24 14:32:52.627316]:[32mOrdnees del dia abiertas extraidas con exito
 [35m[2024-04-24 14:32:52.627484]:[32mFinalizada la ejecucion de registros de productos 
 [35m[2024-04-24 14:32:52.627842]:[32mDesconexión exitosa de la base de datos
 [35m[2024-04-24 14:32:52.674131]:[32mConexión exitosa a la base de datos
 [35m[2024-04-24 14:32:52.686237]:[32m[0;31m error en la base de datos detailla referencia a la columna «sede» es ambigua
LINE 7: ...0 and f.id=p.idformadepago and t.id=p.idtaza  and sede = 'cf...
                                                             ^

 [35m[2024-04-24 14:32:52.686574]:[32mERROR EN LA BASE DE DATOS
 [35m[2024-04-24 14:32:52.686667]:[32mFinalizada la ejecucion de registros de productos 
 [35m[2024-04-24 14:32:52.686899]:[32mDesconexión exitosa de la base de datos
 [35m[2024-04-24 14:32:52.732351]:[32mConexión exitosa a la base de datos
 [35m[2024-04-24 14:32:52.746815]:[32mlectura de ventas por productos diarias realizado con exito
 [35m[2024-04-24 14:32:52.747232]:[32mFinalizada la ejecucion de registros de productos 
 [35m[2024-04-24 14:32:52.747506]:[32mDesconexión exitosa de la base de datos
 [35m[2024-04-24 14:32:52.782746]:[32mConexión exitosa a la base de datos
 [35m[2024-04-24 14:32:52.796808]:[32mse ecncontraron (45) deudas  en la sede cfm .....!
 [35m[2024-04-24 14:32:52.797456]:[32mDesconexión exitosa de la base de datos
 [35m[2024-04-24 14:32:52.798083]:[32mconsulta de dedudas realizada de manera correcta
 [35m[2024-04-24 14:32:52.852003]:[32mConexión exitosa a la base de datos
 [35m[2024-04-24 14:32:52.867553]:[32m detalles de pedidos extraidos de manera correcta 
 [35m[2024-04-24 14:32:52.867658]:[32mFinalizada la ejecucion de registros de productos 
 [35m[2024-04-24 14:32:52.867879]:[32mDesconexión exitosa de la base de datos
 [35m[2024-04-24 14:32:52.897873]:[32mConexión exitosa a la base de datos
 [35m[2024-04-24 14:32:52.920006]:[32m detalles de wallet disponibles extraidos con exito 
 [35m[2024-04-24 14:32:52.920696]:[32mFinalizada la ejecucion de registros de productos 
 [35m[2024-04-24 14:32:52.921359]:[32mDesconexión exitosa de la base de datos
 [35m[2024-04-24 14:32:52.964593]:[32mConexión exitosa a la base de datos
 [35m[2024-04-24 14:32:53.008164]:[32mlectura de ordenes por pagar historicas realizada de maenra satisfactoria 
 [35m[2024-04-24 14:32:53.008268]:[32mFinalizada la ejecucion de registros de productos 
 [35m[2024-04-24 14:32:53.008594]:[32mDesconexión exitosa de la base de datos
 [35m[2024-04-24 14:32:53.051340]:[32mConexión exitosa a la base de datos
 [35m[2024-04-24 14:32:53.066012]:[32mOrdnees del dia abiertas extraidas con exito
 [35m[2024-04-24 14:32:53.066172]:[32mFinalizada la ejecucion de registros de productos 
 [35m[2024-04-24 14:32:53.066611]:[32mDesconexión exitosa de la base de datos
 [35m[2024-04-24 14:32:53.205633]:[32mConexión exitosa a la base de datos
 [35m[2024-04-24 14:32:53.236310]:[32mregistro de pruntos  extraidos de manera correcta de manera correcta
 [35m[2024-04-24 14:32:53.237232]:[32mFinalizada la ejecucion de registros de productos 
 [35m[2024-04-24 14:32:53.238414]:[32mDesconexión exitosa de la base de datos
 [35m[2024-04-24 14:32:53.240172]:[32mConexión exitosa a la base de datos
 [35m[2024-04-24 14:32:53.241672]:[32mlectura de acciones heca de manera correcta
 [35m[2024-04-24 14:32:53.242161]:[32mDesconexión exitosa de la base de datos
 [35m[2024-04-24 14:32:53.247872]:[32mHilos creados ....
 [35m[2024-04-24 14:32:53.259800]:[32mYa arrancaron los hilos
 [35m[2024-04-24 14:32:53.260293]:[32mYA cunminaron los hilos ........... 
 [35m[2024-04-24 14:32:53.260627]:[32mreporte de inventario generado con exito
 [35m[2024-04-24 14:32:53.260790]:[32mfinalizado el reporte de inventario de la sede cfm
 [35m[2024-04-24 14:33:18.931688]:[32mnew implement IPagos
 [35m[2024-04-24 14:33:18.931869]:[32mnew implement IOrdenes
 [35m[2024-04-24 14:33:18.931964]:[32mnew implement IPagos
 [35m[2024-04-24 14:33:18.936149]:[32mnew implement IOrdenes
 [35m[2024-04-24 14:33:18.953041]:[32mnew implement IOrdenes
 [35m[2024-04-24 14:33:18.995108]:[32mnew implement IOrdenes
 [35m[2024-04-24 14:33:18.996403]:[32mnew implement IPagos
 [35m[2024-04-24 14:33:19.006640]:[32mnew implement IPagos
 [35m[2024-04-24 14:33:19.013287]:[32mnew implement IPagos
 [35m[2024-04-24 14:33:19.013396]:[32mnew implement IPagos
 [35m[2024-04-24 14:33:19.021401]:[32mnew implement IPagos
 [35m[2024-04-24 14:33:19.076000]:[32mnew implement IPagos
 [35m[2024-04-24 14:33:19.083171]:[32mnew implement IClientes
 [35m[2024-04-24 14:33:19.093394]:[32mnew implement IClientes
 [35m[2024-04-24 14:33:19.095077]:[32mnew implement IClientes
 [35m[2024-04-24 14:33:19.113545]:[32mnew implement IClientes
 [35m[2024-04-24 14:33:19.118057]:[32mnew implement IMectricCoffeshop
 [35m[2024-04-24 14:33:19.118175]:[32mnew implement IMectricCoffeshop
 [35m[2024-04-24 14:33:19.121343]:[32mnew implement IClientes
 [35m[2024-04-24 14:33:19.129573]:[32mnew implement IClientes
 [35m[2024-04-24 14:33:19.137831]:[32mnew implement IPagos
 [35m[2024-04-24 14:33:19.137925]:[32mnew implement IPagos
 [35m[2024-04-24 14:33:19.143763]:[32mnew implement IPagos
 [35m[2024-04-24 14:33:19.154762]:[32mnew implement IOrdenes
 [35m[2024-04-24 14:33:19.154860]:[32mnew implement IPagos
 [35m[2024-04-24 14:33:19.155504]:[32mnew implement IPagos
 [35m[2024-04-24 14:33:19.163352]:[32mnew implement IOrdenes
 [35m[2024-04-24 14:33:19.166924]:[32mnew implement IOrdenes
 [35m[2024-04-24 14:33:19.189878]:[32mnew implement IClientes
 [35m[2024-04-24 14:33:19.189978]:[32mnew implement IClientes
 [35m[2024-04-24 14:33:19.230079]:[32mnew implement IClientes
 [35m[2024-04-24 14:33:19.233381]:[32mnew implement IClientes
 [35m[2024-04-24 14:33:19.233474]:[32mnew implement IClientes
 [35m[2024-04-24 14:33:19.234610]:[32mnew implement IClientes
 [35m[2024-04-24 14:33:19.234694]:[32mnew implement IClientes
 [35m[2024-04-24 14:33:33.906069]:[32mnew implement IPagos
 [35m[2024-04-24 14:33:33.906252]:[32mnew implement IOrdenes
 [35m[2024-04-24 14:33:33.906339]:[32mnew implement IPagos
 [35m[2024-04-24 14:33:33.911019]:[32mnew implement IOrdenes
 [35m[2024-04-24 14:33:33.928330]:[32mnew implement IOrdenes
 [35m[2024-04-24 14:33:33.973520]:[32mnew implement IOrdenes
 [35m[2024-04-24 14:33:33.974816]:[32mnew implement IPagos
 [35m[2024-04-24 14:33:33.986155]:[32mnew implement IPagos
 [35m[2024-04-24 14:33:33.993873]:[32mnew implement IPagos
 [35m[2024-04-24 14:33:33.993980]:[32mnew implement IPagos
 [35m[2024-04-24 14:33:34.002766]:[32mnew implement IPagos
 [35m[2024-04-24 14:33:34.056502]:[32mnew implement IPagos
 [35m[2024-04-24 14:33:34.062738]:[32mnew implement IClientes
 [35m[2024-04-24 14:33:34.072915]:[32mnew implement IClientes
 [35m[2024-04-24 14:33:34.074560]:[32mnew implement IClientes
 [35m[2024-04-24 14:33:34.094946]:[32mnew implement IClientes
 [35m[2024-04-24 14:33:34.099297]:[32mnew implement IMectricCoffeshop
 [35m[2024-04-24 14:33:34.099403]:[32mnew implement IMectricCoffeshop
 [35m[2024-04-24 14:33:34.102509]:[32mnew implement IClientes
 [35m[2024-04-24 14:33:34.111346]:[32mnew implement IClientes
 [35m[2024-04-24 14:33:34.123082]:[32mnew implement IPagos
 [35m[2024-04-24 14:33:34.123372]:[32mnew implement IPagos
 [35m[2024-04-24 14:33:34.129913]:[32mnew implement IPagos
 [35m[2024-04-24 14:33:34.140508]:[32mnew implement IOrdenes
 [35m[2024-04-24 14:33:34.140613]:[32mnew implement IPagos
 [35m[2024-04-24 14:33:34.141219]:[32mnew implement IPagos
 [35m[2024-04-24 14:33:34.152254]:[32mnew implement IOrdenes
 [35m[2024-04-24 14:33:34.155547]:[32mnew implement IOrdenes
 [35m[2024-04-24 14:33:34.173289]:[32mnew implement IClientes
 [35m[2024-04-24 14:33:34.173388]:[32mnew implement IClientes
 [35m[2024-04-24 14:33:34.217932]:[32mnew implement IClientes
 [35m[2024-04-24 14:33:34.221000]:[32mnew implement IClientes
 [35m[2024-04-24 14:33:34.221075]:[32mnew implement IClientes
 [35m[2024-04-24 14:33:34.222228]:[32mnew implement IClientes
 [35m[2024-04-24 14:33:34.222296]:[32mnew implement IClientes
 [35m[2024-04-24 14:33:35.921686]:[32mConexión exitosa a la base de datos
 [35m[2024-04-24 14:33:35.940149]:[32mOrdnees del dia abiertas extraidas con exito
 [35m[2024-04-24 14:33:35.940493]:[32mFinalizada la ejecucion de registros de productos 
 [35m[2024-04-24 14:33:35.940913]:[32mDesconexión exitosa de la base de datos
 [35m[2024-04-24 14:33:35.974868]:[32mConexión exitosa a la base de datos
 [35m[2024-04-24 14:33:35.987458]:[32mPagos extraida de manera correcta
 [35m[2024-04-24 14:33:35.988240]:[32mFinalizada la ejecucion de registros de productos 
 [35m[2024-04-24 14:33:35.989010]:[32mDesconexión exitosa de la base de datos
 [35m[2024-04-24 14:33:36.047428]:[32mConexión exitosa a la base de datos
 [35m[2024-04-24 14:33:36.060485]:[32mlectura de ventas por productos diarias realizado con exito
 [35m[2024-04-24 14:33:36.060839]:[32mFinalizada la ejecucion de registros de productos 
 [35m[2024-04-24 14:33:36.061323]:[32mDesconexión exitosa de la base de datos
 [35m[2024-04-24 14:33:36.099989]:[32mConexión exitosa a la base de datos
 [35m[2024-04-24 14:33:36.114510]:[32mse ecncontraron (45) deudas  en la sede cfm .....!
 [35m[2024-04-24 14:33:36.114854]:[32mDesconexión exitosa de la base de datos
 [35m[2024-04-24 14:33:36.116169]:[32mconsulta de dedudas realizada de manera correcta
 [35m[2024-04-24 14:33:36.151075]:[32mConexión exitosa a la base de datos
 [35m[2024-04-24 14:33:36.168890]:[32m detalles de pedidos extraidos de manera correcta 
 [35m[2024-04-24 14:33:36.168999]:[32mFinalizada la ejecucion de registros de productos 
 [35m[2024-04-24 14:33:36.169241]:[32mDesconexión exitosa de la base de datos
 [35m[2024-04-24 14:33:36.213425]:[32mConexión exitosa a la base de datos
 [35m[2024-04-24 14:33:36.245065]:[32m detalles de wallet disponibles extraidos con exito 
 [35m[2024-04-24 14:33:36.245557]:[32mFinalizada la ejecucion de registros de productos 
 [35m[2024-04-24 14:33:36.246145]:[32mDesconexión exitosa de la base de datos
 [35m[2024-04-24 14:33:36.399829]:[32mConexión exitosa a la base de datos
 [35m[2024-04-24 14:33:36.505014]:[32mlectura de ordenes por pagar historicas realizada de maenra satisfactoria 
 [35m[2024-04-24 14:33:36.506057]:[32mFinalizada la ejecucion de registros de productos 
 [35m[2024-04-24 14:33:36.507570]:[32mDesconexión exitosa de la base de datos
 [35m[2024-04-24 14:33:36.653902]:[32mConexión exitosa a la base de datos
 [35m[2024-04-24 14:33:36.671310]:[32mOrdnees del dia abiertas extraidas con exito
 [35m[2024-04-24 14:33:36.671418]:[32mFinalizada la ejecucion de registros de productos 
 [35m[2024-04-24 14:33:36.672028]:[32mDesconexión exitosa de la base de datos
 [35m[2024-04-24 14:33:36.707146]:[32mConexión exitosa a la base de datos
 [35m[2024-04-24 14:33:36.732776]:[32mregistro de pruntos  extraidos de manera correcta de manera correcta
 [35m[2024-04-24 14:33:36.733170]:[32mFinalizada la ejecucion de registros de productos 
 [35m[2024-04-24 14:33:36.733684]:[32mDesconexión exitosa de la base de datos
 [35m[2024-04-24 14:33:36.734236]:[32mConexión exitosa a la base de datos
 [35m[2024-04-24 14:33:36.735083]:[32mlectura de acciones heca de manera correcta
 [35m[2024-04-24 14:33:36.735577]:[32mDesconexión exitosa de la base de datos
 [35m[2024-04-24 14:33:36.738561]:[32mHilos creados ....
 [35m[2024-04-24 14:33:36.742521]:[32mPUNTO DE VENTAesete
 [35m[2024-04-24 14:33:36.743130]:[32meste es 2.0
 [35m[2024-04-24 14:33:36.743669]:[32mwalletesete
 [35m[2024-04-24 14:33:36.743711]:[32mYa arrancaron los hilos
 [35m[2024-04-24 14:33:36.743874]:[32mPUNTO DE VENTAesete
 [35m[2024-04-24 14:33:36.743953]:[32meste es 3.5
 [35m[2024-04-24 14:33:36.744015]:[32mPUNTO DE VENTAesete
 [35m[2024-04-24 14:33:36.744082]:[32meste es 7.0
 [35m[2024-04-24 14:33:36.744233]:[32mYA cunminaron los hilos ........... 
 [35m[2024-04-24 14:33:36.744374]:[32mreporte de inventario generado con exito
 [35m[2024-04-24 14:33:36.744440]:[32mfinalizado el reporte de inventario de la sede cfm
 [35m[2024-04-24 14:40:30.048504]:[32mConexión exitosa a la base de datos
 [35m[2024-04-24 14:40:30.131668]:[32mOrdnees del dia abiertas extraidas con exito
 [35m[2024-04-24 14:40:30.131955]:[32mFinalizada la ejecucion de registros de productos 
 [35m[2024-04-24 14:40:30.132390]:[32mDesconexión exitosa de la base de datos
 [35m[2024-04-24 14:40:30.325459]:[32mConexión exitosa a la base de datos
 [35m[2024-04-24 14:40:30.485219]:[32mPagos extraida de manera correcta
 [35m[2024-04-24 14:40:30.485326]:[32mFinalizada la ejecucion de registros de productos 
 [35m[2024-04-24 14:40:30.485575]:[32mDesconexión exitosa de la base de datos
 [35m[2024-04-24 14:40:30.676550]:[32mConexión exitosa a la base de datos
 [35m[2024-04-24 14:40:30.751599]:[32mlectura de ventas por productos diarias realizado con exito
 [35m[2024-04-24 14:40:30.751703]:[32mFinalizada la ejecucion de registros de productos 
 [35m[2024-04-24 14:40:30.751944]:[32mDesconexión exitosa de la base de datos
 [35m[2024-04-24 14:40:30.966610]:[32mConexión exitosa a la base de datos
 [35m[2024-04-24 14:40:31.053998]:[32mse ecncontraron (45) deudas  en la sede cfm .....!
 [35m[2024-04-24 14:40:31.054374]:[32mDesconexión exitosa de la base de datos
 [35m[2024-04-24 14:40:31.055153]:[32mconsulta de dedudas realizada de manera correcta
 [35m[2024-04-24 14:40:31.455165]:[32mConexión exitosa a la base de datos
 [35m[2024-04-24 14:40:31.606822]:[32m detalles de pedidos extraidos de manera correcta 
 [35m[2024-04-24 14:40:31.606947]:[32mFinalizada la ejecucion de registros de productos 
 [35m[2024-04-24 14:40:31.607257]:[32mDesconexión exitosa de la base de datos
 [35m[2024-04-24 14:40:32.083602]:[32mConexión exitosa a la base de datos
 [35m[2024-04-24 14:40:32.237345]:[32m detalles de wallet disponibles extraidos con exito 
 [35m[2024-04-24 14:40:32.237449]:[32mFinalizada la ejecucion de registros de productos 
 [35m[2024-04-24 14:40:32.237704]:[32mDesconexión exitosa de la base de datos
 [35m[2024-04-24 14:40:32.694333]:[32mConexión exitosa a la base de datos
 [35m[2024-04-24 14:40:32.837042]:[32mlectura de ordenes por pagar historicas realizada de maenra satisfactoria 
 [35m[2024-04-24 14:40:32.837254]:[32mFinalizada la ejecucion de registros de productos 
 [35m[2024-04-24 14:40:32.837597]:[32mDesconexión exitosa de la base de datos
 [35m[2024-04-24 14:40:32.985731]:[32mConexión exitosa a la base de datos
 [35m[2024-04-24 14:40:33.022049]:[32mOrdnees del dia abiertas extraidas con exito
 [35m[2024-04-24 14:40:33.022147]:[32mFinalizada la ejecucion de registros de productos 
 [35m[2024-04-24 14:40:33.022368]:[32mDesconexión exitosa de la base de datos
 [35m[2024-04-24 14:40:33.207574]:[32mConexión exitosa a la base de datos
 [35m[2024-04-24 14:40:33.302884]:[32mregistro de pruntos  extraidos de manera correcta de manera correcta
 [35m[2024-04-24 14:40:33.303364]:[32mFinalizada la ejecucion de registros de productos 
 [35m[2024-04-24 14:40:33.303935]:[32mDesconexión exitosa de la base de datos
 [35m[2024-04-24 14:40:33.305268]:[32mConexión exitosa a la base de datos
 [35m[2024-04-24 14:40:33.306512]:[32mlectura de acciones heca de manera correcta
 [35m[2024-04-24 14:40:33.306944]:[32mDesconexión exitosa de la base de datos
 [35m[2024-04-24 14:40:33.315477]:[32mHilos creados ....
 [35m[2024-04-24 14:40:33.323731]:[32mPUNTO DE VENTAesete
 [35m[2024-04-24 14:40:33.324954]:[32mYa arrancaron los hilos
 [35m[2024-04-24 14:40:33.325192]:[32meste es 1.5
 [35m[2024-04-24 14:40:33.325364]:[32mPUNTO DE VENTAesete
 [35m[2024-04-24 14:40:33.325540]:[32meste es 2.0
 [35m[2024-04-24 14:40:33.325662]:[32mwalletesete
 [35m[2024-04-24 14:40:33.325813]:[32mPUNTO DE VENTAesete
 [35m[2024-04-24 14:40:33.325946]:[32meste es 3.5
 [35m[2024-04-24 14:40:33.326062]:[32mPUNTO DE VENTAesete
 [35m[2024-04-24 14:40:33.326440]:[32meste es 7.0
 [35m[2024-04-24 14:40:33.326961]:[32mYA cunminaron los hilos ........... 
 [35m[2024-04-24 14:40:33.327201]:[32mreporte de inventario generado con exito
 [35m[2024-04-24 14:40:33.327331]:[32mfinalizado el reporte de inventario de la sede cfm
