 [35m[2024-04-19 10:19:10.765196]:[32mnew implement IPagos
 [35m[2024-04-19 10:19:10.765398]:[32mnew implement IOrdenes
 [35m[2024-04-19 10:19:10.765477]:[32mnew implement IPagos
 [35m[2024-04-19 10:19:10.772135]:[32mnew implement IOrdenes
 [35m[2024-04-19 10:19:10.796221]:[32mnew implement IOrdenes
 [35m[2024-04-19 10:19:10.855101]:[32mnew implement IOrdenes
 [35m[2024-04-19 10:19:10.856682]:[32mnew implement IPagos
 [35m[2024-04-19 10:19:10.867540]:[32mnew implement IPagos
 [35m[2024-04-19 10:19:10.874402]:[32mnew implement IPagos
 [35m[2024-04-19 10:19:10.874501]:[32mnew implement IPagos
 [35m[2024-04-19 10:19:10.884359]:[32mnew implement IPagos
 [35m[2024-04-19 10:19:10.979240]:[32mnew implement Ifinance -> TazaDollar
 [35m[2024-04-19 10:19:10.984673]:[32mnew implement IPagos
 [35m[2024-04-19 10:19:10.993559]:[32mnew implement IClientes
 [35m[2024-04-19 10:19:11.005450]:[32mnew implement IClientes
 [35m[2024-04-19 10:19:11.010795]:[32mnew implement IClientes
 [35m[2024-04-19 10:19:11.031351]:[32mnew implement IClientes
 [35m[2024-04-19 10:19:11.038223]:[32mnew implement IMectricCoffeshop
 [35m[2024-04-19 10:19:11.038590]:[32mnew implement IMectricCoffeshop
 [35m[2024-04-19 10:19:11.051324]:[32mnew implement IClientes
 [35m[2024-04-19 10:19:11.065870]:[32mnew implement IClientes
 [35m[2024-04-19 10:19:11.077261]:[32mnew implement IPagos
 [35m[2024-04-19 10:19:11.077367]:[32mnew implement IPagos
 [35m[2024-04-19 10:19:11.083382]:[32mnew implement IPagos
 [35m[2024-04-19 10:19:11.094455]:[32mnew implement IOrdenes
 [35m[2024-04-19 10:19:11.094568]:[32mnew implement IPagos
 [35m[2024-04-19 10:19:11.095630]:[32mnew implement IPagos
 [35m[2024-04-19 10:19:11.103386]:[32mnew implement IOrdenes
 [35m[2024-04-19 10:19:11.105929]:[32mnew implement IOrdenes
 [35m[2024-04-19 10:19:11.125409]:[32mnew implement IClientes
 [35m[2024-04-19 10:19:11.125501]:[32mnew implement IClientes
 [35m[2024-04-19 10:19:11.159920]:[32mnew implement IClientes
 [35m[2024-04-19 10:19:11.163956]:[32mnew implement IClientes
 [35m[2024-04-19 10:19:11.164056]:[32mnew implement IClientes
 [35m[2024-04-19 10:19:11.166831]:[32mnew implement IClientes
 [35m[2024-04-19 10:19:11.166936]:[32mnew implement IClientes
 [35m[2024-04-19 10:21:03.344032]:[32mnew implement IPagos
 [35m[2024-04-19 10:21:03.344658]:[32mnew implement IOrdenes
 [35m[2024-04-19 10:21:03.345204]:[32mnew implement IPagos
 [35m[2024-04-19 10:21:03.353601]:[32mnew implement IOrdenes
 [35m[2024-04-19 10:21:03.389268]:[32mnew implement IOrdenes
 [35m[2024-04-19 10:21:03.480001]:[32mnew implement IOrdenes
 [35m[2024-04-19 10:21:03.482585]:[32mnew implement IPagos
 [35m[2024-04-19 10:21:03.511773]:[32mnew implement IPagos
 [35m[2024-04-19 10:21:03.530440]:[32mnew implement IPagos
 [35m[2024-04-19 10:21:03.531269]:[32mnew implement IPagos
 [35m[2024-04-19 10:21:03.555685]:[32mnew implement IPagos
 [35m[2024-04-19 10:21:07.037528]:[32mnew implement IPagos
 [35m[2024-04-19 10:21:07.037682]:[32mnew implement IOrdenes
 [35m[2024-04-19 10:21:07.037758]:[32mnew implement IPagos
 [35m[2024-04-19 10:21:07.042957]:[32mnew implement IOrdenes
 [35m[2024-04-19 10:21:07.060861]:[32mnew implement IOrdenes
 [35m[2024-04-19 10:21:07.103653]:[32mnew implement IOrdenes
 [35m[2024-04-19 10:21:07.104997]:[32mnew implement IPagos
 [35m[2024-04-19 10:21:07.115024]:[32mnew implement IPagos
 [35m[2024-04-19 10:21:07.120987]:[32mnew implement IPagos
 [35m[2024-04-19 10:21:07.121086]:[32mnew implement IPagos
 [35m[2024-04-19 10:21:07.128996]:[32mnew implement IPagos
 [35m[2024-04-19 10:21:07.179050]:[32mnew implement Ifinance -> TazaDollar
 [35m[2024-04-19 10:21:07.183637]:[32mnew implement IPagos
 [35m[2024-04-19 10:21:07.190028]:[32mnew implement IClientes
 [35m[2024-04-19 10:21:07.200309]:[32mnew implement IClientes
 [35m[2024-04-19 10:21:07.201976]:[32mnew implement IClientes
 [35m[2024-04-19 10:21:07.223266]:[32mnew implement IClientes
 [35m[2024-04-19 10:21:07.231402]:[32mnew implement IMectricCoffeshop
 [35m[2024-04-19 10:21:07.231617]:[32mnew implement IMectricCoffeshop
 [35m[2024-04-19 10:21:07.243196]:[32mnew implement IClientes
 [35m[2024-04-19 10:21:07.272510]:[32mnew implement IClientes
 [35m[2024-04-19 10:21:07.293351]:[32mnew implement IPagos
 [35m[2024-04-19 10:21:07.293516]:[32mnew implement IPagos
 [35m[2024-04-19 10:21:07.312963]:[32mnew implement IPagos
 [35m[2024-04-19 10:21:07.344522]:[32mnew implement IOrdenes
 [35m[2024-04-19 10:21:07.345530]:[32mnew implement IPagos
 [35m[2024-04-19 10:21:07.348130]:[32mnew implement IPagos
 [35m[2024-04-19 10:21:07.373289]:[32mnew implement IOrdenes
 [35m[2024-04-19 10:21:07.379763]:[32mnew implement IOrdenes
 [35m[2024-04-19 10:21:07.436876]:[32mnew implement IClientes
 [35m[2024-04-19 10:21:07.437384]:[32mnew implement IClientes
 [35m[2024-04-19 10:21:07.545818]:[32mnew implement IClientes
 [35m[2024-04-19 10:21:07.567984]:[32mnew implement IClientes
 [35m[2024-04-19 10:21:07.568146]:[32mnew implement IClientes
 [35m[2024-04-19 10:21:07.570444]:[32mnew implement IClientes
 [35m[2024-04-19 10:21:07.570584]:[32mnew implement IClientes
 [35m[2024-04-19 10:22:24.572336]:[32mnew implement IPagos
 [35m[2024-04-19 10:22:24.572542]:[32mnew implement IOrdenes
 [35m[2024-04-19 10:22:24.572629]:[32mnew implement IPagos
 [35m[2024-04-19 10:22:24.577645]:[32mnew implement IOrdenes
 [35m[2024-04-19 10:22:24.593991]:[32mnew implement IOrdenes
 [35m[2024-04-19 10:22:24.635651]:[32mnew implement IOrdenes
 [35m[2024-04-19 10:22:24.637001]:[32mnew implement IPagos
 [35m[2024-04-19 10:22:24.649104]:[32mnew implement IPagos
 [35m[2024-04-19 10:22:24.659056]:[32mnew implement IPagos
 [35m[2024-04-19 10:22:24.659462]:[32mnew implement IPagos
 [35m[2024-04-19 10:22:24.677114]:[32mnew implement IPagos
 [35m[2024-04-19 10:22:24.727638]:[32mnew implement Ifinance -> TazaDollar
 [35m[2024-04-19 10:22:24.732368]:[32mnew implement IPagos
 [35m[2024-04-19 10:22:24.738851]:[32mnew implement IClientes
 [35m[2024-04-19 10:22:24.749113]:[32mnew implement IClientes
 [35m[2024-04-19 10:22:24.750773]:[32mnew implement IClientes
 [35m[2024-04-19 10:22:24.769998]:[32mnew implement IClientes
 [35m[2024-04-19 10:22:24.775081]:[32mnew implement IMectricCoffeshop
 [35m[2024-04-19 10:22:24.775196]:[32mnew implement IMectricCoffeshop
 [35m[2024-04-19 10:22:24.778601]:[32mnew implement IClientes
 [35m[2024-04-19 10:22:24.787376]:[32mnew implement IClientes
 [35m[2024-04-19 10:22:24.795873]:[32mnew implement IPagos
 [35m[2024-04-19 10:22:24.795979]:[32mnew implement IPagos
 [35m[2024-04-19 10:22:24.801783]:[32mnew implement IPagos
 [35m[2024-04-19 10:22:24.812588]:[32mnew implement IOrdenes
 [35m[2024-04-19 10:22:24.812702]:[32mnew implement IPagos
 [35m[2024-04-19 10:22:24.813289]:[32mnew implement IPagos
 [35m[2024-04-19 10:22:24.820912]:[32mnew implement IOrdenes
 [35m[2024-04-19 10:22:24.823383]:[32mnew implement IOrdenes
 [35m[2024-04-19 10:22:24.839958]:[32mnew implement IClientes
 [35m[2024-04-19 10:22:24.840066]:[32mnew implement IClientes
 [35m[2024-04-19 10:22:24.877659]:[32mnew implement IClientes
 [35m[2024-04-19 10:22:24.881456]:[32mnew implement IClientes
 [35m[2024-04-19 10:22:24.881566]:[32mnew implement IClientes
 [35m[2024-04-19 10:22:24.883014]:[32mnew implement IClientes
 [35m[2024-04-19 10:22:24.883170]:[32mnew implement IClientes
 [35m[2024-04-19 10:22:36.166807]:[32mnew implement IPagos
 [35m[2024-04-19 10:22:36.167070]:[32mnew implement IOrdenes
 [35m[2024-04-19 10:22:36.167337]:[32mnew implement IPagos
 [35m[2024-04-19 10:22:36.173281]:[32mnew implement IOrdenes
 [35m[2024-04-19 10:22:36.197429]:[32mnew implement IOrdenes
 [35m[2024-04-19 10:22:36.255168]:[32mnew implement IOrdenes
 [35m[2024-04-19 10:22:36.256536]:[32mnew implement IPagos
 [35m[2024-04-19 10:22:36.266165]:[32mnew implement IPagos
 [35m[2024-04-19 10:22:36.271711]:[32mnew implement IPagos
 [35m[2024-04-19 10:22:36.271810]:[32mnew implement IPagos
 [35m[2024-04-19 10:22:36.279882]:[32mnew implement IPagos
 [35m[2024-04-19 10:22:36.334159]:[32mnew implement IPagos
 [35m[2024-04-19 10:22:36.340501]:[32mnew implement IClientes
 [35m[2024-04-19 10:22:36.350557]:[32mnew implement IClientes
 [35m[2024-04-19 10:22:36.352236]:[32mnew implement IClientes
 [35m[2024-04-19 10:22:36.371344]:[32mnew implement IClientes
 [35m[2024-04-19 10:22:36.375648]:[32mnew implement IMectricCoffeshop
 [35m[2024-04-19 10:22:36.375745]:[32mnew implement IMectricCoffeshop
 [35m[2024-04-19 10:22:36.378911]:[32mnew implement IClientes
 [35m[2024-04-19 10:22:36.392435]:[32mnew implement IClientes
 [35m[2024-04-19 10:22:36.401628]:[32mnew implement IPagos
 [35m[2024-04-19 10:22:36.401728]:[32mnew implement IPagos
 [35m[2024-04-19 10:22:36.408471]:[32mnew implement IPagos
 [35m[2024-04-19 10:22:36.418613]:[32mnew implement IOrdenes
 [35m[2024-04-19 10:22:36.418710]:[32mnew implement IPagos
 [35m[2024-04-19 10:22:36.419284]:[32mnew implement IPagos
 [35m[2024-04-19 10:22:36.426709]:[32mnew implement IOrdenes
 [35m[2024-04-19 10:22:36.428976]:[32mnew implement IOrdenes
 [35m[2024-04-19 10:22:36.444871]:[32mnew implement IClientes
 [35m[2024-04-19 10:22:36.444992]:[32mnew implement IClientes
 [35m[2024-04-19 10:22:36.496618]:[32mnew implement IClientes
 [35m[2024-04-19 10:22:36.502866]:[32mnew implement IClientes
 [35m[2024-04-19 10:22:36.503527]:[32mnew implement IClientes
 [35m[2024-04-19 10:22:36.506198]:[32mnew implement IClientes
 [35m[2024-04-19 10:22:36.506764]:[32mnew implement IClientes
 [35m[2024-04-19 10:23:16.665564]:[32mnew implement IPagos
 [35m[2024-04-19 10:23:16.665857]:[32mnew implement IOrdenes
 [35m[2024-04-19 10:23:16.666135]:[32mnew implement IPagos
 [35m[2024-04-19 10:23:16.670850]:[32mnew implement IOrdenes
 [35m[2024-04-19 10:23:16.707506]:[32mnew implement IOrdenes
 [35m[2024-04-19 10:23:16.858038]:[32mnew implement IOrdenes
 [35m[2024-04-19 10:23:16.863280]:[32mnew implement IPagos
 [35m[2024-04-19 10:23:16.894052]:[32mnew implement IPagos
 [35m[2024-04-19 10:23:16.910284]:[32mnew implement IPagos
 [35m[2024-04-19 10:23:16.910938]:[32mnew implement IPagos
 [35m[2024-04-19 10:23:16.932350]:[32mnew implement IPagos
 [35m[2024-04-19 10:23:17.025045]:[32mnew implement IPagos
 [35m[2024-04-19 10:23:17.037507]:[32mnew implement IClientes
 [35m[2024-04-19 10:23:17.057282]:[32mnew implement IClientes
 [35m[2024-04-19 10:23:17.063008]:[32mnew implement IClientes
 [35m[2024-04-19 10:23:17.106001]:[32mnew implement IClientes
 [35m[2024-04-19 10:23:17.120368]:[32mnew implement IMectricCoffeshop
 [35m[2024-04-19 10:23:17.120531]:[32mnew implement IMectricCoffeshop
 [35m[2024-04-19 10:23:17.133874]:[32mnew implement IClientes
 [35m[2024-04-19 10:23:17.159953]:[32mnew implement IClientes
 [35m[2024-04-19 10:23:17.178622]:[32mnew implement IPagos
 [35m[2024-04-19 10:23:17.178779]:[32mnew implement IPagos
 [35m[2024-04-19 10:23:17.189689]:[32mnew implement IPagos
 [35m[2024-04-19 10:23:17.205716]:[32mnew implement IOrdenes
 [35m[2024-04-19 10:23:17.205817]:[32mnew implement IPagos
 [35m[2024-04-19 10:23:17.206471]:[32mnew implement IPagos
 [35m[2024-04-19 10:23:17.216862]:[32mnew implement IOrdenes
 [35m[2024-04-19 10:23:17.219213]:[32mnew implement IOrdenes
 [35m[2024-04-19 10:23:17.243645]:[32mnew implement IClientes
 [35m[2024-04-19 10:23:17.243762]:[32mnew implement IClientes
 [35m[2024-04-19 10:23:17.320114]:[32mnew implement IClientes
 [35m[2024-04-19 10:23:17.331956]:[32mnew implement IClientes
 [35m[2024-04-19 10:23:17.332131]:[32mnew implement IClientes
 [35m[2024-04-19 10:23:17.334547]:[32mnew implement IClientes
 [35m[2024-04-19 10:23:17.334725]:[32mnew implement IClientes
 [35m[2024-04-19 10:23:25.298649]:[32mnew implement IPagos
 [35m[2024-04-19 10:23:25.298837]:[32mnew implement IOrdenes
 [35m[2024-04-19 10:23:25.299010]:[32mnew implement IPagos
 [35m[2024-04-19 10:23:25.303113]:[32mnew implement IOrdenes
 [35m[2024-04-19 10:23:25.319690]:[32mnew implement IOrdenes
 [35m[2024-04-19 10:23:25.363993]:[32mnew implement IOrdenes
 [35m[2024-04-19 10:23:25.365305]:[32mnew implement IPagos
 [35m[2024-04-19 10:23:25.375322]:[32mnew implement IPagos
 [35m[2024-04-19 10:23:25.381265]:[32mnew implement IPagos
 [35m[2024-04-19 10:23:25.381374]:[32mnew implement IPagos
 [35m[2024-04-19 10:23:25.389297]:[32mnew implement IPagos
 [35m[2024-04-19 10:23:25.439952]:[32mnew implement IPagos
 [35m[2024-04-19 10:23:25.446286]:[32mnew implement IClientes
 [35m[2024-04-19 10:23:25.458821]:[32mnew implement IClientes
 [35m[2024-04-19 10:23:25.460879]:[32mnew implement IClientes
 [35m[2024-04-19 10:23:25.482604]:[32mnew implement IClientes
 [35m[2024-04-19 10:23:25.487792]:[32mnew implement IMectricCoffeshop
 [35m[2024-04-19 10:23:25.487897]:[32mnew implement IMectricCoffeshop
 [35m[2024-04-19 10:23:25.492040]:[32mnew implement IClientes
 [35m[2024-04-19 10:23:25.501651]:[32mnew implement IClientes
 [35m[2024-04-19 10:23:25.512543]:[32mnew implement IPagos
 [35m[2024-04-19 10:23:25.512686]:[32mnew implement IPagos
 [35m[2024-04-19 10:23:25.522264]:[32mnew implement IPagos
 [35m[2024-04-19 10:23:25.545711]:[32mnew implement IOrdenes
 [35m[2024-04-19 10:23:25.545838]:[32mnew implement IPagos
 [35m[2024-04-19 10:23:25.546594]:[32mnew implement IPagos
 [35m[2024-04-19 10:23:25.555427]:[32mnew implement IOrdenes
 [35m[2024-04-19 10:23:25.559349]:[32mnew implement IOrdenes
 [35m[2024-04-19 10:23:25.580825]:[32mnew implement IClientes
 [35m[2024-04-19 10:23:25.580930]:[32mnew implement IClientes
 [35m[2024-04-19 10:23:25.632419]:[32mnew implement IClientes
 [35m[2024-04-19 10:23:25.635962]:[32mnew implement IClientes
 [35m[2024-04-19 10:23:25.636080]:[32mnew implement IClientes
 [35m[2024-04-19 10:23:25.637382]:[32mnew implement IClientes
 [35m[2024-04-19 10:23:25.637484]:[32mnew implement IClientes
 [35m[2024-04-19 10:25:55.441034]:[32mnew implement IPagos
 [35m[2024-04-19 10:25:55.441756]:[32mnew implement IOrdenes
 [35m[2024-04-19 10:25:55.442306]:[32mnew implement IPagos
 [35m[2024-04-19 10:25:55.452521]:[32mnew implement IOrdenes
 [35m[2024-04-19 10:25:55.490912]:[32mnew implement IOrdenes
 [35m[2024-04-19 10:25:55.534381]:[32mnew implement IOrdenes
 [35m[2024-04-19 10:25:55.535705]:[32mnew implement IPagos
 [35m[2024-04-19 10:25:55.545426]:[32mnew implement IPagos
 [35m[2024-04-19 10:25:55.552153]:[32mnew implement IPagos
 [35m[2024-04-19 10:25:55.552277]:[32mnew implement IPagos
 [35m[2024-04-19 10:25:55.568619]:[32mnew implement IPagos
 [35m[2024-04-19 10:25:55.636255]:[32mnew implement IPagos
 [35m[2024-04-19 10:25:55.642650]:[32mnew implement IClientes
 [35m[2024-04-19 10:25:55.652921]:[32mnew implement IClientes
 [35m[2024-04-19 10:25:55.654583]:[32mnew implement IClientes
 [35m[2024-04-19 10:25:55.673956]:[32mnew implement IClientes
 [35m[2024-04-19 10:25:55.679124]:[32mnew implement IMectricCoffeshop
 [35m[2024-04-19 10:25:55.679243]:[32mnew implement IMectricCoffeshop
 [35m[2024-04-19 10:25:55.682647]:[32mnew implement IClientes
 [35m[2024-04-19 10:25:55.691474]:[32mnew implement IClientes
 [35m[2024-04-19 10:25:55.701444]:[32mnew implement IPagos
 [35m[2024-04-19 10:25:55.701552]:[32mnew implement IPagos
 [35m[2024-04-19 10:25:55.707560]:[32mnew implement IPagos
 [35m[2024-04-19 10:25:55.717842]:[32mnew implement IOrdenes
 [35m[2024-04-19 10:25:55.717941]:[32mnew implement IPagos
 [35m[2024-04-19 10:25:55.718527]:[32mnew implement IPagos
 [35m[2024-04-19 10:25:55.726235]:[32mnew implement IOrdenes
 [35m[2024-04-19 10:25:55.728548]:[32mnew implement IOrdenes
 [35m[2024-04-19 10:25:55.745884]:[32mnew implement IClientes
 [35m[2024-04-19 10:25:55.745983]:[32mnew implement IClientes
 [35m[2024-04-19 10:25:55.779239]:[32mnew implement IClientes
 [35m[2024-04-19 10:25:55.782506]:[32mnew implement IClientes
 [35m[2024-04-19 10:25:55.782607]:[32mnew implement IClientes
 [35m[2024-04-19 10:25:55.783939]:[32mnew implement IClientes
 [35m[2024-04-19 10:25:55.784030]:[32mnew implement IClientes
 [35m[2024-04-19 10:25:59.330998]:[32mnew implement IPagos
 [35m[2024-04-19 10:25:59.331228]:[32mnew implement IOrdenes
 [35m[2024-04-19 10:25:59.331339]:[32mnew implement IPagos
 [35m[2024-04-19 10:25:59.337836]:[32mnew implement IOrdenes
 [35m[2024-04-19 10:25:59.376763]:[32mnew implement IOrdenes
 [35m[2024-04-19 10:25:59.465154]:[32mnew implement IOrdenes
 [35m[2024-04-19 10:25:59.468158]:[32mnew implement IPagos
 [35m[2024-04-19 10:25:59.497391]:[32mnew implement IPagos
 [35m[2024-04-19 10:25:59.538357]:[32mnew implement IPagos
 [35m[2024-04-19 10:25:59.555615]:[32mnew implement IPagos
 [35m[2024-04-19 10:25:59.589299]:[32mnew implement IPagos
 [35m[2024-04-19 10:25:59.692713]:[32mnew implement IPagos
 [35m[2024-04-19 10:25:59.699698]:[32mnew implement IClientes
 [35m[2024-04-19 10:25:59.710146]:[32mnew implement IClientes
 [35m[2024-04-19 10:25:59.712003]:[32mnew implement IClientes
 [35m[2024-04-19 10:25:59.734081]:[32mnew implement IClientes
 [35m[2024-04-19 10:25:59.738953]:[32mnew implement IMectricCoffeshop
 [35m[2024-04-19 10:25:59.739062]:[32mnew implement IMectricCoffeshop
 [35m[2024-04-19 10:25:59.743552]:[32mnew implement IClientes
 [35m[2024-04-19 10:25:59.752760]:[32mnew implement IClientes
 [35m[2024-04-19 10:25:59.762343]:[32mnew implement IPagos
 [35m[2024-04-19 10:25:59.762469]:[32mnew implement IPagos
 [35m[2024-04-19 10:25:59.768741]:[32mnew implement IPagos
 [35m[2024-04-19 10:25:59.780691]:[32mnew implement IOrdenes
 [35m[2024-04-19 10:25:59.780808]:[32mnew implement IPagos
 [35m[2024-04-19 10:25:59.781432]:[32mnew implement IPagos
 [35m[2024-04-19 10:25:59.790984]:[32mnew implement IOrdenes
 [35m[2024-04-19 10:25:59.793927]:[32mnew implement IOrdenes
 [35m[2024-04-19 10:25:59.811770]:[32mnew implement IClientes
 [35m[2024-04-19 10:25:59.811882]:[32mnew implement IClientes
 [35m[2024-04-19 10:25:59.854249]:[32mnew implement IClientes
 [35m[2024-04-19 10:25:59.860076]:[32mnew implement IClientes
 [35m[2024-04-19 10:25:59.860187]:[32mnew implement IClientes
 [35m[2024-04-19 10:25:59.861502]:[32mnew implement IClientes
 [35m[2024-04-19 10:25:59.861604]:[32mnew implement IClientes
 [35m[2024-04-19 10:27:06.076287]:[32mConexión exitosa a la base de datos
 [35m[2024-04-19 10:27:06.239635]:[32mtoken validado con exito!!!
 [35m[2024-04-19 10:27:06.240012]:[32mDesconexión exitosa de la base de datos
 [35m[2024-04-19 10:27:06.815081]:[32mConexión exitosa a la base de datos
 [35m[2024-04-19 10:27:07.054900]:[32mconsulta de ultima tasa Dollar BCV  realizada con exito 
 [35m[2024-04-19 10:27:07.056160]:[32mDesconexión exitosa de la base de datos
 [35m[2024-04-19 10:27:07.056517]:[32mFinalizada la ejecucion de registros de productos 
 [35m[2024-04-19 10:27:32.254176]:[32mnew implement IPagos
 [35m[2024-04-19 10:27:32.254693]:[32mnew implement IOrdenes
 [35m[2024-04-19 10:27:32.255003]:[32mnew implement IPagos
 [35m[2024-04-19 10:27:32.261936]:[32mnew implement IOrdenes
 [35m[2024-04-19 10:27:32.279575]:[32mnew implement IOrdenes
 [35m[2024-04-19 10:27:32.323563]:[32mnew implement IOrdenes
 [35m[2024-04-19 10:27:32.324878]:[32mnew implement IPagos
 [35m[2024-04-19 10:27:32.335611]:[32mnew implement IPagos
 [35m[2024-04-19 10:27:32.341310]:[32mnew implement IPagos
 [35m[2024-04-19 10:27:32.341407]:[32mnew implement IPagos
 [35m[2024-04-19 10:27:32.349719]:[32mnew implement IPagos
 [35m[2024-04-19 10:27:40.202173]:[32mnew implement IPagos
 [35m[2024-04-19 10:27:40.202356]:[32mnew implement IOrdenes
 [35m[2024-04-19 10:27:40.202473]:[32mnew implement IPagos
 [35m[2024-04-19 10:27:40.207484]:[32mnew implement IOrdenes
 [35m[2024-04-19 10:27:40.224558]:[32mnew implement IOrdenes
 [35m[2024-04-19 10:27:40.274629]:[32mnew implement IOrdenes
 [35m[2024-04-19 10:27:40.276357]:[32mnew implement IPagos
 [35m[2024-04-19 10:27:40.288764]:[32mnew implement IPagos
 [35m[2024-04-19 10:27:40.296599]:[32mnew implement IPagos
 [35m[2024-04-19 10:27:40.296712]:[32mnew implement IPagos
 [35m[2024-04-19 10:27:40.305573]:[32mnew implement IPagos
 [35m[2024-04-19 10:27:40.373538]:[32mnew implement IPagos
 [35m[2024-04-19 10:27:40.383636]:[32mnew implement IClientes
 [35m[2024-04-19 10:27:40.394992]:[32mnew implement IClientes
 [35m[2024-04-19 10:27:40.397403]:[32mnew implement IClientes
 [35m[2024-04-19 10:27:40.419820]:[32mnew implement IClientes
 [35m[2024-04-19 10:27:40.425586]:[32mnew implement IMectricCoffeshop
 [35m[2024-04-19 10:27:40.425732]:[32mnew implement IMectricCoffeshop
 [35m[2024-04-19 10:27:40.430197]:[32mnew implement IClientes
 [35m[2024-04-19 10:27:40.440346]:[32mnew implement IClientes
 [35m[2024-04-19 10:27:40.452019]:[32mnew implement IPagos
 [35m[2024-04-19 10:27:40.452142]:[32mnew implement IPagos
 [35m[2024-04-19 10:27:40.458733]:[32mnew implement IPagos
 [35m[2024-04-19 10:27:40.471322]:[32mnew implement IOrdenes
 [35m[2024-04-19 10:27:40.471430]:[32mnew implement IPagos
 [35m[2024-04-19 10:27:40.472096]:[32mnew implement IPagos
 [35m[2024-04-19 10:27:40.481559]:[32mnew implement IOrdenes
 [35m[2024-04-19 10:27:40.484283]:[32mnew implement IOrdenes
 [35m[2024-04-19 10:27:40.502268]:[32mnew implement IClientes
 [35m[2024-04-19 10:27:40.502367]:[32mnew implement IClientes
 [35m[2024-04-19 10:27:40.540677]:[32mnew implement IClientes
 [35m[2024-04-19 10:27:40.545155]:[32mnew implement IClientes
 [35m[2024-04-19 10:27:40.545305]:[32mnew implement IClientes
 [35m[2024-04-19 10:27:40.546871]:[32mnew implement IClientes
 [35m[2024-04-19 10:27:40.546969]:[32mnew implement IClientes
 [35m[2024-04-19 10:28:17.261316]:[32mnew implement IPagos
 [35m[2024-04-19 10:28:17.261860]:[32mnew implement IOrdenes
 [35m[2024-04-19 10:28:17.261984]:[32mnew implement IPagos
 [35m[2024-04-19 10:28:17.269032]:[32mnew implement IOrdenes
 [35m[2024-04-19 10:28:17.290951]:[32mnew implement IOrdenes
 [35m[2024-04-19 10:28:17.335100]:[32mnew implement IOrdenes
 [35m[2024-04-19 10:28:17.336440]:[32mnew implement IPagos
 [35m[2024-04-19 10:28:17.347247]:[32mnew implement IPagos
 [35m[2024-04-19 10:28:17.352811]:[32mnew implement IPagos
 [35m[2024-04-19 10:28:17.352923]:[32mnew implement IPagos
 [35m[2024-04-19 10:28:17.361470]:[32mnew implement IPagos
 [35m[2024-04-19 10:28:17.413974]:[32mnew implement IPagos
 [35m[2024-04-19 10:28:17.420435]:[32mnew implement IClientes
 [35m[2024-04-19 10:28:17.430845]:[32mnew implement IClientes
 [35m[2024-04-19 10:28:17.432536]:[32mnew implement IClientes
 [35m[2024-04-19 10:28:17.452188]:[32mnew implement IClientes
 [35m[2024-04-19 10:28:17.457429]:[32mnew implement IMectricCoffeshop
 [35m[2024-04-19 10:28:17.457555]:[32mnew implement IMectricCoffeshop
 [35m[2024-04-19 10:28:17.461739]:[32mnew implement IClientes
 [35m[2024-04-19 10:28:17.471526]:[32mnew implement IClientes
 [35m[2024-04-19 10:28:17.480547]:[32mnew implement IPagos
 [35m[2024-04-19 10:28:17.480649]:[32mnew implement IPagos
 [35m[2024-04-19 10:28:17.489706]:[32mnew implement IPagos
 [35m[2024-04-19 10:28:17.502261]:[32mnew implement IOrdenes
 [35m[2024-04-19 10:28:17.502407]:[32mnew implement IPagos
 [35m[2024-04-19 10:28:17.503324]:[32mnew implement IPagos
 [35m[2024-04-19 10:28:17.517167]:[32mnew implement IOrdenes
 [35m[2024-04-19 10:28:17.520808]:[32mnew implement IOrdenes
 [35m[2024-04-19 10:28:17.539716]:[32mnew implement IClientes
 [35m[2024-04-19 10:28:17.539819]:[32mnew implement IClientes
 [35m[2024-04-19 10:28:17.579848]:[32mnew implement IClientes
 [35m[2024-04-19 10:28:17.583401]:[32mnew implement IClientes
 [35m[2024-04-19 10:28:17.583544]:[32mnew implement IClientes
 [35m[2024-04-19 10:28:17.584861]:[32mnew implement IClientes
 [35m[2024-04-19 10:28:17.584952]:[32mnew implement IClientes
 [35m[2024-04-19 10:28:36.237273]:[32mnew implement IPagos
 [35m[2024-04-19 10:28:36.237939]:[32mnew implement IOrdenes
 [35m[2024-04-19 10:28:36.238053]:[32mnew implement IPagos
 [35m[2024-04-19 10:28:36.243740]:[32mnew implement IOrdenes
 [35m[2024-04-19 10:28:36.264233]:[32mnew implement IOrdenes
 [35m[2024-04-19 10:28:36.386385]:[32mnew implement IOrdenes
 [35m[2024-04-19 10:28:36.388708]:[32mnew implement IPagos
 [35m[2024-04-19 10:28:36.420084]:[32mnew implement IPagos
 [35m[2024-04-19 10:28:36.440005]:[32mnew implement IPagos
 [35m[2024-04-19 10:28:36.440359]:[32mnew implement IPagos
 [35m[2024-04-19 10:28:36.462262]:[32mnew implement IPagos
 [35m[2024-04-19 10:28:36.531821]:[32mnew implement IPagos
 [35m[2024-04-19 10:28:36.538628]:[32mnew implement IClientes
 [35m[2024-04-19 10:28:36.549311]:[32mnew implement IClientes
 [35m[2024-04-19 10:28:36.551236]:[32mnew implement IClientes
 [35m[2024-04-19 10:28:36.571883]:[32mnew implement IClientes
 [35m[2024-04-19 10:28:36.576886]:[32mnew implement IMectricCoffeshop
 [35m[2024-04-19 10:28:36.576995]:[32mnew implement IMectricCoffeshop
 [35m[2024-04-19 10:28:36.580588]:[32mnew implement IClientes
 [35m[2024-04-19 10:28:36.589447]:[32mnew implement IClientes
 [35m[2024-04-19 10:28:36.598299]:[32mnew implement IPagos
 [35m[2024-04-19 10:28:36.598402]:[32mnew implement IPagos
 [35m[2024-04-19 10:28:36.607057]:[32mnew implement IPagos
 [35m[2024-04-19 10:28:36.619595]:[32mnew implement IOrdenes
 [35m[2024-04-19 10:28:36.619708]:[32mnew implement IPagos
 [35m[2024-04-19 10:28:36.620317]:[32mnew implement IPagos
 [35m[2024-04-19 10:28:36.628135]:[32mnew implement IOrdenes
 [35m[2024-04-19 10:28:36.630887]:[32mnew implement IOrdenes
 [35m[2024-04-19 10:28:36.648418]:[32mnew implement IClientes
 [35m[2024-04-19 10:28:36.648517]:[32mnew implement IClientes
 [35m[2024-04-19 10:28:36.685169]:[32mnew implement IClientes
 [35m[2024-04-19 10:28:36.688510]:[32mnew implement IClientes
 [35m[2024-04-19 10:28:36.688633]:[32mnew implement IClientes
 [35m[2024-04-19 10:28:36.689987]:[32mnew implement IClientes
 [35m[2024-04-19 10:28:36.690057]:[32mnew implement IClientes
 [35m[2024-04-19 10:28:51.116172]:[32mnew implement IPagos
 [35m[2024-04-19 10:28:51.116502]:[32mnew implement IOrdenes
 [35m[2024-04-19 10:28:51.116671]:[32mnew implement IPagos
 [35m[2024-04-19 10:28:51.128412]:[32mnew implement IOrdenes
 [35m[2024-04-19 10:28:51.206707]:[32mnew implement IOrdenes
 [35m[2024-04-19 10:28:51.340385]:[32mnew implement IOrdenes
 [35m[2024-04-19 10:28:51.343952]:[32mnew implement IPagos
 [35m[2024-04-19 10:28:51.371827]:[32mnew implement IPagos
 [35m[2024-04-19 10:28:51.383403]:[32mnew implement IPagos
 [35m[2024-04-19 10:28:51.383590]:[32mnew implement IPagos
 [35m[2024-04-19 10:28:51.404659]:[32mnew implement IPagos
 [35m[2024-04-19 10:28:51.514990]:[32mnew implement IPagos
 [35m[2024-04-19 10:28:51.525470]:[32mnew implement IClientes
 [35m[2024-04-19 10:28:51.542331]:[32mnew implement IClientes
 [35m[2024-04-19 10:28:51.544902]:[32mnew implement IClientes
 [35m[2024-04-19 10:28:51.586384]:[32mnew implement IClientes
 [35m[2024-04-19 10:28:51.593006]:[32mnew implement IMectricCoffeshop
 [35m[2024-04-19 10:28:51.593110]:[32mnew implement IMectricCoffeshop
 [35m[2024-04-19 10:28:51.602031]:[32mnew implement IClientes
 [35m[2024-04-19 10:28:51.618502]:[32mnew implement IClientes
 [35m[2024-04-19 10:28:51.634946]:[32mnew implement IPagos
 [35m[2024-04-19 10:28:51.635067]:[32mnew implement IPagos
 [35m[2024-04-19 10:28:51.643350]:[32mnew implement IPagos
 [35m[2024-04-19 10:28:51.666611]:[32mnew implement IOrdenes
 [35m[2024-04-19 10:28:51.666751]:[32mnew implement IPagos
 [35m[2024-04-19 10:28:51.667679]:[32mnew implement IPagos
 [35m[2024-04-19 10:28:51.682293]:[32mnew implement IOrdenes
 [35m[2024-04-19 10:28:51.686505]:[32mnew implement IOrdenes
 [35m[2024-04-19 10:28:51.722513]:[32mnew implement IClientes
 [35m[2024-04-19 10:28:51.723284]:[32mnew implement IClientes
 [35m[2024-04-19 10:28:51.825577]:[32mnew implement IClientes
 [35m[2024-04-19 10:28:51.832541]:[32mnew implement IClientes
 [35m[2024-04-19 10:28:51.833304]:[32mnew implement IClientes
 [35m[2024-04-19 10:28:51.836304]:[32mnew implement IClientes
 [35m[2024-04-19 10:28:51.837042]:[32mnew implement IClientes
 [35m[2024-04-19 10:28:54.184937]:[32mConexión exitosa a la base de datos
 [35m[2024-04-19 10:28:54.466635]:[32mconsulta de ultima tasa Dollar BCV  realizada con exito 
 [35m[2024-04-19 10:28:54.466992]:[32mDesconexión exitosa de la base de datos
 [35m[2024-04-19 10:28:54.467101]:[32mFinalizada la ejecucion de registros de productos 
 [35m[2024-04-19 10:30:03.202997]:[32mnew implement IPagos
 [35m[2024-04-19 10:30:03.203847]:[32mnew implement IOrdenes
 [35m[2024-04-19 10:30:03.204307]:[32mnew implement IPagos
 [35m[2024-04-19 10:30:03.211861]:[32mnew implement IOrdenes
 [35m[2024-04-19 10:30:03.240444]:[32mnew implement IOrdenes
 [35m[2024-04-19 10:30:03.286512]:[32mnew implement IOrdenes
 [35m[2024-04-19 10:30:03.287910]:[32mnew implement IPagos
 [35m[2024-04-19 10:30:03.300595]:[32mnew implement IPagos
 [35m[2024-04-19 10:30:03.307634]:[32mnew implement IPagos
 [35m[2024-04-19 10:30:03.307756]:[32mnew implement IPagos
 [35m[2024-04-19 10:30:03.316176]:[32mnew implement IPagos
 [35m[2024-04-19 10:30:12.805876]:[32mnew implement IPagos
 [35m[2024-04-19 10:30:12.806062]:[32mnew implement IOrdenes
 [35m[2024-04-19 10:30:12.806176]:[32mnew implement IPagos
 [35m[2024-04-19 10:30:12.810885]:[32mnew implement IOrdenes
 [35m[2024-04-19 10:30:12.832438]:[32mnew implement IOrdenes
 [35m[2024-04-19 10:30:12.889647]:[32mnew implement IOrdenes
 [35m[2024-04-19 10:30:12.891004]:[32mnew implement IPagos
 [35m[2024-04-19 10:30:12.901144]:[32mnew implement IPagos
 [35m[2024-04-19 10:30:12.906873]:[32mnew implement IPagos
 [35m[2024-04-19 10:30:12.906969]:[32mnew implement IPagos
 [35m[2024-04-19 10:30:12.915328]:[32mnew implement IPagos
 [35m[2024-04-19 10:30:12.979701]:[32mnew implement IPagos
 [35m[2024-04-19 10:30:12.987874]:[32mnew implement IClientes
 [35m[2024-04-19 10:30:12.998473]:[32mnew implement IClientes
 [35m[2024-04-19 10:30:13.000164]:[32mnew implement IClientes
 [35m[2024-04-19 10:30:13.019695]:[32mnew implement IClientes
 [35m[2024-04-19 10:30:13.024641]:[32mnew implement IMectricCoffeshop
 [35m[2024-04-19 10:30:13.024744]:[32mnew implement IMectricCoffeshop
 [35m[2024-04-19 10:30:13.028395]:[32mnew implement IClientes
 [35m[2024-04-19 10:30:13.037223]:[32mnew implement IClientes
 [35m[2024-04-19 10:30:13.046078]:[32mnew implement IPagos
 [35m[2024-04-19 10:30:13.046158]:[32mnew implement IPagos
 [35m[2024-04-19 10:30:13.052232]:[32mnew implement IPagos
 [35m[2024-04-19 10:30:13.065729]:[32mnew implement IOrdenes
 [35m[2024-04-19 10:30:13.065812]:[32mnew implement IPagos
 [35m[2024-04-19 10:30:13.066392]:[32mnew implement IPagos
 [35m[2024-04-19 10:30:13.075652]:[32mnew implement IOrdenes
 [35m[2024-04-19 10:30:13.078401]:[32mnew implement IOrdenes
 [35m[2024-04-19 10:30:13.095092]:[32mnew implement IClientes
 [35m[2024-04-19 10:30:13.095187]:[32mnew implement IClientes
 [35m[2024-04-19 10:30:13.129204]:[32mnew implement IClientes
 [35m[2024-04-19 10:30:13.132299]:[32mnew implement IClientes
 [35m[2024-04-19 10:30:13.132414]:[32mnew implement IClientes
 [35m[2024-04-19 10:30:13.133596]:[32mnew implement IClientes
 [35m[2024-04-19 10:30:13.133711]:[32mnew implement IClientes
 [35m[2024-04-19 10:30:16.213576]:[32mConexión exitosa a la base de datos
 [35m[2024-04-19 10:30:16.378672]:[32m[0;31m error en la base de datos detailllave duplicada viola restricción de unicidad «tazadollar_pk»
DETAIL:  Ya existe la llave (id)=(00).

 [35m[2024-04-19 10:30:16.378975]:[32mERROR EN LA BASE DE DATOS
 [35m[2024-04-19 10:30:16.379603]:[32mDesconexión exitosa de la base de datos
 [35m[2024-04-19 10:30:16.379919]:[32mFinalizada la ejecucion de registros de productos 
 [35m[2024-04-19 10:32:05.434374]:[32mnew implement IPagos
 [35m[2024-04-19 10:32:05.434518]:[32mnew implement IOrdenes
 [35m[2024-04-19 10:32:05.434584]:[32mnew implement IPagos
 [35m[2024-04-19 10:32:05.440215]:[32mnew implement IOrdenes
 [35m[2024-04-19 10:32:05.462448]:[32mnew implement IOrdenes
 [35m[2024-04-19 10:32:05.508385]:[32mnew implement IOrdenes
 [35m[2024-04-19 10:32:05.510219]:[32mnew implement IPagos
 [35m[2024-04-19 10:32:05.521843]:[32mnew implement IPagos
 [35m[2024-04-19 10:32:05.527930]:[32mnew implement IPagos
 [35m[2024-04-19 10:32:05.528040]:[32mnew implement IPagos
 [35m[2024-04-19 10:32:05.538972]:[32mnew implement IPagos
 [35m[2024-04-19 10:32:05.679433]:[32mnew implement IPagos
 [35m[2024-04-19 10:32:05.703285]:[32mnew implement IClientes
 [35m[2024-04-19 10:32:05.742434]:[32mnew implement IClientes
 [35m[2024-04-19 10:32:05.746828]:[32mnew implement IClientes
 [35m[2024-04-19 10:32:05.802469]:[32mnew implement IClientes
 [35m[2024-04-19 10:32:05.813267]:[32mnew implement IMectricCoffeshop
 [35m[2024-04-19 10:32:05.813472]:[32mnew implement IMectricCoffeshop
 [35m[2024-04-19 10:32:05.822928]:[32mnew implement IClientes
 [35m[2024-04-19 10:32:05.844235]:[32mnew implement IClientes
 [35m[2024-04-19 10:32:05.866250]:[32mnew implement IPagos
 [35m[2024-04-19 10:32:05.866620]:[32mnew implement IPagos
 [35m[2024-04-19 10:32:05.882135]:[32mnew implement IPagos
 [35m[2024-04-19 10:32:05.906851]:[32mnew implement IOrdenes
 [35m[2024-04-19 10:32:05.907007]:[32mnew implement IPagos
 [35m[2024-04-19 10:32:05.908448]:[32mnew implement IPagos
 [35m[2024-04-19 10:32:05.923117]:[32mnew implement IOrdenes
 [35m[2024-04-19 10:32:05.926030]:[32mnew implement IOrdenes
 [35m[2024-04-19 10:32:05.968423]:[32mnew implement IClientes
 [35m[2024-04-19 10:32:05.968559]:[32mnew implement IClientes
 [35m[2024-04-19 10:32:06.044356]:[32mnew implement IClientes
 [35m[2024-04-19 10:32:06.054900]:[32mnew implement IClientes
 [35m[2024-04-19 10:32:06.056331]:[32mnew implement IClientes
 [35m[2024-04-19 10:32:06.061460]:[32mnew implement IClientes
 [35m[2024-04-19 10:32:06.061686]:[32mnew implement IClientes
 [35m[2024-04-19 10:32:29.297396]:[32mConexión exitosa a la base de datos
 [35m[2024-04-19 10:32:29.457221]:[32m[0;31m error en la base de datos detailllave duplicada viola restricción de unicidad «tazadollar_pk»
DETAIL:  Ya existe la llave (id)=(00).

 [35m[2024-04-19 10:32:29.457401]:[32mERROR EN LA BASE DE DATOS
 [35m[2024-04-19 10:32:29.457635]:[32mDesconexión exitosa de la base de datos
 [35m[2024-04-19 10:32:29.457727]:[32mFinalizada la ejecucion de registros de productos 
 [35m[2024-04-19 10:32:49.819054]:[32mnew implement IPagos
 [35m[2024-04-19 10:32:49.819273]:[32mnew implement IOrdenes
 [35m[2024-04-19 10:32:49.819357]:[32mnew implement IPagos
 [35m[2024-04-19 10:32:49.824501]:[32mnew implement IOrdenes
 [35m[2024-04-19 10:32:49.870501]:[32mnew implement IOrdenes
 [35m[2024-04-19 10:32:49.976530]:[32mnew implement IOrdenes
 [35m[2024-04-19 10:32:49.978095]:[32mnew implement IPagos
 [35m[2024-04-19 10:32:49.989538]:[32mnew implement IPagos
 [35m[2024-04-19 10:32:49.998534]:[32mnew implement IPagos
 [35m[2024-04-19 10:32:49.998654]:[32mnew implement IPagos
 [35m[2024-04-19 10:32:50.021367]:[32mnew implement IPagos
 [35m[2024-04-19 10:32:50.171886]:[32mnew implement IPagos
 [35m[2024-04-19 10:32:50.183850]:[32mnew implement IClientes
 [35m[2024-04-19 10:32:50.219391]:[32mnew implement IClientes
 [35m[2024-04-19 10:32:50.224061]:[32mnew implement IClientes
 [35m[2024-04-19 10:32:50.281829]:[32mnew implement IClientes
 [35m[2024-04-19 10:32:50.296635]:[32mnew implement IMectricCoffeshop
 [35m[2024-04-19 10:32:50.297077]:[32mnew implement IMectricCoffeshop
 [35m[2024-04-19 10:32:50.309191]:[32mnew implement IClientes
 [35m[2024-04-19 10:32:50.344436]:[32mnew implement IClientes
 [35m[2024-04-19 10:32:50.370658]:[32mnew implement IPagos
 [35m[2024-04-19 10:32:50.371213]:[32mnew implement IPagos
 [35m[2024-04-19 10:32:50.396282]:[32mnew implement IPagos
 [35m[2024-04-19 10:32:50.429059]:[32mnew implement IOrdenes
 [35m[2024-04-19 10:32:50.429683]:[32mnew implement IPagos
 [35m[2024-04-19 10:32:50.432386]:[32mnew implement IPagos
 [35m[2024-04-19 10:32:50.451756]:[32mnew implement IOrdenes
 [35m[2024-04-19 10:32:50.461901]:[32mnew implement IOrdenes
 [35m[2024-04-19 10:32:50.509854]:[32mnew implement IClientes
 [35m[2024-04-19 10:32:50.510137]:[32mnew implement IClientes
 [35m[2024-04-19 10:32:50.636021]:[32mnew implement IClientes
 [35m[2024-04-19 10:32:50.644143]:[32mnew implement IClientes
 [35m[2024-04-19 10:32:50.645076]:[32mnew implement IClientes
 [35m[2024-04-19 10:32:50.647843]:[32mnew implement IClientes
 [35m[2024-04-19 10:32:50.648480]:[32mnew implement IClientes
 [35m[2024-04-19 10:32:53.668081]:[32mConexión exitosa a la base de datos
 [35m[2024-04-19 10:32:54.183254]:[32mconsulta de ultima tasa Dollar BCV  realizada con exito 
 [35m[2024-04-19 10:32:54.183803]:[32mDesconexión exitosa de la base de datos
 [35m[2024-04-19 10:32:54.183946]:[32mFinalizada la ejecucion de registros de productos 
 [35m[2024-04-19 10:33:47.702165]:[32mnew implement IPagos
 [35m[2024-04-19 10:33:47.702387]:[32mnew implement IOrdenes
 [35m[2024-04-19 10:33:47.702490]:[32mnew implement IPagos
 [35m[2024-04-19 10:33:47.706832]:[32mnew implement IOrdenes
 [35m[2024-04-19 10:33:47.733823]:[32mnew implement IOrdenes
 [35m[2024-04-19 10:33:47.817061]:[32mnew implement IOrdenes
 [35m[2024-04-19 10:33:47.818660]:[32mnew implement IPagos
 [35m[2024-04-19 10:33:47.831324]:[32mnew implement IPagos
 [35m[2024-04-19 10:33:47.840215]:[32mnew implement IPagos
 [35m[2024-04-19 10:33:47.840544]:[32mnew implement IPagos
 [35m[2024-04-19 10:33:47.861668]:[32mnew implement IPagos
 [35m[2024-04-19 10:33:47.978424]:[32mnew implement IPagos
 [35m[2024-04-19 10:33:47.987363]:[32mnew implement IClientes
 [35m[2024-04-19 10:33:48.002946]:[32mnew implement IClientes
 [35m[2024-04-19 10:33:48.005202]:[32mnew implement IClientes
 [35m[2024-04-19 10:33:48.051603]:[32mnew implement IClientes
 [35m[2024-04-19 10:33:48.059669]:[32mnew implement IMectricCoffeshop
 [35m[2024-04-19 10:33:48.059875]:[32mnew implement IMectricCoffeshop
 [35m[2024-04-19 10:33:48.067132]:[32mnew implement IClientes
 [35m[2024-04-19 10:33:48.094986]:[32mnew implement IClientes
 [35m[2024-04-19 10:33:48.114215]:[32mnew implement IPagos
 [35m[2024-04-19 10:33:48.114788]:[32mnew implement IPagos
 [35m[2024-04-19 10:33:48.130811]:[32mnew implement IPagos
 [35m[2024-04-19 10:33:48.147329]:[32mnew implement IOrdenes
 [35m[2024-04-19 10:33:48.147844]:[32mnew implement IPagos
 [35m[2024-04-19 10:33:48.149970]:[32mnew implement IPagos
 [35m[2024-04-19 10:33:48.168919]:[32mnew implement IOrdenes
 [35m[2024-04-19 10:33:48.177398]:[32mnew implement IOrdenes
 [35m[2024-04-19 10:33:48.234506]:[32mnew implement IClientes
 [35m[2024-04-19 10:33:48.234722]:[32mnew implement IClientes
 [35m[2024-04-19 10:33:48.349822]:[32mnew implement IClientes
 [35m[2024-04-19 10:33:48.357046]:[32mnew implement IClientes
 [35m[2024-04-19 10:33:48.357454]:[32mnew implement IClientes
 [35m[2024-04-19 10:33:48.359950]:[32mnew implement IClientes
 [35m[2024-04-19 10:33:48.360382]:[32mnew implement IClientes
 [35m[2024-04-19 10:33:51.400721]:[32mnew implement IPagos
 [35m[2024-04-19 10:33:51.401749]:[32mnew implement IOrdenes
 [35m[2024-04-19 10:33:51.402614]:[32mnew implement IPagos
 [35m[2024-04-19 10:33:51.409310]:[32mnew implement IOrdenes
 [35m[2024-04-19 10:33:51.459708]:[32mnew implement IOrdenes
 [35m[2024-04-19 10:33:51.604839]:[32mnew implement IOrdenes
 [35m[2024-04-19 10:33:51.610359]:[32mnew implement IPagos
 [35m[2024-04-19 10:33:51.660081]:[32mnew implement IPagos
 [35m[2024-04-19 10:33:51.677611]:[32mnew implement IPagos
 [35m[2024-04-19 10:33:51.678813]:[32mnew implement IPagos
 [35m[2024-04-19 10:33:51.705140]:[32mnew implement IPagos
 [35m[2024-04-19 10:33:51.839958]:[32mnew implement IPagos
 [35m[2024-04-19 10:33:51.855893]:[32mnew implement IClientes
 [35m[2024-04-19 10:33:51.887512]:[32mnew implement IClientes
 [35m[2024-04-19 10:33:51.892582]:[32mnew implement IClientes
 [35m[2024-04-19 10:33:51.961455]:[32mnew implement IClientes
 [35m[2024-04-19 10:33:51.980061]:[32mnew implement IMectricCoffeshop
 [35m[2024-04-19 10:33:51.981135]:[32mnew implement IMectricCoffeshop
 [35m[2024-04-19 10:33:51.995024]:[32mnew implement IClientes
 [35m[2024-04-19 10:33:52.035009]:[32mnew implement IClientes
 [35m[2024-04-19 10:33:52.072904]:[32mnew implement IPagos
 [35m[2024-04-19 10:33:52.074648]:[32mnew implement IPagos
 [35m[2024-04-19 10:33:52.100987]:[32mnew implement IPagos
 [35m[2024-04-19 10:33:52.145971]:[32mnew implement IOrdenes
 [35m[2024-04-19 10:33:52.146358]:[32mnew implement IPagos
 [35m[2024-04-19 10:33:52.147672]:[32mnew implement IPagos
 [35m[2024-04-19 10:33:52.174419]:[32mnew implement IOrdenes
 [35m[2024-04-19 10:33:52.180744]:[32mnew implement IOrdenes
 [35m[2024-04-19 10:33:52.297634]:[32mnew implement IClientes
 [35m[2024-04-19 10:33:52.299654]:[32mnew implement IClientes
 [35m[2024-04-19 10:33:52.464912]:[32mnew implement IClientes
 [35m[2024-04-19 10:33:52.472209]:[32mnew implement IClientes
 [35m[2024-04-19 10:33:52.472393]:[32mnew implement IClientes
 [35m[2024-04-19 10:33:52.476149]:[32mnew implement IClientes
 [35m[2024-04-19 10:33:52.478991]:[32mnew implement IClientes
 [35m[2024-04-19 10:33:56.442003]:[32mConexión exitosa a la base de datos
 [35m[2024-04-19 10:33:56.955923]:[32mconsulta de ultima tasa Dollar BCV  realizada con exito 
 [35m[2024-04-19 10:33:56.957104]:[32mDesconexión exitosa de la base de datos
 [35m[2024-04-19 10:33:56.957389]:[32mFinalizada la ejecucion de registros de productos 
 [35m[2024-04-19 10:34:16.729895]:[32mnew implement IPagos
 [35m[2024-04-19 10:34:16.730857]:[32mnew implement IOrdenes
 [35m[2024-04-19 10:34:16.731390]:[32mnew implement IPagos
 [35m[2024-04-19 10:34:16.744242]:[32mnew implement IOrdenes
 [35m[2024-04-19 10:34:16.802806]:[32mnew implement IOrdenes
 [35m[2024-04-19 10:34:16.961809]:[32mnew implement IOrdenes
 [35m[2024-04-19 10:34:16.967503]:[32mnew implement IPagos
 [35m[2024-04-19 10:34:17.002813]:[32mnew implement IPagos
 [35m[2024-04-19 10:34:17.020854]:[32mnew implement IPagos
 [35m[2024-04-19 10:34:17.021127]:[32mnew implement IPagos
 [35m[2024-04-19 10:34:17.048975]:[32mnew implement IPagos
 [35m[2024-04-19 10:34:17.192346]:[32mnew implement IPagos
 [35m[2024-04-19 10:34:17.200234]:[32mnew implement IClientes
 [35m[2024-04-19 10:34:17.223466]:[32mnew implement IClientes
 [35m[2024-04-19 10:34:17.227925]:[32mnew implement IClientes
 [35m[2024-04-19 10:34:17.284434]:[32mnew implement IClientes
 [35m[2024-04-19 10:34:17.297313]:[32mnew implement IMectricCoffeshop
 [35m[2024-04-19 10:34:17.298258]:[32mnew implement IMectricCoffeshop
 [35m[2024-04-19 10:34:17.309077]:[32mnew implement IClientes
 [35m[2024-04-19 10:34:17.339792]:[32mnew implement IClientes
 [35m[2024-04-19 10:34:17.360577]:[32mnew implement IPagos
 [35m[2024-04-19 10:34:17.362376]:[32mnew implement IPagos
 [35m[2024-04-19 10:34:17.383654]:[32mnew implement IPagos
 [35m[2024-04-19 10:34:17.408175]:[32mnew implement IOrdenes
 [35m[2024-04-19 10:34:17.409301]:[32mnew implement IPagos
 [35m[2024-04-19 10:34:17.417001]:[32mnew implement IPagos
 [35m[2024-04-19 10:34:17.438054]:[32mnew implement IOrdenes
 [35m[2024-04-19 10:34:17.443894]:[32mnew implement IOrdenes
 [35m[2024-04-19 10:34:17.488204]:[32mnew implement IClientes
 [35m[2024-04-19 10:34:17.489233]:[32mnew implement IClientes
 [35m[2024-04-19 10:34:17.572919]:[32mnew implement IClientes
 [35m[2024-04-19 10:34:17.586710]:[32mnew implement IClientes
 [35m[2024-04-19 10:34:17.587758]:[32mnew implement IClientes
 [35m[2024-04-19 10:34:17.590431]:[32mnew implement IClientes
 [35m[2024-04-19 10:34:17.591359]:[32mnew implement IClientes
 [35m[2024-04-19 10:34:19.626181]:[32mConexión exitosa a la base de datos
 [35m[2024-04-19 10:34:19.788433]:[32m[0;31m error en la base de datos detailllave duplicada viola restricción de unicidad «tazadollar_pk»
DETAIL:  Ya existe la llave (id)=(validacion1).

 [35m[2024-04-19 10:34:19.788551]:[32mERROR EN LA BASE DE DATOS
 [35m[2024-04-19 10:34:19.788801]:[32mDesconexión exitosa de la base de datos
 [35m[2024-04-19 10:34:19.788915]:[32mFinalizada la ejecucion de registros de productos 
 [35m[2024-04-19 10:34:26.337987]:[32mnew implement IPagos
 [35m[2024-04-19 10:34:26.338470]:[32mnew implement IOrdenes
 [35m[2024-04-19 10:34:26.338606]:[32mnew implement IPagos
 [35m[2024-04-19 10:34:26.350144]:[32mnew implement IOrdenes
 [35m[2024-04-19 10:34:26.405204]:[32mnew implement IOrdenes
 [35m[2024-04-19 10:34:26.544437]:[32mnew implement IOrdenes
 [35m[2024-04-19 10:34:26.553645]:[32mnew implement IPagos
 [35m[2024-04-19 10:34:26.598554]:[32mnew implement IPagos
 [35m[2024-04-19 10:34:26.623181]:[32mnew implement IPagos
 [35m[2024-04-19 10:34:26.623366]:[32mnew implement IPagos
 [35m[2024-04-19 10:34:26.657220]:[32mnew implement IPagos
 [35m[2024-04-19 10:34:26.850166]:[32mnew implement IPagos
 [35m[2024-04-19 10:34:26.877279]:[32mnew implement IClientes
 [35m[2024-04-19 10:34:26.921912]:[32mnew implement IClientes
 [35m[2024-04-19 10:34:26.926183]:[32mnew implement IClientes
 [35m[2024-04-19 10:34:26.985355]:[32mnew implement IClientes
 [35m[2024-04-19 10:34:27.003290]:[32mnew implement IMectricCoffeshop
 [35m[2024-04-19 10:34:27.004275]:[32mnew implement IMectricCoffeshop
 [35m[2024-04-19 10:34:27.023314]:[32mnew implement IClientes
 [35m[2024-04-19 10:34:27.060975]:[32mnew implement IClientes
 [35m[2024-04-19 10:34:27.095177]:[32mnew implement IPagos
 [35m[2024-04-19 10:34:27.097908]:[32mnew implement IPagos
 [35m[2024-04-19 10:34:27.123234]:[32mnew implement IPagos
 [35m[2024-04-19 10:34:27.162827]:[32mnew implement IOrdenes
 [35m[2024-04-19 10:34:27.163275]:[32mnew implement IPagos
 [35m[2024-04-19 10:34:27.165944]:[32mnew implement IPagos
 [35m[2024-04-19 10:34:27.194864]:[32mnew implement IOrdenes
 [35m[2024-04-19 10:34:27.199997]:[32mnew implement IOrdenes
 [35m[2024-04-19 10:34:27.270496]:[32mnew implement IClientes
 [35m[2024-04-19 10:34:27.271060]:[32mnew implement IClientes
 [35m[2024-04-19 10:34:27.400811]:[32mnew implement IClientes
 [35m[2024-04-19 10:34:27.411741]:[32mnew implement IClientes
 [35m[2024-04-19 10:34:27.413118]:[32mnew implement IClientes
 [35m[2024-04-19 10:34:27.417683]:[32mnew implement IClientes
 [35m[2024-04-19 10:34:27.418388]:[32mnew implement IClientes
 [35m[2024-04-19 10:34:29.531078]:[32mConexión exitosa a la base de datos
 [35m[2024-04-19 10:34:29.922885]:[32mconsulta de ultima tasa Dollar BCV  realizada con exito 
 [35m[2024-04-19 10:34:29.923890]:[32mDesconexión exitosa de la base de datos
 [35m[2024-04-19 10:34:29.924296]:[32mFinalizada la ejecucion de registros de productos 
 [35m[2024-04-19 10:34:39.114851]:[32mnew implement IPagos
 [35m[2024-04-19 10:34:39.115093]:[32mnew implement IOrdenes
 [35m[2024-04-19 10:34:39.115196]:[32mnew implement IPagos
 [35m[2024-04-19 10:34:39.122970]:[32mnew implement IOrdenes
 [35m[2024-04-19 10:34:39.169881]:[32mnew implement IOrdenes
 [35m[2024-04-19 10:34:39.288774]:[32mnew implement IOrdenes
 [35m[2024-04-19 10:34:39.291312]:[32mnew implement IPagos
 [35m[2024-04-19 10:34:39.316573]:[32mnew implement IPagos
 [35m[2024-04-19 10:34:39.336424]:[32mnew implement IPagos
 [35m[2024-04-19 10:34:39.336589]:[32mnew implement IPagos
 [35m[2024-04-19 10:34:39.354888]:[32mnew implement IPagos
 [35m[2024-04-19 10:34:39.479940]:[32mnew implement IPagos
 [35m[2024-04-19 10:34:39.491678]:[32mnew implement IClientes
 [35m[2024-04-19 10:34:39.519935]:[32mnew implement IClientes
 [35m[2024-04-19 10:34:39.523835]:[32mnew implement IClientes
 [35m[2024-04-19 10:34:39.570965]:[32mnew implement IClientes
 [35m[2024-04-19 10:34:39.579807]:[32mnew implement IMectricCoffeshop
 [35m[2024-04-19 10:34:39.580269]:[32mnew implement IMectricCoffeshop
 [35m[2024-04-19 10:34:39.588610]:[32mnew implement IClientes
 [35m[2024-04-19 10:34:39.611767]:[32mnew implement IClientes
 [35m[2024-04-19 10:34:39.636934]:[32mnew implement IPagos
 [35m[2024-04-19 10:34:39.637871]:[32mnew implement IPagos
 [35m[2024-04-19 10:34:39.654684]:[32mnew implement IPagos
 [35m[2024-04-19 10:34:39.682259]:[32mnew implement IOrdenes
 [35m[2024-04-19 10:34:39.682435]:[32mnew implement IPagos
 [35m[2024-04-19 10:34:39.683605]:[32mnew implement IPagos
 [35m[2024-04-19 10:34:39.705530]:[32mnew implement IOrdenes
 [35m[2024-04-19 10:34:39.713289]:[32mnew implement IOrdenes
 [35m[2024-04-19 10:34:39.762597]:[32mnew implement IClientes
 [35m[2024-04-19 10:34:39.762732]:[32mnew implement IClientes
 [35m[2024-04-19 10:34:39.887203]:[32mnew implement IClientes
 [35m[2024-04-19 10:34:39.894796]:[32mnew implement IClientes
 [35m[2024-04-19 10:34:39.895451]:[32mnew implement IClientes
 [35m[2024-04-19 10:34:39.898099]:[32mnew implement IClientes
 [35m[2024-04-19 10:34:39.898638]:[32mnew implement IClientes
 [35m[2024-04-19 10:35:14.320968]:[32mnew implement IPagos
 [35m[2024-04-19 10:35:14.321425]:[32mnew implement IOrdenes
 [35m[2024-04-19 10:35:14.321760]:[32mnew implement IPagos
 [35m[2024-04-19 10:35:14.327782]:[32mnew implement IOrdenes
 [35m[2024-04-19 10:35:14.371513]:[32mnew implement IOrdenes
 [35m[2024-04-19 10:35:14.460074]:[32mnew implement IOrdenes
 [35m[2024-04-19 10:35:14.463299]:[32mnew implement IPagos
 [35m[2024-04-19 10:35:14.484133]:[32mnew implement IPagos
 [35m[2024-04-19 10:35:14.499408]:[32mnew implement IPagos
 [35m[2024-04-19 10:35:14.499814]:[32mnew implement IPagos
 [35m[2024-04-19 10:35:14.525395]:[32mnew implement IPagos
 [35m[2024-04-19 10:35:14.654982]:[32mnew implement IPagos
 [35m[2024-04-19 10:35:14.668500]:[32mnew implement IClientes
 [35m[2024-04-19 10:35:14.690412]:[32mnew implement IClientes
 [35m[2024-04-19 10:35:14.696791]:[32mnew implement IClientes
 [35m[2024-04-19 10:35:14.753344]:[32mnew implement IClientes
 [35m[2024-04-19 10:35:14.776946]:[32mnew implement IMectricCoffeshop
 [35m[2024-04-19 10:35:14.777666]:[32mnew implement IMectricCoffeshop
 [35m[2024-04-19 10:35:14.786354]:[32mnew implement IClientes
 [35m[2024-04-19 10:35:14.821654]:[32mnew implement IClientes
 [35m[2024-04-19 10:35:14.844935]:[32mnew implement IPagos
 [35m[2024-04-19 10:35:14.845892]:[32mnew implement IPagos
 [35m[2024-04-19 10:35:14.859999]:[32mnew implement IPagos
 [35m[2024-04-19 10:35:14.889264]:[32mnew implement IOrdenes
 [35m[2024-04-19 10:35:14.889707]:[32mnew implement IPagos
 [35m[2024-04-19 10:35:14.890737]:[32mnew implement IPagos
 [35m[2024-04-19 10:35:14.916217]:[32mnew implement IOrdenes
 [35m[2024-04-19 10:35:14.924542]:[32mnew implement IOrdenes
 [35m[2024-04-19 10:35:14.958735]:[32mnew implement IClientes
 [35m[2024-04-19 10:35:14.959262]:[32mnew implement IClientes
 [35m[2024-04-19 10:35:15.065915]:[32mnew implement IClientes
 [35m[2024-04-19 10:35:15.072928]:[32mnew implement IClientes
 [35m[2024-04-19 10:35:15.073515]:[32mnew implement IClientes
 [35m[2024-04-19 10:35:15.075871]:[32mnew implement IClientes
 [35m[2024-04-19 10:35:15.076359]:[32mnew implement IClientes
 [35m[2024-04-19 10:35:26.375425]:[32mnew implement IPagos
 [35m[2024-04-19 10:35:26.376658]:[32mnew implement IOrdenes
 [35m[2024-04-19 10:35:26.377649]:[32mnew implement IPagos
 [35m[2024-04-19 10:35:26.387846]:[32mnew implement IOrdenes
 [35m[2024-04-19 10:35:26.433266]:[32mnew implement IOrdenes
 [35m[2024-04-19 10:35:26.573908]:[32mnew implement IOrdenes
 [35m[2024-04-19 10:35:26.575991]:[32mnew implement IPagos
 [35m[2024-04-19 10:35:26.622895]:[32mnew implement IPagos
 [35m[2024-04-19 10:35:26.653920]:[32mnew implement IPagos
 [35m[2024-04-19 10:35:26.667193]:[32mnew implement IPagos
 [35m[2024-04-19 10:35:26.712779]:[32mnew implement IPagos
 [35m[2024-04-19 10:35:26.833463]:[32mnew implement IPagos
 [35m[2024-04-19 10:35:26.841076]:[32mnew implement IClientes
 [35m[2024-04-19 10:35:26.861266]:[32mnew implement IClientes
 [35m[2024-04-19 10:35:26.864817]:[32mnew implement IClientes
 [35m[2024-04-19 10:35:26.904243]:[32mnew implement IClientes
 [35m[2024-04-19 10:35:26.919263]:[32mnew implement IMectricCoffeshop
 [35m[2024-04-19 10:35:26.919475]:[32mnew implement IMectricCoffeshop
 [35m[2024-04-19 10:35:26.926338]:[32mnew implement IClientes
 [35m[2024-04-19 10:35:26.951363]:[32mnew implement IClientes
 [35m[2024-04-19 10:35:26.974847]:[32mnew implement IPagos
 [35m[2024-04-19 10:35:26.975154]:[32mnew implement IPagos
 [35m[2024-04-19 10:35:26.990119]:[32mnew implement IPagos
 [35m[2024-04-19 10:35:27.020534]:[32mnew implement IOrdenes
 [35m[2024-04-19 10:35:27.020682]:[32mnew implement IPagos
 [35m[2024-04-19 10:35:27.021508]:[32mnew implement IPagos
 [35m[2024-04-19 10:35:27.039434]:[32mnew implement IOrdenes
 [35m[2024-04-19 10:35:27.044832]:[32mnew implement IOrdenes
 [35m[2024-04-19 10:35:27.099522]:[32mnew implement IClientes
 [35m[2024-04-19 10:35:27.099790]:[32mnew implement IClientes
 [35m[2024-04-19 10:35:27.187808]:[32mnew implement IClientes
 [35m[2024-04-19 10:35:27.191942]:[32mnew implement IClientes
 [35m[2024-04-19 10:35:27.192078]:[32mnew implement IClientes
 [35m[2024-04-19 10:35:27.193736]:[32mnew implement IClientes
 [35m[2024-04-19 10:35:27.194007]:[32mnew implement IClientes
 [35m[2024-04-19 10:35:42.273171]:[32mnew implement IPagos
 [35m[2024-04-19 10:35:42.274265]:[32mnew implement IOrdenes
 [35m[2024-04-19 10:35:42.275733]:[32mnew implement IPagos
 [35m[2024-04-19 10:35:42.298060]:[32mnew implement IOrdenes
 [35m[2024-04-19 10:35:42.423919]:[32mnew implement IOrdenes
 [35m[2024-04-19 10:35:42.647355]:[32mnew implement IOrdenes
 [35m[2024-04-19 10:35:42.655041]:[32mnew implement IPagos
 [35m[2024-04-19 10:35:42.729573]:[32mnew implement IPagos
 [35m[2024-04-19 10:35:42.768673]:[32mnew implement IPagos
 [35m[2024-04-19 10:35:42.770046]:[32mnew implement IPagos
 [35m[2024-04-19 10:35:42.835103]:[32mnew implement IPagos
 [35m[2024-04-19 10:35:43.085389]:[32mnew implement IPagos
 [35m[2024-04-19 10:35:43.113989]:[32mnew implement IClientes
 [35m[2024-04-19 10:35:43.185462]:[32mnew implement IClientes
 [35m[2024-04-19 10:35:43.191635]:[32mnew implement IClientes
 [35m[2024-04-19 10:35:43.262161]:[32mnew implement IClientes
 [35m[2024-04-19 10:35:43.287273]:[32mnew implement IMectricCoffeshop
 [35m[2024-04-19 10:35:43.287917]:[32mnew implement IMectricCoffeshop
 [35m[2024-04-19 10:35:43.308255]:[32mnew implement IClientes
 [35m[2024-04-19 10:35:43.378901]:[32mnew implement IClientes
 [35m[2024-04-19 10:35:43.443470]:[32mnew implement IPagos
 [35m[2024-04-19 10:35:43.445580]:[32mnew implement IPagos
 [35m[2024-04-19 10:35:43.502275]:[32mnew implement IPagos
 [35m[2024-04-19 10:35:43.560942]:[32mnew implement IOrdenes
 [35m[2024-04-19 10:35:43.562138]:[32mnew implement IPagos
 [35m[2024-04-19 10:35:43.565211]:[32mnew implement IPagos
 [35m[2024-04-19 10:35:43.613651]:[32mnew implement IOrdenes
 [35m[2024-04-19 10:35:43.627179]:[32mnew implement IOrdenes
 [35m[2024-04-19 10:35:43.735278]:[32mnew implement IClientes
 [35m[2024-04-19 10:35:43.737585]:[32mnew implement IClientes
 [35m[2024-04-19 10:35:43.988375]:[32mnew implement IClientes
 [35m[2024-04-19 10:35:44.016569]:[32mnew implement IClientes
 [35m[2024-04-19 10:35:44.024035]:[32mnew implement IClientes
 [35m[2024-04-19 10:35:44.032428]:[32mnew implement IClientes
 [35m[2024-04-19 10:35:44.034260]:[32mnew implement IClientes
 [35m[2024-04-19 10:36:05.844221]:[32mnew implement IPagos
 [35m[2024-04-19 10:36:05.846079]:[32mnew implement IOrdenes
 [35m[2024-04-19 10:36:05.847930]:[32mnew implement IPagos
 [35m[2024-04-19 10:36:05.870751]:[32mnew implement IOrdenes
 [35m[2024-04-19 10:36:06.003134]:[32mnew implement IOrdenes
 [35m[2024-04-19 10:36:06.323223]:[32mnew implement IOrdenes
 [35m[2024-04-19 10:36:06.334682]:[32mnew implement IPagos
 [35m[2024-04-19 10:36:06.426038]:[32mnew implement IPagos
 [35m[2024-04-19 10:36:06.490151]:[32mnew implement IPagos
 [35m[2024-04-19 10:36:06.492171]:[32mnew implement IPagos
 [35m[2024-04-19 10:36:06.556703]:[32mnew implement IPagos
 [35m[2024-04-19 10:36:06.931179]:[32mnew implement IPagos
 [35m[2024-04-19 10:36:06.999995]:[32mnew implement IClientes
 [35m[2024-04-19 10:36:07.241014]:[32mnew implement IClientes
 [35m[2024-04-19 10:36:07.307582]:[32mnew implement IClientes
 [35m[2024-04-19 10:36:07.655491]:[32mnew implement IClientes
 [35m[2024-04-19 10:36:07.736915]:[32mnew implement IMectricCoffeshop
 [35m[2024-04-19 10:36:07.767914]:[32mnew implement IMectricCoffeshop
 [35m[2024-04-19 10:36:07.831430]:[32mnew implement IClientes
 [35m[2024-04-19 10:36:08.088546]:[32mnew implement IClientes
 [35m[2024-04-19 10:36:08.209658]:[32mnew implement IPagos
 [35m[2024-04-19 10:36:08.234416]:[32mnew implement IPagos
 [35m[2024-04-19 10:36:08.369898]:[32mnew implement IPagos
 [35m[2024-04-19 10:36:08.435851]:[32mnew implement IOrdenes
 [35m[2024-04-19 10:36:08.436920]:[32mnew implement IPagos
 [35m[2024-04-19 10:36:08.439905]:[32mnew implement IPagos
 [35m[2024-04-19 10:36:08.484336]:[32mnew implement IOrdenes
 [35m[2024-04-19 10:36:08.494538]:[32mnew implement IOrdenes
 [35m[2024-04-19 10:36:08.597619]:[32mnew implement IClientes
 [35m[2024-04-19 10:36:08.598609]:[32mnew implement IClientes
 [35m[2024-04-19 10:36:08.759640]:[32mnew implement IClientes
 [35m[2024-04-19 10:36:08.779796]:[32mnew implement IClientes
 [35m[2024-04-19 10:36:08.781328]:[32mnew implement IClientes
 [35m[2024-04-19 10:36:08.788907]:[32mnew implement IClientes
 [35m[2024-04-19 10:36:08.789236]:[32mnew implement IClientes
 [35m[2024-04-19 10:36:32.677851]:[32mnew implement IPagos
 [35m[2024-04-19 10:36:32.679106]:[32mnew implement IOrdenes
 [35m[2024-04-19 10:36:32.680309]:[32mnew implement IPagos
 [35m[2024-04-19 10:36:32.702206]:[32mnew implement IOrdenes
 [35m[2024-04-19 10:36:32.831338]:[32mnew implement IOrdenes
 [35m[2024-04-19 10:36:33.080791]:[32mnew implement IOrdenes
 [35m[2024-04-19 10:36:33.087548]:[32mnew implement IPagos
 [35m[2024-04-19 10:36:33.143770]:[32mnew implement IPagos
 [35m[2024-04-19 10:36:33.178295]:[32mnew implement IPagos
 [35m[2024-04-19 10:36:33.178650]:[32mnew implement IPagos
 [35m[2024-04-19 10:36:33.227298]:[32mnew implement IPagos
 [35m[2024-04-19 10:36:42.232778]:[32mnew implement IPagos
 [35m[2024-04-19 10:36:42.233352]:[32mnew implement IOrdenes
 [35m[2024-04-19 10:36:42.233619]:[32mnew implement IPagos
 [35m[2024-04-19 10:36:42.248924]:[32mnew implement IOrdenes
 [35m[2024-04-19 10:36:42.347241]:[32mnew implement IOrdenes
 [35m[2024-04-19 10:36:42.638551]:[32mnew implement IOrdenes
 [35m[2024-04-19 10:36:42.643656]:[32mnew implement IPagos
 [35m[2024-04-19 10:36:42.707134]:[32mnew implement IPagos
 [35m[2024-04-19 10:36:42.775743]:[32mnew implement IPagos
 [35m[2024-04-19 10:36:42.777767]:[32mnew implement IPagos
 [35m[2024-04-19 10:36:42.886473]:[32mnew implement IPagos
 [35m[2024-04-19 10:36:43.314850]:[32mnew implement IPagos
 [35m[2024-04-19 10:36:43.354320]:[32mnew implement IClientes
 [35m[2024-04-19 10:36:43.421802]:[32mnew implement IClientes
 [35m[2024-04-19 10:36:43.430838]:[32mnew implement IClientes
 [35m[2024-04-19 10:36:43.501908]:[32mnew implement IClientes
 [35m[2024-04-19 10:36:43.527126]:[32mnew implement IMectricCoffeshop
 [35m[2024-04-19 10:36:43.529086]:[32mnew implement IMectricCoffeshop
 [35m[2024-04-19 10:36:43.550841]:[32mnew implement IClientes
 [35m[2024-04-19 10:36:43.606689]:[32mnew implement IClientes
 [35m[2024-04-19 10:36:43.660609]:[32mnew implement IPagos
 [35m[2024-04-19 10:36:43.662712]:[32mnew implement IPagos
 [35m[2024-04-19 10:36:43.704620]:[32mnew implement IPagos
 [35m[2024-04-19 10:36:43.767493]:[32mnew implement IOrdenes
 [35m[2024-04-19 10:36:43.767854]:[32mnew implement IPagos
 [35m[2024-04-19 10:36:43.770803]:[32mnew implement IPagos
 [35m[2024-04-19 10:36:43.819518]:[32mnew implement IOrdenes
 [35m[2024-04-19 10:36:43.830826]:[32mnew implement IOrdenes
 [35m[2024-04-19 10:36:43.933697]:[32mnew implement IClientes
 [35m[2024-04-19 10:36:43.934048]:[32mnew implement IClientes
 [35m[2024-04-19 10:36:44.138659]:[32mnew implement IClientes
 [35m[2024-04-19 10:36:44.170012]:[32mnew implement IClientes
 [35m[2024-04-19 10:36:44.171331]:[32mnew implement IClientes
 [35m[2024-04-19 10:36:44.176477]:[32mnew implement IClientes
 [35m[2024-04-19 10:36:44.177835]:[32mnew implement IClientes
 [35m[2024-04-19 10:37:02.135437]:[32mnew implement IPagos
 [35m[2024-04-19 10:37:02.136357]:[32mnew implement IOrdenes
 [35m[2024-04-19 10:37:02.136751]:[32mnew implement IPagos
 [35m[2024-04-19 10:37:02.158808]:[32mnew implement IOrdenes
 [35m[2024-04-19 10:37:02.268842]:[32mnew implement IOrdenes
 [35m[2024-04-19 10:37:02.549671]:[32mnew implement IOrdenes
 [35m[2024-04-19 10:37:02.559850]:[32mnew implement IPagos
 [35m[2024-04-19 10:37:02.663284]:[32mnew implement IPagos
 [35m[2024-04-19 10:37:02.774013]:[32mnew implement IPagos
 [35m[2024-04-19 10:37:02.774414]:[32mnew implement IPagos
 [35m[2024-04-19 10:37:02.833574]:[32mnew implement IPagos
 [35m[2024-04-19 10:37:06.369148]:[32mnew implement IPagos
 [35m[2024-04-19 10:37:06.369605]:[32mnew implement IOrdenes
 [35m[2024-04-19 10:37:06.369878]:[32mnew implement IPagos
 [35m[2024-04-19 10:37:06.382065]:[32mnew implement IOrdenes
 [35m[2024-04-19 10:37:06.479619]:[32mnew implement IOrdenes
 [35m[2024-04-19 10:37:06.675813]:[32mnew implement IOrdenes
 [35m[2024-04-19 10:37:06.680814]:[32mnew implement IPagos
 [35m[2024-04-19 10:37:06.732422]:[32mnew implement IPagos
 [35m[2024-04-19 10:37:06.764730]:[32mnew implement IPagos
 [35m[2024-04-19 10:37:06.765126]:[32mnew implement IPagos
 [35m[2024-04-19 10:37:06.814820]:[32mnew implement IPagos
 [35m[2024-04-19 10:37:07.137331]:[32mnew implement IPagos
 [35m[2024-04-19 10:37:07.174693]:[32mnew implement IClientes
 [35m[2024-04-19 10:37:07.241728]:[32mnew implement IClientes
 [35m[2024-04-19 10:37:07.250778]:[32mnew implement IClientes
 [35m[2024-04-19 10:37:07.323788]:[32mnew implement IClientes
 [35m[2024-04-19 10:37:07.347562]:[32mnew implement IMectricCoffeshop
 [35m[2024-04-19 10:37:07.348583]:[32mnew implement IMectricCoffeshop
 [35m[2024-04-19 10:37:07.367662]:[32mnew implement IClientes
 [35m[2024-04-19 10:37:07.421309]:[32mnew implement IClientes
 [35m[2024-04-19 10:37:07.472862]:[32mnew implement IPagos
 [35m[2024-04-19 10:37:07.473706]:[32mnew implement IPagos
 [35m[2024-04-19 10:37:07.506469]:[32mnew implement IPagos
 [35m[2024-04-19 10:37:07.572066]:[32mnew implement IOrdenes
 [35m[2024-04-19 10:37:07.573578]:[32mnew implement IPagos
 [35m[2024-04-19 10:37:07.577779]:[32mnew implement IPagos
 [35m[2024-04-19 10:37:07.626508]:[32mnew implement IOrdenes
 [35m[2024-04-19 10:37:07.640991]:[32mnew implement IOrdenes
 [35m[2024-04-19 10:37:07.739534]:[32mnew implement IClientes
 [35m[2024-04-19 10:37:07.740608]:[32mnew implement IClientes
 [35m[2024-04-19 10:37:07.944330]:[32mnew implement IClientes
 [35m[2024-04-19 10:37:07.963417]:[32mnew implement IClientes
 [35m[2024-04-19 10:37:07.964568]:[32mnew implement IClientes
 [35m[2024-04-19 10:37:07.971128]:[32mnew implement IClientes
 [35m[2024-04-19 10:37:07.972321]:[32mnew implement IClientes
 [35m[2024-04-19 10:37:41.002236]:[32mnew implement IPagos
 [35m[2024-04-19 10:37:41.004986]:[32mnew implement IOrdenes
 [35m[2024-04-19 10:37:41.007259]:[32mnew implement IPagos
 [35m[2024-04-19 10:37:41.045991]:[32mnew implement IOrdenes
 [35m[2024-04-19 10:37:41.317056]:[32mnew implement IOrdenes
 [35m[2024-04-19 10:37:41.682340]:[32mnew implement IOrdenes
 [35m[2024-04-19 10:37:41.704466]:[32mnew implement IPagos
 [35m[2024-04-19 10:37:41.766376]:[32mnew implement IPagos
 [35m[2024-04-19 10:37:41.810859]:[32mnew implement IPagos
 [35m[2024-04-19 10:37:41.812638]:[32mnew implement IPagos
 [35m[2024-04-19 10:37:41.882563]:[32mnew implement IPagos
 [35m[2024-04-19 10:37:42.334597]:[32mnew implement IPagos
 [35m[2024-04-19 10:37:42.369425]:[32mnew implement IClientes
 [35m[2024-04-19 10:37:42.468949]:[32mnew implement IClientes
 [35m[2024-04-19 10:37:42.484131]:[32mnew implement IClientes
 [35m[2024-04-19 10:37:42.607758]:[32mnew implement IClientes
 [35m[2024-04-19 10:37:42.686569]:[32mnew implement IMectricCoffeshop
 [35m[2024-04-19 10:37:42.686899]:[32mnew implement IMectricCoffeshop
 [35m[2024-04-19 10:37:42.703869]:[32mnew implement IClientes
 [35m[2024-04-19 10:37:42.755168]:[32mnew implement IClientes
 [35m[2024-04-19 10:37:42.804206]:[32mnew implement IPagos
 [35m[2024-04-19 10:37:42.804585]:[32mnew implement IPagos
 [35m[2024-04-19 10:37:42.838328]:[32mnew implement IPagos
 [35m[2024-04-19 10:37:42.897091]:[32mnew implement IOrdenes
 [35m[2024-04-19 10:37:42.897400]:[32mnew implement IPagos
 [35m[2024-04-19 10:37:42.899510]:[32mnew implement IPagos
 [35m[2024-04-19 10:37:42.957268]:[32mnew implement IOrdenes
 [35m[2024-04-19 10:37:42.967314]:[32mnew implement IOrdenes
 [35m[2024-04-19 10:37:43.080948]:[32mnew implement IClientes
 [35m[2024-04-19 10:37:43.081282]:[32mnew implement IClientes
 [35m[2024-04-19 10:37:43.408038]:[32mnew implement IClientes
 [35m[2024-04-19 10:37:43.436580]:[32mnew implement IClientes
 [35m[2024-04-19 10:37:43.445464]:[32mnew implement IClientes
 [35m[2024-04-19 10:37:43.457100]:[32mnew implement IClientes
 [35m[2024-04-19 10:37:43.461456]:[32mnew implement IClientes
 [35m[2024-04-19 10:37:47.677028]:[32mConexión exitosa a la base de datos
 [35m[2024-04-19 10:37:47.971055]:[32mconsulta de ultima tasa Dollar BCV  realizada con exito 
 [35m[2024-04-19 10:37:47.971816]:[32mDesconexión exitosa de la base de datos
 [35m[2024-04-19 10:37:47.972161]:[32mFinalizada la ejecucion de registros de productos 
 [35m[2024-04-19 10:37:59.215694]:[32mConexión exitosa a la base de datos
 [35m[2024-04-19 10:37:59.535917]:[32mconsulta de ultima tasa Dollar BCV  realizada con exito 
 [35m[2024-04-19 10:37:59.536721]:[32mDesconexión exitosa de la base de datos
 [35m[2024-04-19 10:37:59.544303]:[32mFinalizada la ejecucion de registros de productos 
