 [35m[2024-04-27 17:22:03.283477]:[32mnew implement IPagos
 [35m[2024-04-27 17:22:03.283721]:[32mnew implement IOrdenes
 [35m[2024-04-27 17:22:03.283812]:[32mnew implement IPagos
 [35m[2024-04-27 17:22:03.292270]:[32mnew implement IOrdenes
 [35m[2024-04-27 17:22:03.309306]:[32mnew implement IOrdenes
 [35m[2024-04-27 17:22:03.387515]:[32mnew implement IOrdenes
 [35m[2024-04-27 17:22:03.389525]:[32mnew implement IPagos
 [35m[2024-04-27 17:22:03.401549]:[32mnew implement IPagos
 [35m[2024-04-27 17:22:03.409432]:[32mnew implement IPagos
 [35m[2024-04-27 17:22:03.409536]:[32mnew implement IPagos
 [35m[2024-04-27 17:22:03.419587]:[32mnew implement IPagos
 [35m[2024-04-27 17:22:03.496486]:[32mnew implement IPagos
 [35m[2024-04-27 17:22:03.504430]:[32mnew implement IClientes
 [35m[2024-04-27 17:22:03.515991]:[32mnew implement IClientes
 [35m[2024-04-27 17:22:03.521444]:[32mnew implement IClientes
 [35m[2024-04-27 17:22:03.541521]:[32mnew implement IClientes
 [35m[2024-04-27 17:22:20.985817]:[32mnew implement IPagos
 [35m[2024-04-27 17:22:20.986394]:[32mnew implement IOrdenes
 [35m[2024-04-27 17:22:20.986888]:[32mnew implement IPagos
 [35m[2024-04-27 17:22:20.995682]:[32mnew implement IOrdenes
 [35m[2024-04-27 17:22:21.038663]:[32mnew implement IOrdenes
 [35m[2024-04-27 17:22:21.114174]:[32mnew implement IOrdenes
 [35m[2024-04-27 17:22:21.116024]:[32mnew implement IPagos
 [35m[2024-04-27 17:22:21.133078]:[32mnew implement IPagos
 [35m[2024-04-27 17:22:21.141666]:[32mnew implement IPagos
 [35m[2024-04-27 17:22:21.141786]:[32mnew implement IPagos
 [35m[2024-04-27 17:22:21.155209]:[32mnew implement IPagos
 [35m[2024-04-27 17:22:21.241245]:[32mnew implement IPagos
 [35m[2024-04-27 17:22:21.251429]:[32mnew implement IClientes
 [35m[2024-04-27 17:22:21.267761]:[32mnew implement IClientes
 [35m[2024-04-27 17:22:21.270063]:[32mnew implement IClientes
 [35m[2024-04-27 17:22:21.295685]:[32mnew implement IClientes
 [35m[2024-04-27 17:22:21.307450]:[32mnew implement IMectricCoffeshop
 [35m[2024-04-27 17:22:21.307552]:[32mnew implement IMectricCoffeshop
 [35m[2024-04-27 17:22:21.313242]:[32mnew implement IClientes
 [35m[2024-04-27 17:22:21.322162]:[32mnew implement IClientes
 [35m[2024-04-27 17:22:21.333293]:[32mnew implement IPagos
 [35m[2024-04-27 17:22:21.333379]:[32mnew implement IPagos
 [35m[2024-04-27 17:22:21.339218]:[32mnew implement IPagos
 [35m[2024-04-27 17:22:21.349846]:[32mnew implement IOrdenes
 [35m[2024-04-27 17:22:21.349947]:[32mnew implement IPagos
 [35m[2024-04-27 17:22:21.351032]:[32mnew implement IPagos
 [35m[2024-04-27 17:22:21.358475]:[32mnew implement IOrdenes
 [35m[2024-04-27 17:22:21.361082]:[32mnew implement IOrdenes
 [35m[2024-04-27 17:22:21.380691]:[32mnew implement IClientes
 [35m[2024-04-27 17:22:21.380791]:[32mnew implement IClientes
 [35m[2024-04-27 17:22:21.420153]:[32mnew implement IClientes
 [35m[2024-04-27 17:22:21.424310]:[32mnew implement IClientes
 [35m[2024-04-27 17:22:21.424396]:[32mnew implement IClientes
 [35m[2024-04-27 17:22:21.427455]:[32mnew implement IClientes
 [35m[2024-04-27 17:22:21.427574]:[32mnew implement IClientes
 [35m[2024-04-27 17:22:26.760189]:[32mConexión exitosa a la base de datos
 [35m[2024-04-27 17:22:26.919873]:[32mtoken validado con exito!!!
 [35m[2024-04-27 17:22:26.920499]:[32mDesconexión exitosa de la base de datos
 [35m[2024-04-27 17:22:27.491780]:[32mConexión exitosa a la base de datos
 [35m[2024-04-27 17:22:27.730490]:[32mBusqueda de plan de cuentas en la sede jalisco se encontraron (11) coincidencias
 [35m[2024-04-27 17:22:27.730836]:[32mDesconexión exitosa de la base de datos
 [35m[2024-04-27 17:22:27.730924]:[32mFinalizada la ejecucion de registros de productos 
 [35m[2024-04-27 17:22:28.342002]:[32mConexión exitosa a la base de datos
 [35m[2024-04-27 17:22:28.501502]:[32mtoken validado con exito!!!
 [35m[2024-04-27 17:22:28.502303]:[32mDesconexión exitosa de la base de datos
 [35m[2024-04-27 17:22:29.073084]:[32mConexión exitosa a la base de datos
 [35m[2024-04-27 17:22:29.311793]:[32mBusqueda de plan de cuentas en la sede jalisco se encontraron (11) coincidencias
 [35m[2024-04-27 17:22:29.312075]:[32mDesconexión exitosa de la base de datos
 [35m[2024-04-27 17:22:29.312180]:[32mFinalizada la ejecucion de registros de productos 
 [35m[2024-04-27 17:22:43.822451]:[32mnew implement IPagos
 [35m[2024-04-27 17:22:43.823357]:[32mnew implement IOrdenes
 [35m[2024-04-27 17:22:43.823767]:[32mnew implement IPagos
 [35m[2024-04-27 17:22:43.833904]:[32mnew implement IOrdenes
 [35m[2024-04-27 17:22:43.874430]:[32mnew implement IOrdenes
 [35m[2024-04-27 17:22:43.953888]:[32mnew implement IOrdenes
 [35m[2024-04-27 17:22:43.955776]:[32mnew implement IPagos
 [35m[2024-04-27 17:22:43.973715]:[32mnew implement IPagos
 [35m[2024-04-27 17:22:43.982506]:[32mnew implement IPagos
 [35m[2024-04-27 17:22:43.982651]:[32mnew implement IPagos
 [35m[2024-04-27 17:22:43.997455]:[32mnew implement IPagos
 [35m[2024-04-27 17:22:44.089484]:[32mnew implement IPagos
 [35m[2024-04-27 17:22:44.095951]:[32mnew implement IClientes
 [35m[2024-04-27 17:22:44.106188]:[32mnew implement IClientes
 [35m[2024-04-27 17:22:44.107821]:[32mnew implement IClientes
 [35m[2024-04-27 17:22:44.127046]:[32mnew implement IClientes
 [35m[2024-04-27 17:22:44.132846]:[32mnew implement IMectricCoffeshop
 [35m[2024-04-27 17:22:44.132938]:[32mnew implement IMectricCoffeshop
 [35m[2024-04-27 17:22:44.136208]:[32mnew implement IClientes
 [35m[2024-04-27 17:22:44.144355]:[32mnew implement IClientes
 [35m[2024-04-27 17:22:44.152565]:[32mnew implement IPagos
 [35m[2024-04-27 17:22:44.152658]:[32mnew implement IPagos
 [35m[2024-04-27 17:22:44.158390]:[32mnew implement IPagos
 [35m[2024-04-27 17:22:44.168688]:[32mnew implement IOrdenes
 [35m[2024-04-27 17:22:44.168792]:[32mnew implement IPagos
 [35m[2024-04-27 17:22:44.169423]:[32mnew implement IPagos
 [35m[2024-04-27 17:22:44.176723]:[32mnew implement IOrdenes
 [35m[2024-04-27 17:22:44.178865]:[32mnew implement IOrdenes
 [35m[2024-04-27 17:22:44.194795]:[32mnew implement IClientes
 [35m[2024-04-27 17:22:44.194888]:[32mnew implement IClientes
 [35m[2024-04-27 17:22:44.230447]:[32mnew implement IClientes
 [35m[2024-04-27 17:22:44.233533]:[32mnew implement IClientes
 [35m[2024-04-27 17:22:44.233627]:[32mnew implement IClientes
 [35m[2024-04-27 17:22:44.234873]:[32mnew implement IClientes
 [35m[2024-04-27 17:22:44.234958]:[32mnew implement IClientes
 [35m[2024-04-27 17:23:02.184703]:[32mnew implement IPagos
 [35m[2024-04-27 17:23:02.185773]:[32mnew implement IOrdenes
 [35m[2024-04-27 17:23:02.186169]:[32mnew implement IPagos
 [35m[2024-04-27 17:23:02.194256]:[32mnew implement IOrdenes
 [35m[2024-04-27 17:23:02.252446]:[32mnew implement IOrdenes
 [35m[2024-04-27 17:23:02.353641]:[32mnew implement IOrdenes
 [35m[2024-04-27 17:23:02.356372]:[32mnew implement IPagos
 [35m[2024-04-27 17:23:02.378357]:[32mnew implement IPagos
 [35m[2024-04-27 17:23:02.389050]:[32mnew implement IPagos
 [35m[2024-04-27 17:23:02.389405]:[32mnew implement IPagos
 [35m[2024-04-27 17:23:02.418292]:[32mnew implement IPagos
 [35m[2024-04-27 17:23:02.563074]:[32mnew implement IPagos
 [35m[2024-04-27 17:23:02.575665]:[32mnew implement IClientes
 [35m[2024-04-27 17:23:02.596863]:[32mnew implement IClientes
 [35m[2024-04-27 17:23:02.600329]:[32mnew implement IClientes
 [35m[2024-04-27 17:23:02.648054]:[32mnew implement IClientes
 [35m[2024-04-27 17:24:15.627900]:[32mnew implement IPagos
 [35m[2024-04-27 17:24:15.628110]:[32mnew implement IOrdenes
 [35m[2024-04-27 17:24:15.628236]:[32mnew implement IPagos
 [35m[2024-04-27 17:24:15.632183]:[32mnew implement IOrdenes
 [35m[2024-04-27 17:24:15.648184]:[32mnew implement IOrdenes
 [35m[2024-04-27 17:24:15.688635]:[32mnew implement IOrdenes
 [35m[2024-04-27 17:24:15.689879]:[32mnew implement IPagos
 [35m[2024-04-27 17:24:15.700991]:[32mnew implement IPagos
 [35m[2024-04-27 17:24:15.707295]:[32mnew implement IPagos
 [35m[2024-04-27 17:24:15.707421]:[32mnew implement IPagos
 [35m[2024-04-27 17:24:15.715515]:[32mnew implement IPagos
 [35m[2024-04-27 17:24:15.769592]:[32mnew implement IPagos
 [35m[2024-04-27 17:24:15.781776]:[32mnew implement IClientes
 [35m[2024-04-27 17:24:15.803303]:[32mnew implement IClientes
 [35m[2024-04-27 17:24:15.805442]:[32mnew implement IClientes
 [35m[2024-04-27 17:24:15.828775]:[32mnew implement IClientes
 [35m[2024-04-27 17:24:15.835738]:[32mnew implement IMectricCoffeshop
 [35m[2024-04-27 17:24:15.835840]:[32mnew implement IMectricCoffeshop
 [35m[2024-04-27 17:24:15.839334]:[32mnew implement IClientes
 [35m[2024-04-27 17:24:15.848378]:[32mnew implement IClientes
 [35m[2024-04-27 17:24:15.856421]:[32mnew implement IPagos
 [35m[2024-04-27 17:24:15.856524]:[32mnew implement IPagos
 [35m[2024-04-27 17:24:15.862871]:[32mnew implement IPagos
 [35m[2024-04-27 17:24:15.878350]:[32mnew implement IOrdenes
 [35m[2024-04-27 17:24:15.878533]:[32mnew implement IPagos
 [35m[2024-04-27 17:24:15.879716]:[32mnew implement IPagos
 [35m[2024-04-27 17:24:15.888415]:[32mnew implement IOrdenes
 [35m[2024-04-27 17:24:15.891611]:[32mnew implement IOrdenes
 [35m[2024-04-27 17:24:15.912998]:[32mnew implement IClientes
 [35m[2024-04-27 17:24:15.913098]:[32mnew implement IClientes
 [35m[2024-04-27 17:24:15.952995]:[32mnew implement IClientes
 [35m[2024-04-27 17:24:15.957914]:[32mnew implement IClientes
 [35m[2024-04-27 17:24:15.958048]:[32mnew implement IClientes
 [35m[2024-04-27 17:24:15.960035]:[32mnew implement IClientes
 [35m[2024-04-27 17:24:15.960187]:[32mnew implement IClientes
 [35m[2024-04-27 17:24:46.750447]:[32mnew implement IPagos
 [35m[2024-04-27 17:24:46.751171]:[32mnew implement IOrdenes
 [35m[2024-04-27 17:24:46.751434]:[32mnew implement IPagos
 [35m[2024-04-27 17:24:46.758865]:[32mnew implement IOrdenes
 [35m[2024-04-27 17:24:46.781161]:[32mnew implement IOrdenes
 [35m[2024-04-27 17:24:46.841132]:[32mnew implement IOrdenes
 [35m[2024-04-27 17:24:46.843612]:[32mnew implement IPagos
 [35m[2024-04-27 17:24:46.854483]:[32mnew implement IPagos
 [35m[2024-04-27 17:24:46.864001]:[32mnew implement IPagos
 [35m[2024-04-27 17:24:46.864211]:[32mnew implement IPagos
 [35m[2024-04-27 17:24:46.875176]:[32mnew implement IPagos
 [35m[2024-04-27 17:24:46.948881]:[32mnew implement IPagos
 [35m[2024-04-27 17:24:46.956161]:[32mnew implement IClientes
 [35m[2024-04-27 17:24:46.969796]:[32mnew implement IClientes
 [35m[2024-04-27 17:24:46.971479]:[32mnew implement IClientes
 [35m[2024-04-27 17:24:47.000713]:[32mnew implement IClientes
 [35m[2024-04-27 17:24:47.012104]:[32mnew implement IMectricCoffeshop
 [35m[2024-04-27 17:24:47.012225]:[32mnew implement IMectricCoffeshop
 [35m[2024-04-27 17:24:47.016312]:[32mnew implement IClientes
 [35m[2024-04-27 17:24:47.031985]:[32mnew implement IClientes
 [35m[2024-04-27 17:24:47.044415]:[32mnew implement IPagos
 [35m[2024-04-27 17:24:47.044533]:[32mnew implement IPagos
 [35m[2024-04-27 17:24:47.051706]:[32mnew implement IPagos
 [35m[2024-04-27 17:24:47.066292]:[32mnew implement IOrdenes
 [35m[2024-04-27 17:24:47.066427]:[32mnew implement IPagos
 [35m[2024-04-27 17:24:47.067174]:[32mnew implement IPagos
 [35m[2024-04-27 17:24:47.080122]:[32mnew implement IOrdenes
 [35m[2024-04-27 17:24:47.082604]:[32mnew implement IOrdenes
 [35m[2024-04-27 17:24:47.106954]:[32mnew implement IClientes
 [35m[2024-04-27 17:24:47.107293]:[32mnew implement IClientes
 [35m[2024-04-27 17:24:47.156736]:[32mnew implement IClientes
 [35m[2024-04-27 17:24:47.160783]:[32mnew implement IClientes
 [35m[2024-04-27 17:24:47.160893]:[32mnew implement IClientes
 [35m[2024-04-27 17:24:47.162803]:[32mnew implement IClientes
 [35m[2024-04-27 17:24:47.162929]:[32mnew implement IClientes
 [35m[2024-04-27 17:24:59.396467]:[32mnew implement IPagos
 [35m[2024-04-27 17:24:59.396654]:[32mnew implement IOrdenes
 [35m[2024-04-27 17:24:59.396743]:[32mnew implement IPagos
 [35m[2024-04-27 17:24:59.400885]:[32mnew implement IOrdenes
 [35m[2024-04-27 17:24:59.416843]:[32mnew implement IOrdenes
 [35m[2024-04-27 17:24:59.457356]:[32mnew implement IOrdenes
 [35m[2024-04-27 17:24:59.458605]:[32mnew implement IPagos
 [35m[2024-04-27 17:24:59.467912]:[32mnew implement IPagos
 [35m[2024-04-27 17:24:59.473847]:[32mnew implement IPagos
 [35m[2024-04-27 17:24:59.473971]:[32mnew implement IPagos
 [35m[2024-04-27 17:24:59.481768]:[32mnew implement IPagos
 [35m[2024-04-27 17:24:59.530449]:[32mnew implement IPagos
 [35m[2024-04-27 17:24:59.536764]:[32mnew implement IClientes
 [35m[2024-04-27 17:24:59.549320]:[32mnew implement IClientes
 [35m[2024-04-27 17:24:59.550987]:[32mnew implement IClientes
 [35m[2024-04-27 17:24:59.570610]:[32mnew implement IClientes
 [35m[2024-04-27 17:24:59.576924]:[32mnew implement IMectricCoffeshop
 [35m[2024-04-27 17:24:59.577033]:[32mnew implement IMectricCoffeshop
 [35m[2024-04-27 17:24:59.580355]:[32mnew implement IClientes
 [35m[2024-04-27 17:24:59.588698]:[32mnew implement IClientes
 [35m[2024-04-27 17:24:59.596996]:[32mnew implement IPagos
 [35m[2024-04-27 17:24:59.597091]:[32mnew implement IPagos
 [35m[2024-04-27 17:24:59.602925]:[32mnew implement IPagos
 [35m[2024-04-27 17:24:59.613020]:[32mnew implement IOrdenes
 [35m[2024-04-27 17:24:59.613118]:[32mnew implement IPagos
 [35m[2024-04-27 17:24:59.613675]:[32mnew implement IPagos
 [35m[2024-04-27 17:24:59.621089]:[32mnew implement IOrdenes
 [35m[2024-04-27 17:24:59.623283]:[32mnew implement IOrdenes
 [35m[2024-04-27 17:24:59.639027]:[32mnew implement IClientes
 [35m[2024-04-27 17:24:59.639212]:[32mnew implement IClientes
 [35m[2024-04-27 17:24:59.675424]:[32mnew implement IClientes
 [35m[2024-04-27 17:24:59.678577]:[32mnew implement IClientes
 [35m[2024-04-27 17:24:59.678683]:[32mnew implement IClientes
 [35m[2024-04-27 17:24:59.680106]:[32mnew implement IClientes
 [35m[2024-04-27 17:24:59.680203]:[32mnew implement IClientes
 [35m[2024-04-27 17:25:15.747449]:[32mnew implement IPagos
 [35m[2024-04-27 17:25:15.747922]:[32mnew implement IOrdenes
 [35m[2024-04-27 17:25:15.748196]:[32mnew implement IPagos
 [35m[2024-04-27 17:25:15.754904]:[32mnew implement IOrdenes
 [35m[2024-04-27 17:25:15.788819]:[32mnew implement IOrdenes
 [35m[2024-04-27 17:25:15.861702]:[32mnew implement IOrdenes
 [35m[2024-04-27 17:25:15.864870]:[32mnew implement IPagos
 [35m[2024-04-27 17:25:15.890765]:[32mnew implement IPagos
 [35m[2024-04-27 17:25:15.901089]:[32mnew implement IPagos
 [35m[2024-04-27 17:25:15.901414]:[32mnew implement IPagos
 [35m[2024-04-27 17:25:15.921564]:[32mnew implement IPagos
 [35m[2024-04-27 17:25:16.021936]:[32mnew implement IPagos
 [35m[2024-04-27 17:25:16.038767]:[32mnew implement IClientes
 [35m[2024-04-27 17:25:16.064390]:[32mnew implement IClientes
 [35m[2024-04-27 17:25:16.066141]:[32mnew implement IClientes
 [35m[2024-04-27 17:25:16.086429]:[32mnew implement IClientes
 [35m[2024-04-27 17:25:16.093901]:[32mnew implement IMectricCoffeshop
 [35m[2024-04-27 17:25:16.094002]:[32mnew implement IMectricCoffeshop
 [35m[2024-04-27 17:25:16.097447]:[32mnew implement IClientes
 [35m[2024-04-27 17:25:16.108874]:[32mnew implement IClientes
 [35m[2024-04-27 17:25:16.117874]:[32mnew implement IPagos
 [35m[2024-04-27 17:25:16.117992]:[32mnew implement IPagos
 [35m[2024-04-27 17:25:16.124965]:[32mnew implement IPagos
 [35m[2024-04-27 17:25:16.137087]:[32mnew implement IOrdenes
 [35m[2024-04-27 17:25:16.137435]:[32mnew implement IPagos
 [35m[2024-04-27 17:25:16.138163]:[32mnew implement IPagos
 [35m[2024-04-27 17:25:16.147976]:[32mnew implement IOrdenes
 [35m[2024-04-27 17:25:16.150194]:[32mnew implement IOrdenes
 [35m[2024-04-27 17:25:16.171807]:[32mnew implement IClientes
 [35m[2024-04-27 17:25:16.171933]:[32mnew implement IClientes
 [35m[2024-04-27 17:25:16.219471]:[32mnew implement IClientes
 [35m[2024-04-27 17:25:16.223606]:[32mnew implement IClientes
 [35m[2024-04-27 17:25:16.223704]:[32mnew implement IClientes
 [35m[2024-04-27 17:25:16.224970]:[32mnew implement IClientes
 [35m[2024-04-27 17:25:16.225062]:[32mnew implement IClientes
 [35m[2024-04-27 17:25:31.140483]:[32mnew implement IPagos
 [35m[2024-04-27 17:25:31.140955]:[32mnew implement IOrdenes
 [35m[2024-04-27 17:25:31.141306]:[32mnew implement IPagos
 [35m[2024-04-27 17:25:31.148656]:[32mnew implement IOrdenes
 [35m[2024-04-27 17:25:31.167945]:[32mnew implement IOrdenes
 [35m[2024-04-27 17:25:31.209219]:[32mnew implement IOrdenes
 [35m[2024-04-27 17:25:31.210488]:[32mnew implement IPagos
 [35m[2024-04-27 17:25:31.220921]:[32mnew implement IPagos
 [35m[2024-04-27 17:25:31.226458]:[32mnew implement IPagos
 [35m[2024-04-27 17:25:31.226564]:[32mnew implement IPagos
 [35m[2024-04-27 17:25:31.234371]:[32mnew implement IPagos
 [35m[2024-04-27 17:25:31.283946]:[32mnew implement IPagos
 [35m[2024-04-27 17:25:31.290144]:[32mnew implement IClientes
 [35m[2024-04-27 17:25:31.300146]:[32mnew implement IClientes
 [35m[2024-04-27 17:25:31.301786]:[32mnew implement IClientes
 [35m[2024-04-27 17:25:31.319988]:[32mnew implement IClientes
 [35m[2024-04-27 17:25:31.325787]:[32mnew implement IMectricCoffeshop
 [35m[2024-04-27 17:25:31.325884]:[32mnew implement IMectricCoffeshop
 [35m[2024-04-27 17:25:31.329156]:[32mnew implement IClientes
 [35m[2024-04-27 17:25:31.337338]:[32mnew implement IClientes
 [35m[2024-04-27 17:25:31.345427]:[32mnew implement IPagos
 [35m[2024-04-27 17:25:31.345526]:[32mnew implement IPagos
 [35m[2024-04-27 17:25:31.351307]:[32mnew implement IPagos
 [35m[2024-04-27 17:25:31.361042]:[32mnew implement IOrdenes
 [35m[2024-04-27 17:25:31.361188]:[32mnew implement IPagos
 [35m[2024-04-27 17:25:31.361755]:[32mnew implement IPagos
 [35m[2024-04-27 17:25:31.368852]:[32mnew implement IOrdenes
 [35m[2024-04-27 17:25:31.371055]:[32mnew implement IOrdenes
 [35m[2024-04-27 17:25:31.386463]:[32mnew implement IClientes
 [35m[2024-04-27 17:25:31.386573]:[32mnew implement IClientes
 [35m[2024-04-27 17:25:31.419423]:[32mnew implement IClientes
 [35m[2024-04-27 17:25:31.422428]:[32mnew implement IClientes
 [35m[2024-04-27 17:25:31.422552]:[32mnew implement IClientes
 [35m[2024-04-27 17:25:31.423857]:[32mnew implement IClientes
 [35m[2024-04-27 17:25:31.423975]:[32mnew implement IClientes
 [35m[2024-04-27 17:26:07.265744]:[32mnew implement IPagos
 [35m[2024-04-27 17:26:07.265936]:[32mnew implement IOrdenes
 [35m[2024-04-27 17:26:07.266030]:[32mnew implement IPagos
 [35m[2024-04-27 17:26:07.271358]:[32mnew implement IOrdenes
 [35m[2024-04-27 17:26:07.293978]:[32mnew implement IOrdenes
 [35m[2024-04-27 17:26:07.350087]:[32mnew implement IOrdenes
 [35m[2024-04-27 17:26:07.352172]:[32mnew implement IPagos
 [35m[2024-04-27 17:26:07.366591]:[32mnew implement IPagos
 [35m[2024-04-27 17:26:07.373124]:[32mnew implement IPagos
 [35m[2024-04-27 17:26:07.373236]:[32mnew implement IPagos
 [35m[2024-04-27 17:26:07.382079]:[32mnew implement IPagos
 [35m[2024-04-27 17:26:07.440810]:[32mnew implement IPagos
 [35m[2024-04-27 17:26:07.452164]:[32mnew implement IClientes
 [35m[2024-04-27 17:26:07.465183]:[32mnew implement IClientes
 [35m[2024-04-27 17:26:07.466834]:[32mnew implement IClientes
 [35m[2024-04-27 17:26:07.488368]:[32mnew implement IClientes
 [35m[2024-04-27 17:26:10.917082]:[32mnew implement IPagos
 [35m[2024-04-27 17:26:10.917936]:[32mnew implement IOrdenes
 [35m[2024-04-27 17:26:10.918724]:[32mnew implement IPagos
 [35m[2024-04-27 17:26:10.925267]:[32mnew implement IOrdenes
 [35m[2024-04-27 17:26:10.945300]:[32mnew implement IOrdenes
 [35m[2024-04-27 17:26:10.999463]:[32mnew implement IOrdenes
 [35m[2024-04-27 17:26:11.000798]:[32mnew implement IPagos
 [35m[2024-04-27 17:26:11.022680]:[32mnew implement IPagos
 [35m[2024-04-27 17:26:11.035410]:[32mnew implement IPagos
 [35m[2024-04-27 17:26:11.035547]:[32mnew implement IPagos
 [35m[2024-04-27 17:26:11.054513]:[32mnew implement IPagos
 [35m[2024-04-27 17:26:11.134902]:[32mnew implement IPagos
 [35m[2024-04-27 17:26:11.144367]:[32mnew implement IClientes
 [35m[2024-04-27 17:26:11.158510]:[32mnew implement IClientes
 [35m[2024-04-27 17:26:11.160315]:[32mnew implement IClientes
 [35m[2024-04-27 17:26:11.185178]:[32mnew implement IClientes
 [35m[2024-04-27 17:26:11.195602]:[32mnew implement IMectricCoffeshop
 [35m[2024-04-27 17:26:11.195724]:[32mnew implement IMectricCoffeshop
 [35m[2024-04-27 17:26:11.199642]:[32mnew implement IClientes
 [35m[2024-04-27 17:26:11.211367]:[32mnew implement IClientes
 [35m[2024-04-27 17:26:11.222093]:[32mnew implement IPagos
 [35m[2024-04-27 17:26:11.222220]:[32mnew implement IPagos
 [35m[2024-04-27 17:26:11.229952]:[32mnew implement IPagos
 [35m[2024-04-27 17:26:11.244093]:[32mnew implement IOrdenes
 [35m[2024-04-27 17:26:11.244197]:[32mnew implement IPagos
 [35m[2024-04-27 17:26:11.244799]:[32mnew implement IPagos
 [35m[2024-04-27 17:26:11.255470]:[32mnew implement IOrdenes
 [35m[2024-04-27 17:26:11.258367]:[32mnew implement IOrdenes
 [35m[2024-04-27 17:26:11.282256]:[32mnew implement IClientes
 [35m[2024-04-27 17:26:11.282370]:[32mnew implement IClientes
 [35m[2024-04-27 17:26:11.328725]:[32mnew implement IClientes
 [35m[2024-04-27 17:26:11.331836]:[32mnew implement IClientes
 [35m[2024-04-27 17:26:11.331935]:[32mnew implement IClientes
 [35m[2024-04-27 17:26:11.333196]:[32mnew implement IClientes
 [35m[2024-04-27 17:26:11.333294]:[32mnew implement IClientes
 [35m[2024-04-27 17:26:26.997977]:[32mnew implement IPagos
 [35m[2024-04-27 17:26:26.998178]:[32mnew implement IOrdenes
 [35m[2024-04-27 17:26:26.998269]:[32mnew implement IPagos
 [35m[2024-04-27 17:26:27.004632]:[32mnew implement IOrdenes
 [35m[2024-04-27 17:26:27.035424]:[32mnew implement IOrdenes
 [35m[2024-04-27 17:26:27.117582]:[32mnew implement IOrdenes
 [35m[2024-04-27 17:26:27.119609]:[32mnew implement IPagos
 [35m[2024-04-27 17:26:27.137229]:[32mnew implement IPagos
 [35m[2024-04-27 17:26:27.147086]:[32mnew implement IPagos
 [35m[2024-04-27 17:26:27.147203]:[32mnew implement IPagos
 [35m[2024-04-27 17:26:27.163270]:[32mnew implement IPagos
 [35m[2024-04-27 17:26:27.252170]:[32mnew implement IPagos
 [35m[2024-04-27 17:26:27.262357]:[32mnew implement IClientes
 [35m[2024-04-27 17:26:27.279733]:[32mnew implement IClientes
 [35m[2024-04-27 17:26:27.282131]:[32mnew implement IClientes
 [35m[2024-04-27 17:26:27.311667]:[32mnew implement IClientes
 [35m[2024-04-27 17:26:27.322668]:[32mnew implement IMectricCoffeshop
 [35m[2024-04-27 17:26:27.322794]:[32mnew implement IMectricCoffeshop
 [35m[2024-04-27 17:26:27.326501]:[32mnew implement IClientes
 [35m[2024-04-27 17:26:27.334965]:[32mnew implement IClientes
 [35m[2024-04-27 17:26:27.343984]:[32mnew implement IPagos
 [35m[2024-04-27 17:26:27.344075]:[32mnew implement IPagos
 [35m[2024-04-27 17:26:27.349790]:[32mnew implement IPagos
 [35m[2024-04-27 17:26:27.360195]:[32mnew implement IOrdenes
 [35m[2024-04-27 17:26:27.360290]:[32mnew implement IPagos
 [35m[2024-04-27 17:26:27.360857]:[32mnew implement IPagos
 [35m[2024-04-27 17:26:27.368286]:[32mnew implement IOrdenes
 [35m[2024-04-27 17:26:27.370493]:[32mnew implement IOrdenes
 [35m[2024-04-27 17:26:27.386271]:[32mnew implement IClientes
 [35m[2024-04-27 17:26:27.386395]:[32mnew implement IClientes
 [35m[2024-04-27 17:26:27.419812]:[32mnew implement IClientes
 [35m[2024-04-27 17:26:27.423168]:[32mnew implement IClientes
 [35m[2024-04-27 17:26:27.423309]:[32mnew implement IClientes
 [35m[2024-04-27 17:26:27.424514]:[32mnew implement IClientes
 [35m[2024-04-27 17:26:27.424623]:[32mnew implement IClientes
 [35m[2024-04-27 17:26:31.661331]:[32mnew implement IPagos
 [35m[2024-04-27 17:26:31.661509]:[32mnew implement IOrdenes
 [35m[2024-04-27 17:26:31.661603]:[32mnew implement IPagos
 [35m[2024-04-27 17:26:31.665694]:[32mnew implement IOrdenes
 [35m[2024-04-27 17:26:31.683643]:[32mnew implement IOrdenes
 [35m[2024-04-27 17:26:31.729544]:[32mnew implement IOrdenes
 [35m[2024-04-27 17:26:31.730862]:[32mnew implement IPagos
 [35m[2024-04-27 17:26:31.741598]:[32mnew implement IPagos
 [35m[2024-04-27 17:26:31.747097]:[32mnew implement IPagos
 [35m[2024-04-27 17:26:31.747235]:[32mnew implement IPagos
 [35m[2024-04-27 17:26:31.756406]:[32mnew implement IPagos
 [35m[2024-04-27 17:26:31.805642]:[32mnew implement IPagos
 [35m[2024-04-27 17:26:31.811733]:[32mnew implement IClientes
 [35m[2024-04-27 17:26:31.821745]:[32mnew implement IClientes
 [35m[2024-04-27 17:26:31.823418]:[32mnew implement IClientes
 [35m[2024-04-27 17:26:31.841533]:[32mnew implement IClientes
 [35m[2024-04-27 17:26:31.847931]:[32mnew implement IMectricCoffeshop
 [35m[2024-04-27 17:26:31.848030]:[32mnew implement IMectricCoffeshop
 [35m[2024-04-27 17:26:31.851290]:[32mnew implement IClientes
 [35m[2024-04-27 17:26:31.862098]:[32mnew implement IClientes
 [35m[2024-04-27 17:26:31.870162]:[32mnew implement IPagos
 [35m[2024-04-27 17:26:31.870258]:[32mnew implement IPagos
 [35m[2024-04-27 17:26:31.876049]:[32mnew implement IPagos
 [35m[2024-04-27 17:26:31.886073]:[32mnew implement IOrdenes
 [35m[2024-04-27 17:26:31.886170]:[32mnew implement IPagos
 [35m[2024-04-27 17:26:31.886771]:[32mnew implement IPagos
 [35m[2024-04-27 17:26:31.894219]:[32mnew implement IOrdenes
 [35m[2024-04-27 17:26:31.896431]:[32mnew implement IOrdenes
 [35m[2024-04-27 17:26:31.912364]:[32mnew implement IClientes
 [35m[2024-04-27 17:26:31.912490]:[32mnew implement IClientes
 [35m[2024-04-27 17:26:31.944278]:[32mnew implement IClientes
 [35m[2024-04-27 17:26:31.947397]:[32mnew implement IClientes
 [35m[2024-04-27 17:26:31.947517]:[32mnew implement IClientes
 [35m[2024-04-27 17:26:31.948719]:[32mnew implement IClientes
 [35m[2024-04-27 17:26:31.948835]:[32mnew implement IClientes
 [35m[2024-04-27 17:26:53.738262]:[32mnew implement IPagos
 [35m[2024-04-27 17:26:53.738469]:[32mnew implement IOrdenes
 [35m[2024-04-27 17:26:53.738564]:[32mnew implement IPagos
 [35m[2024-04-27 17:26:53.744168]:[32mnew implement IOrdenes
 [35m[2024-04-27 17:26:53.767499]:[32mnew implement IOrdenes
 [35m[2024-04-27 17:26:53.810235]:[32mnew implement IOrdenes
 [35m[2024-04-27 17:26:53.811618]:[32mnew implement IPagos
 [35m[2024-04-27 17:26:53.822010]:[32mnew implement IPagos
 [35m[2024-04-27 17:26:53.827440]:[32mnew implement IPagos
 [35m[2024-04-27 17:26:53.827533]:[32mnew implement IPagos
 [35m[2024-04-27 17:26:53.835270]:[32mnew implement IPagos
 [35m[2024-04-27 17:26:53.888664]:[32mnew implement IPagos
 [35m[2024-04-27 17:26:53.899479]:[32mnew implement IClientes
 [35m[2024-04-27 17:26:53.915003]:[32mnew implement IClientes
 [35m[2024-04-27 17:26:53.917564]:[32mnew implement IClientes
 [35m[2024-04-27 17:26:53.940518]:[32mnew implement IClientes
 [35m[2024-04-27 17:26:53.946546]:[32mnew implement IMectricCoffeshop
 [35m[2024-04-27 17:26:53.946641]:[32mnew implement IMectricCoffeshop
 [35m[2024-04-27 17:26:53.950027]:[32mnew implement IClientes
 [35m[2024-04-27 17:26:53.958359]:[32mnew implement IClientes
 [35m[2024-04-27 17:26:53.967519]:[32mnew implement IPagos
 [35m[2024-04-27 17:26:53.967610]:[32mnew implement IPagos
 [35m[2024-04-27 17:26:53.973283]:[32mnew implement IPagos
 [35m[2024-04-27 17:26:53.983268]:[32mnew implement IOrdenes
 [35m[2024-04-27 17:26:53.983361]:[32mnew implement IPagos
 [35m[2024-04-27 17:26:53.983897]:[32mnew implement IPagos
 [35m[2024-04-27 17:26:53.991317]:[32mnew implement IOrdenes
 [35m[2024-04-27 17:26:53.993427]:[32mnew implement IOrdenes
 [35m[2024-04-27 17:26:54.009655]:[32mnew implement IClientes
 [35m[2024-04-27 17:26:54.009781]:[32mnew implement IClientes
 [35m[2024-04-27 17:26:54.042072]:[32mnew implement IClientes
 [35m[2024-04-27 17:26:54.045077]:[32mnew implement IClientes
 [35m[2024-04-27 17:26:54.045196]:[32mnew implement IClientes
 [35m[2024-04-27 17:26:54.046424]:[32mnew implement IClientes
 [35m[2024-04-27 17:26:54.046517]:[32mnew implement IClientes
 [35m[2024-04-27 17:29:17.505359]:[32mnew implement IPagos
 [35m[2024-04-27 17:29:17.505584]:[32mnew implement IOrdenes
 [35m[2024-04-27 17:29:17.505678]:[32mnew implement IPagos
 [35m[2024-04-27 17:29:17.511553]:[32mnew implement IOrdenes
 [35m[2024-04-27 17:29:17.539455]:[32mnew implement IOrdenes
 [35m[2024-04-27 17:29:17.606806]:[32mnew implement IOrdenes
 [35m[2024-04-27 17:29:17.608670]:[32mnew implement IPagos
 [35m[2024-04-27 17:29:17.625981]:[32mnew implement IPagos
 [35m[2024-04-27 17:29:17.634841]:[32mnew implement IPagos
 [35m[2024-04-27 17:29:17.634983]:[32mnew implement IPagos
 [35m[2024-04-27 17:29:17.647718]:[32mnew implement IPagos
 [35m[2024-04-27 17:29:17.738432]:[32mnew implement IPagos
 [35m[2024-04-27 17:29:17.750074]:[32mnew implement IClientes
 [35m[2024-04-27 17:29:17.772811]:[32mnew implement IClientes
 [35m[2024-04-27 17:29:17.778136]:[32mnew implement IClientes
 [35m[2024-04-27 17:29:17.811755]:[32mnew implement IClientes
 [35m[2024-04-27 17:29:17.825660]:[32mnew implement IMectricCoffeshop
 [35m[2024-04-27 17:29:17.826163]:[32mnew implement IMectricCoffeshop
 [35m[2024-04-27 17:29:17.831233]:[32mnew implement IClientes
 [35m[2024-04-27 17:29:17.841348]:[32mnew implement IClientes
 [35m[2024-04-27 17:29:17.857860]:[32mnew implement IPagos
 [35m[2024-04-27 17:29:17.858108]:[32mnew implement IPagos
 [35m[2024-04-27 17:29:17.869034]:[32mnew implement IPagos
 [35m[2024-04-27 17:29:17.888885]:[32mnew implement IOrdenes
 [35m[2024-04-27 17:29:17.889093]:[32mnew implement IPagos
 [35m[2024-04-27 17:29:17.889816]:[32mnew implement IPagos
 [35m[2024-04-27 17:29:17.902680]:[32mnew implement IOrdenes
 [35m[2024-04-27 17:29:17.905970]:[32mnew implement IOrdenes
 [35m[2024-04-27 17:29:17.947163]:[32mnew implement IClientes
 [35m[2024-04-27 17:29:17.947555]:[32mnew implement IClientes
 [35m[2024-04-27 17:29:18.022890]:[32mnew implement IClientes
 [35m[2024-04-27 17:29:18.033221]:[32mnew implement IClientes
 [35m[2024-04-27 17:29:18.034119]:[32mnew implement IClientes
 [35m[2024-04-27 17:29:18.036473]:[32mnew implement IClientes
 [35m[2024-04-27 17:29:18.036600]:[32mnew implement IClientes
 [35m[2024-04-27 17:29:45.681470]:[32mnew implement IPagos
 [35m[2024-04-27 17:29:45.681657]:[32mnew implement IOrdenes
 [35m[2024-04-27 17:29:45.681831]:[32mnew implement IPagos
 [35m[2024-04-27 17:29:45.686249]:[32mnew implement IOrdenes
 [35m[2024-04-27 17:29:45.709840]:[32mnew implement IOrdenes
 [35m[2024-04-27 17:29:45.756813]:[32mnew implement IOrdenes
 [35m[2024-04-27 17:29:45.758492]:[32mnew implement IPagos
 [35m[2024-04-27 17:29:45.770033]:[32mnew implement IPagos
 [35m[2024-04-27 17:29:45.775715]:[32mnew implement IPagos
 [35m[2024-04-27 17:29:45.775819]:[32mnew implement IPagos
 [35m[2024-04-27 17:29:45.784468]:[32mnew implement IPagos
 [35m[2024-04-27 17:29:45.838389]:[32mnew implement IPagos
 [35m[2024-04-27 17:29:45.845678]:[32mnew implement IClientes
 [35m[2024-04-27 17:29:45.856721]:[32mnew implement IClientes
 [35m[2024-04-27 17:29:45.858828]:[32mnew implement IClientes
 [35m[2024-04-27 17:29:45.879473]:[32mnew implement IClientes
 [35m[2024-04-27 17:29:53.939151]:[32mnew implement IPagos
 [35m[2024-04-27 17:29:53.940143]:[32mnew implement IOrdenes
 [35m[2024-04-27 17:29:53.940605]:[32mnew implement IPagos
 [35m[2024-04-27 17:29:53.951001]:[32mnew implement IOrdenes
 [35m[2024-04-27 17:29:54.015755]:[32mnew implement IOrdenes
 [35m[2024-04-27 17:29:54.072906]:[32mnew implement IOrdenes
 [35m[2024-04-27 17:29:54.074242]:[32mnew implement IPagos
 [35m[2024-04-27 17:29:54.088376]:[32mnew implement IPagos
 [35m[2024-04-27 17:29:54.098386]:[32mnew implement IPagos
 [35m[2024-04-27 17:29:54.098483]:[32mnew implement IPagos
 [35m[2024-04-27 17:29:54.106624]:[32mnew implement IPagos
 [35m[2024-04-27 17:29:54.179797]:[32mnew implement IPagos
 [35m[2024-04-27 17:29:54.186815]:[32mnew implement IClientes
 [35m[2024-04-27 17:29:54.200693]:[32mnew implement IClientes
 [35m[2024-04-27 17:29:54.202368]:[32mnew implement IClientes
 [35m[2024-04-27 17:29:54.224723]:[32mnew implement IClientes
 [35m[2024-04-27 17:29:54.235489]:[32mnew implement IMectricCoffeshop
 [35m[2024-04-27 17:29:54.235603]:[32mnew implement IMectricCoffeshop
 [35m[2024-04-27 17:29:54.239439]:[32mnew implement IClientes
 [35m[2024-04-27 17:29:54.250332]:[32mnew implement IClientes
 [35m[2024-04-27 17:29:54.259860]:[32mnew implement IPagos
 [35m[2024-04-27 17:29:54.259984]:[32mnew implement IPagos
 [35m[2024-04-27 17:29:54.268582]:[32mnew implement IPagos
 [35m[2024-04-27 17:29:54.281770]:[32mnew implement IOrdenes
 [35m[2024-04-27 17:29:54.281867]:[32mnew implement IPagos
 [35m[2024-04-27 17:29:54.282437]:[32mnew implement IPagos
 [35m[2024-04-27 17:29:54.290398]:[32mnew implement IOrdenes
 [35m[2024-04-27 17:29:54.294556]:[32mnew implement IOrdenes
 [35m[2024-04-27 17:29:54.317216]:[32mnew implement IClientes
 [35m[2024-04-27 17:29:54.317314]:[32mnew implement IClientes
 [35m[2024-04-27 17:29:54.356338]:[32mnew implement IClientes
 [35m[2024-04-27 17:29:54.360512]:[32mnew implement IClientes
 [35m[2024-04-27 17:29:54.360647]:[32mnew implement IClientes
 [35m[2024-04-27 17:29:54.362645]:[32mnew implement IClientes
 [35m[2024-04-27 17:29:54.362775]:[32mnew implement IClientes
 [35m[2024-04-27 17:30:19.871790]:[32mnew implement IPagos
 [35m[2024-04-27 17:30:19.871999]:[32mnew implement IOrdenes
 [35m[2024-04-27 17:30:19.872093]:[32mnew implement IPagos
 [35m[2024-04-27 17:30:19.876202]:[32mnew implement IOrdenes
 [35m[2024-04-27 17:30:19.892532]:[32mnew implement IOrdenes
 [35m[2024-04-27 17:30:19.932822]:[32mnew implement IOrdenes
 [35m[2024-04-27 17:30:19.934131]:[32mnew implement IPagos
 [35m[2024-04-27 17:30:19.943472]:[32mnew implement IPagos
 [35m[2024-04-27 17:30:19.949353]:[32mnew implement IPagos
 [35m[2024-04-27 17:30:19.949458]:[32mnew implement IPagos
 [35m[2024-04-27 17:30:19.957350]:[32mnew implement IPagos
 [35m[2024-04-27 17:30:20.006266]:[32mnew implement IPagos
 [35m[2024-04-27 17:30:20.012439]:[32mnew implement IClientes
 [35m[2024-04-27 17:30:20.022440]:[32mnew implement IClientes
 [35m[2024-04-27 17:30:20.024079]:[32mnew implement IClientes
 [35m[2024-04-27 17:30:20.042323]:[32mnew implement IClientes
 [35m[2024-04-27 17:30:20.048118]:[32mnew implement IMectricCoffeshop
 [35m[2024-04-27 17:30:20.048210]:[32mnew implement IMectricCoffeshop
 [35m[2024-04-27 17:30:20.051485]:[32mnew implement IClientes
 [35m[2024-04-27 17:30:20.059651]:[32mnew implement IClientes
 [35m[2024-04-27 17:30:20.067778]:[32mnew implement IPagos
 [35m[2024-04-27 17:30:20.067869]:[32mnew implement IPagos
 [35m[2024-04-27 17:30:20.073649]:[32mnew implement IPagos
 [35m[2024-04-27 17:30:20.083476]:[32mnew implement IOrdenes
 [35m[2024-04-27 17:30:20.083571]:[32mnew implement IPagos
 [35m[2024-04-27 17:30:20.084141]:[32mnew implement IPagos
 [35m[2024-04-27 17:30:20.091521]:[32mnew implement IOrdenes
 [35m[2024-04-27 17:30:20.095294]:[32mnew implement IOrdenes
 [35m[2024-04-27 17:30:20.114397]:[32mnew implement IClientes
 [35m[2024-04-27 17:30:20.114486]:[32mnew implement IClientes
 [35m[2024-04-27 17:30:20.148036]:[32mnew implement IClientes
 [35m[2024-04-27 17:30:20.150985]:[32mnew implement IClientes
 [35m[2024-04-27 17:30:20.151101]:[32mnew implement IClientes
 [35m[2024-04-27 17:30:20.152315]:[32mnew implement IClientes
 [35m[2024-04-27 17:30:20.152428]:[32mnew implement IClientes
 [35m[2024-04-27 17:31:22.896585]:[32mnew implement IPagos
 [35m[2024-04-27 17:31:22.896841]:[32mnew implement IOrdenes
 [35m[2024-04-27 17:31:22.896932]:[32mnew implement IPagos
 [35m[2024-04-27 17:31:22.901615]:[32mnew implement IOrdenes
 [35m[2024-04-27 17:31:22.930041]:[32mnew implement IOrdenes
 [35m[2024-04-27 17:31:23.017701]:[32mnew implement IOrdenes
 [35m[2024-04-27 17:31:23.020593]:[32mnew implement IPagos
 [35m[2024-04-27 17:31:23.044414]:[32mnew implement IPagos
 [35m[2024-04-27 17:31:23.056255]:[32mnew implement IPagos
 [35m[2024-04-27 17:31:23.056602]:[32mnew implement IPagos
 [35m[2024-04-27 17:31:23.066790]:[32mnew implement IPagos
 [35m[2024-04-27 17:31:23.128843]:[32mnew implement IPagos
 [35m[2024-04-27 17:31:23.137702]:[32mnew implement IClientes
 [35m[2024-04-27 17:31:23.158888]:[32mnew implement IClientes
 [35m[2024-04-27 17:31:23.160716]:[32mnew implement IClientes
 [35m[2024-04-27 17:31:23.179772]:[32mnew implement IClientes
 [35m[2024-04-27 17:31:37.519226]:[32mnew implement IPagos
 [35m[2024-04-27 17:31:37.519444]:[32mnew implement IOrdenes
 [35m[2024-04-27 17:31:37.519537]:[32mnew implement IPagos
 [35m[2024-04-27 17:31:37.525382]:[32mnew implement IOrdenes
 [35m[2024-04-27 17:31:37.553361]:[32mnew implement IOrdenes
 [35m[2024-04-27 17:31:37.619994]:[32mnew implement IOrdenes
 [35m[2024-04-27 17:31:37.621829]:[32mnew implement IPagos
 [35m[2024-04-27 17:31:37.638745]:[32mnew implement IPagos
 [35m[2024-04-27 17:31:37.647241]:[32mnew implement IPagos
 [35m[2024-04-27 17:31:37.647360]:[32mnew implement IPagos
 [35m[2024-04-27 17:31:37.660120]:[32mnew implement IPagos
 [35m[2024-04-27 17:31:37.741373]:[32mnew implement IPagos
 [35m[2024-04-27 17:31:37.750982]:[32mnew implement IClientes
 [35m[2024-04-27 17:31:37.766786]:[32mnew implement IClientes
 [35m[2024-04-27 17:31:37.769095]:[32mnew implement IClientes
 [35m[2024-04-27 17:31:37.797306]:[32mnew implement IClientes
 [35m[2024-04-27 17:31:57.308604]:[32mnew implement IPagos
 [35m[2024-04-27 17:31:57.308810]:[32mnew implement IOrdenes
 [35m[2024-04-27 17:31:57.308903]:[32mnew implement IPagos
 [35m[2024-04-27 17:31:57.315422]:[32mnew implement IOrdenes
 [35m[2024-04-27 17:31:57.345879]:[32mnew implement IOrdenes
 [35m[2024-04-27 17:31:57.418863]:[32mnew implement IOrdenes
 [35m[2024-04-27 17:31:57.420352]:[32mnew implement IPagos
 [35m[2024-04-27 17:31:57.437037]:[32mnew implement IPagos
 [35m[2024-04-27 17:31:57.448589]:[32mnew implement IPagos
 [35m[2024-04-27 17:31:57.448713]:[32mnew implement IPagos
 [35m[2024-04-27 17:31:57.462771]:[32mnew implement IPagos
 [35m[2024-04-27 17:31:57.525239]:[32mnew implement IPagos
 [35m[2024-04-27 17:31:57.531610]:[32mnew implement IClientes
 [35m[2024-04-27 17:31:57.542172]:[32mnew implement IClientes
 [35m[2024-04-27 17:31:57.543826]:[32mnew implement IClientes
 [35m[2024-04-27 17:31:57.562655]:[32mnew implement IClientes
 [35m[2024-04-27 17:32:06.999789]:[32mnew implement IPagos
 [35m[2024-04-27 17:32:07.000190]:[32mnew implement IOrdenes
 [35m[2024-04-27 17:32:07.000635]:[32mnew implement IPagos
 [35m[2024-04-27 17:32:07.009466]:[32mnew implement IOrdenes
 [35m[2024-04-27 17:32:07.043590]:[32mnew implement IOrdenes
 [35m[2024-04-27 17:32:07.120526]:[32mnew implement IOrdenes
 [35m[2024-04-27 17:32:07.122428]:[32mnew implement IPagos
 [35m[2024-04-27 17:32:07.134726]:[32mnew implement IPagos
 [35m[2024-04-27 17:32:07.143967]:[32mnew implement IPagos
 [35m[2024-04-27 17:32:07.144217]:[32mnew implement IPagos
 [35m[2024-04-27 17:32:07.152988]:[32mnew implement IPagos
 [35m[2024-04-27 17:32:07.219238]:[32mnew implement IPagos
 [35m[2024-04-27 17:32:07.229158]:[32mnew implement IClientes
 [35m[2024-04-27 17:32:07.242301]:[32mnew implement IClientes
 [35m[2024-04-27 17:32:07.244910]:[32mnew implement IClientes
 [35m[2024-04-27 17:32:07.269486]:[32mnew implement IClientes
 [35m[2024-04-27 17:32:07.279300]:[32mnew implement IMectricCoffeshop
 [35m[2024-04-27 17:32:07.279494]:[32mnew implement IMectricCoffeshop
 [35m[2024-04-27 17:32:07.283876]:[32mnew implement IClientes
 [35m[2024-04-27 17:32:07.295757]:[32mnew implement IClientes
 [35m[2024-04-27 17:32:07.305130]:[32mnew implement IPagos
 [35m[2024-04-27 17:32:07.305280]:[32mnew implement IPagos
 [35m[2024-04-27 17:32:07.313479]:[32mnew implement IPagos
 [35m[2024-04-27 17:32:07.326912]:[32mnew implement IOrdenes
 [35m[2024-04-27 17:32:07.326992]:[32mnew implement IPagos
 [35m[2024-04-27 17:32:07.327610]:[32mnew implement IPagos
 [35m[2024-04-27 17:32:07.335324]:[32mnew implement IOrdenes
 [35m[2024-04-27 17:32:07.338659]:[32mnew implement IOrdenes
 [35m[2024-04-27 17:32:07.361003]:[32mnew implement IClientes
 [35m[2024-04-27 17:32:07.361080]:[32mnew implement IClientes
 [35m[2024-04-27 17:32:07.404091]:[32mnew implement IClientes
 [35m[2024-04-27 17:32:07.409704]:[32mnew implement IClientes
 [35m[2024-04-27 17:32:07.409787]:[32mnew implement IClientes
 [35m[2024-04-27 17:32:07.411179]:[32mnew implement IClientes
 [35m[2024-04-27 17:32:07.411248]:[32mnew implement IClientes
 [35m[2024-04-27 17:32:45.736020]:[32mnew implement IPagos
 [35m[2024-04-27 17:32:45.736699]:[32mnew implement IOrdenes
 [35m[2024-04-27 17:32:45.737215]:[32mnew implement IPagos
 [35m[2024-04-27 17:32:45.742771]:[32mnew implement IOrdenes
 [35m[2024-04-27 17:32:45.762835]:[32mnew implement IOrdenes
 [35m[2024-04-27 17:32:45.847135]:[32mnew implement IOrdenes
 [35m[2024-04-27 17:32:45.848794]:[32mnew implement IPagos
 [35m[2024-04-27 17:32:45.869845]:[32mnew implement IPagos
 [35m[2024-04-27 17:32:45.878091]:[32mnew implement IPagos
 [35m[2024-04-27 17:32:45.878199]:[32mnew implement IPagos
 [35m[2024-04-27 17:32:45.889838]:[32mnew implement IPagos
 [35m[2024-04-27 17:32:45.968068]:[32mnew implement IPagos
 [35m[2024-04-27 17:32:45.981832]:[32mnew implement IClientes
 [35m[2024-04-27 17:32:45.999022]:[32mnew implement IClientes
 [35m[2024-04-27 17:32:46.000713]:[32mnew implement IClientes
 [35m[2024-04-27 17:32:46.029149]:[32mnew implement IClientes
 [35m[2024-04-27 17:32:49.327511]:[32mnew implement IPagos
 [35m[2024-04-27 17:32:49.327791]:[32mnew implement IOrdenes
 [35m[2024-04-27 17:32:49.328109]:[32mnew implement IPagos
 [35m[2024-04-27 17:32:49.332218]:[32mnew implement IOrdenes
 [35m[2024-04-27 17:32:49.355544]:[32mnew implement IOrdenes
 [35m[2024-04-27 17:32:49.413211]:[32mnew implement IOrdenes
 [35m[2024-04-27 17:32:49.415098]:[32mnew implement IPagos
 [35m[2024-04-27 17:32:49.435845]:[32mnew implement IPagos
 [35m[2024-04-27 17:32:49.446716]:[32mnew implement IPagos
 [35m[2024-04-27 17:32:49.446827]:[32mnew implement IPagos
 [35m[2024-04-27 17:32:49.462651]:[32mnew implement IPagos
 [35m[2024-04-27 17:32:49.561314]:[32mnew implement IPagos
 [35m[2024-04-27 17:32:49.569325]:[32mnew implement IClientes
 [35m[2024-04-27 17:32:49.583346]:[32mnew implement IClientes
 [35m[2024-04-27 17:32:49.586147]:[32mnew implement IClientes
 [35m[2024-04-27 17:32:49.616636]:[32mnew implement IClientes
 [35m[2024-04-27 17:32:53.513450]:[32mnew implement IPagos
 [35m[2024-04-27 17:32:53.513625]:[32mnew implement IOrdenes
 [35m[2024-04-27 17:32:53.513738]:[32mnew implement IPagos
 [35m[2024-04-27 17:32:53.519815]:[32mnew implement IOrdenes
 [35m[2024-04-27 17:32:53.544380]:[32mnew implement IOrdenes
 [35m[2024-04-27 17:32:53.599508]:[32mnew implement IOrdenes
 [35m[2024-04-27 17:32:53.603448]:[32mnew implement IPagos
 [35m[2024-04-27 17:32:53.614202]:[32mnew implement IPagos
 [35m[2024-04-27 17:32:53.622351]:[32mnew implement IPagos
 [35m[2024-04-27 17:32:53.622634]:[32mnew implement IPagos
 [35m[2024-04-27 17:32:53.633271]:[32mnew implement IPagos
 [35m[2024-04-27 17:32:53.699829]:[32mnew implement IPagos
 [35m[2024-04-27 17:32:53.709331]:[32mnew implement IClientes
 [35m[2024-04-27 17:32:53.721970]:[32mnew implement IClientes
 [35m[2024-04-27 17:32:53.724359]:[32mnew implement IClientes
 [35m[2024-04-27 17:32:53.747094]:[32mnew implement IClientes
 [35m[2024-04-27 17:32:57.443593]:[32mnew implement IPagos
 [35m[2024-04-27 17:32:57.444725]:[32mnew implement IOrdenes
 [35m[2024-04-27 17:32:57.445580]:[32mnew implement IPagos
 [35m[2024-04-27 17:32:57.454298]:[32mnew implement IOrdenes
 [35m[2024-04-27 17:32:57.495882]:[32mnew implement IOrdenes
 [35m[2024-04-27 17:32:57.584575]:[32mnew implement IOrdenes
 [35m[2024-04-27 17:32:57.587979]:[32mnew implement IPagos
 [35m[2024-04-27 17:32:57.600684]:[32mnew implement IPagos
 [35m[2024-04-27 17:32:57.610181]:[32mnew implement IPagos
 [35m[2024-04-27 17:32:57.610574]:[32mnew implement IPagos
 [35m[2024-04-27 17:32:57.631632]:[32mnew implement IPagos
 [35m[2024-04-27 17:32:57.710506]:[32mnew implement IPagos
 [35m[2024-04-27 17:32:57.722492]:[32mnew implement IClientes
 [35m[2024-04-27 17:32:57.735336]:[32mnew implement IClientes
 [35m[2024-04-27 17:32:57.738096]:[32mnew implement IClientes
 [35m[2024-04-27 17:32:57.762004]:[32mnew implement IClientes
 [35m[2024-04-27 17:33:00.728510]:[32mnew implement IPagos
 [35m[2024-04-27 17:33:00.728701]:[32mnew implement IOrdenes
 [35m[2024-04-27 17:33:00.728793]:[32mnew implement IPagos
 [35m[2024-04-27 17:33:00.735355]:[32mnew implement IOrdenes
 [35m[2024-04-27 17:33:00.768061]:[32mnew implement IOrdenes
 [35m[2024-04-27 17:33:00.873676]:[32mnew implement IOrdenes
 [35m[2024-04-27 17:33:00.876800]:[32mnew implement IPagos
 [35m[2024-04-27 17:33:00.898185]:[32mnew implement IPagos
 [35m[2024-04-27 17:33:00.910307]:[32mnew implement IPagos
 [35m[2024-04-27 17:33:00.910597]:[32mnew implement IPagos
 [35m[2024-04-27 17:33:00.927960]:[32mnew implement IPagos
 [35m[2024-04-27 17:33:01.075959]:[32mnew implement IPagos
 [35m[2024-04-27 17:33:01.105879]:[32mnew implement IClientes
 [35m[2024-04-27 17:33:01.154286]:[32mnew implement IClientes
 [35m[2024-04-27 17:33:01.159429]:[32mnew implement IClientes
 [35m[2024-04-27 17:33:01.222204]:[32mnew implement IClientes
 [35m[2024-04-27 17:33:06.134249]:[32mnew implement IPagos
 [35m[2024-04-27 17:33:06.134554]:[32mnew implement IOrdenes
 [35m[2024-04-27 17:33:06.134651]:[32mnew implement IPagos
 [35m[2024-04-27 17:33:06.141801]:[32mnew implement IOrdenes
 [35m[2024-04-27 17:33:06.180793]:[32mnew implement IOrdenes
 [35m[2024-04-27 17:33:06.309474]:[32mnew implement IOrdenes
 [35m[2024-04-27 17:33:06.311967]:[32mnew implement IPagos
 [35m[2024-04-27 17:33:06.329232]:[32mnew implement IPagos
 [35m[2024-04-27 17:33:06.342167]:[32mnew implement IPagos
 [35m[2024-04-27 17:33:06.342786]:[32mnew implement IPagos
 [35m[2024-04-27 17:33:06.361550]:[32mnew implement IPagos
 [35m[2024-04-27 17:33:06.475811]:[32mnew implement IPagos
 [35m[2024-04-27 17:33:06.490408]:[32mnew implement IClientes
 [35m[2024-04-27 17:33:06.514395]:[32mnew implement IClientes
 [35m[2024-04-27 17:33:06.520535]:[32mnew implement IClientes
 [35m[2024-04-27 17:33:06.562694]:[32mnew implement IClientes
 [35m[2024-04-27 17:33:06.578534]:[32mnew implement IMectricCoffeshop
 [35m[2024-04-27 17:33:06.578865]:[32mnew implement IMectricCoffeshop
 [35m[2024-04-27 17:33:06.582562]:[32mnew implement IClientes
 [35m[2024-04-27 17:33:06.596555]:[32mnew implement IClientes
 [35m[2024-04-27 17:33:06.610597]:[32mnew implement IPagos
 [35m[2024-04-27 17:33:06.610702]:[32mnew implement IPagos
 [35m[2024-04-27 17:33:06.617999]:[32mnew implement IPagos
 [35m[2024-04-27 17:33:06.629199]:[32mnew implement IOrdenes
 [35m[2024-04-27 17:33:06.629301]:[32mnew implement IPagos
 [35m[2024-04-27 17:33:06.629976]:[32mnew implement IPagos
 [35m[2024-04-27 17:33:06.640716]:[32mnew implement IOrdenes
 [35m[2024-04-27 17:33:06.643072]:[32mnew implement IOrdenes
 [35m[2024-04-27 17:33:06.665609]:[32mnew implement IClientes
 [35m[2024-04-27 17:33:06.665714]:[32mnew implement IClientes
 [35m[2024-04-27 17:33:06.701449]:[32mnew implement IClientes
 [35m[2024-04-27 17:33:06.704639]:[32mnew implement IClientes
 [35m[2024-04-27 17:33:06.704727]:[32mnew implement IClientes
 [35m[2024-04-27 17:33:06.705958]:[32mnew implement IClientes
 [35m[2024-04-27 17:33:06.706044]:[32mnew implement IClientes
 [35m[2024-04-27 17:33:39.230112]:[32mnew implement IPagos
 [35m[2024-04-27 17:33:39.230308]:[32mnew implement IOrdenes
 [35m[2024-04-27 17:33:39.230400]:[32mnew implement IPagos
 [35m[2024-04-27 17:33:39.238250]:[32mnew implement IOrdenes
 [35m[2024-04-27 17:33:39.259601]:[32mnew implement IOrdenes
 [35m[2024-04-27 17:33:39.322632]:[32mnew implement IOrdenes
 [35m[2024-04-27 17:33:39.325059]:[32mnew implement IPagos
 [35m[2024-04-27 17:33:39.343074]:[32mnew implement IPagos
 [35m[2024-04-27 17:33:39.350952]:[32mnew implement IPagos
 [35m[2024-04-27 17:33:39.351398]:[32mnew implement IPagos
 [35m[2024-04-27 17:33:39.364156]:[32mnew implement IPagos
 [35m[2024-04-27 17:33:39.432159]:[32mnew implement IPagos
 [35m[2024-04-27 17:33:39.442818]:[32mnew implement IClientes
 [35m[2024-04-27 17:33:39.454409]:[32mnew implement IClientes
 [35m[2024-04-27 17:33:39.456212]:[32mnew implement IClientes
 [35m[2024-04-27 17:33:39.474822]:[32mnew implement IClientes
 [35m[2024-04-27 17:33:39.481044]:[32mnew implement IMectricCoffeshop
 [35m[2024-04-27 17:33:39.481137]:[32mnew implement IMectricCoffeshop
 [35m[2024-04-27 17:33:39.484550]:[32mnew implement IClientes
 [35m[2024-04-27 17:33:39.493551]:[32mnew implement IClientes
 [35m[2024-04-27 17:33:39.502536]:[32mnew implement IPagos
 [35m[2024-04-27 17:33:39.502627]:[32mnew implement IPagos
 [35m[2024-04-27 17:33:39.508305]:[32mnew implement IPagos
 [35m[2024-04-27 17:33:39.518271]:[32mnew implement IOrdenes
 [35m[2024-04-27 17:33:39.518366]:[32mnew implement IPagos
 [35m[2024-04-27 17:33:39.518932]:[32mnew implement IPagos
 [35m[2024-04-27 17:33:39.528741]:[32mnew implement IOrdenes
 [35m[2024-04-27 17:33:39.532724]:[32mnew implement IOrdenes
 [35m[2024-04-27 17:33:39.562817]:[32mnew implement IClientes
 [35m[2024-04-27 17:33:39.562916]:[32mnew implement IClientes
 [35m[2024-04-27 17:33:39.603699]:[32mnew implement IClientes
 [35m[2024-04-27 17:33:39.606757]:[32mnew implement IClientes
 [35m[2024-04-27 17:33:39.606880]:[32mnew implement IClientes
 [35m[2024-04-27 17:33:39.608095]:[32mnew implement IClientes
 [35m[2024-04-27 17:33:39.608184]:[32mnew implement IClientes
 [35m[2024-04-27 17:33:49.155395]:[32mnew implement IPagos
 [35m[2024-04-27 17:33:49.156138]:[32mnew implement IOrdenes
 [35m[2024-04-27 17:33:49.156684]:[32mnew implement IPagos
 [35m[2024-04-27 17:33:49.163350]:[32mnew implement IOrdenes
 [35m[2024-04-27 17:33:49.208419]:[32mnew implement IOrdenes
 [35m[2024-04-27 17:33:49.283613]:[32mnew implement IOrdenes
 [35m[2024-04-27 17:33:49.286161]:[32mnew implement IPagos
 [35m[2024-04-27 17:33:49.308624]:[32mnew implement IPagos
 [35m[2024-04-27 17:33:49.318966]:[32mnew implement IPagos
 [35m[2024-04-27 17:33:49.319637]:[32mnew implement IPagos
 [35m[2024-04-27 17:33:49.336376]:[32mnew implement IPagos
 [35m[2024-04-27 17:33:49.430708]:[32mnew implement IPagos
 [35m[2024-04-27 17:33:49.444375]:[32mnew implement IClientes
 [35m[2024-04-27 17:33:49.469691]:[32mnew implement IClientes
 [35m[2024-04-27 17:33:49.474068]:[32mnew implement IClientes
 [35m[2024-04-27 17:33:49.506156]:[32mnew implement IClientes
 [35m[2024-04-27 17:34:07.416840]:[32mnew implement IPagos
 [35m[2024-04-27 17:34:07.417038]:[32mnew implement IOrdenes
 [35m[2024-04-27 17:34:07.417127]:[32mnew implement IPagos
 [35m[2024-04-27 17:34:07.423158]:[32mnew implement IOrdenes
 [35m[2024-04-27 17:34:07.452636]:[32mnew implement IOrdenes
 [35m[2024-04-27 17:34:07.533470]:[32mnew implement IOrdenes
 [35m[2024-04-27 17:34:07.534985]:[32mnew implement IPagos
 [35m[2024-04-27 17:34:07.545876]:[32mnew implement IPagos
 [35m[2024-04-27 17:34:07.553659]:[32mnew implement IPagos
 [35m[2024-04-27 17:34:07.553773]:[32mnew implement IPagos
 [35m[2024-04-27 17:34:07.565856]:[32mnew implement IPagos
 [35m[2024-04-27 17:34:07.656817]:[32mnew implement IPagos
 [35m[2024-04-27 17:34:07.672836]:[32mnew implement IClientes
 [35m[2024-04-27 17:34:07.692663]:[32mnew implement IClientes
 [35m[2024-04-27 17:34:07.696482]:[32mnew implement IClientes
 [35m[2024-04-27 17:34:07.722954]:[32mnew implement IClientes
 [35m[2024-04-27 17:34:11.673842]:[32mnew implement IPagos
 [35m[2024-04-27 17:34:11.674084]:[32mnew implement IOrdenes
 [35m[2024-04-27 17:34:11.674177]:[32mnew implement IPagos
 [35m[2024-04-27 17:34:11.682620]:[32mnew implement IOrdenes
 [35m[2024-04-27 17:34:11.722710]:[32mnew implement IOrdenes
 [35m[2024-04-27 17:34:11.794297]:[32mnew implement IOrdenes
 [35m[2024-04-27 17:34:11.796349]:[32mnew implement IPagos
 [35m[2024-04-27 17:34:11.813870]:[32mnew implement IPagos
 [35m[2024-04-27 17:34:11.822506]:[32mnew implement IPagos
 [35m[2024-04-27 17:34:11.822685]:[32mnew implement IPagos
 [35m[2024-04-27 17:34:11.835801]:[32mnew implement IPagos
 [35m[2024-04-27 17:34:11.929482]:[32mnew implement IPagos
 [35m[2024-04-27 17:34:11.940792]:[32mnew implement IClientes
 [35m[2024-04-27 17:34:11.964992]:[32mnew implement IClientes
 [35m[2024-04-27 17:34:11.968011]:[32mnew implement IClientes
 [35m[2024-04-27 17:34:11.998535]:[32mnew implement IClientes
 [35m[2024-04-27 17:34:22.547238]:[32mnew implement IPagos
 [35m[2024-04-27 17:34:22.547434]:[32mnew implement IOrdenes
 [35m[2024-04-27 17:34:22.547555]:[32mnew implement IPagos
 [35m[2024-04-27 17:34:22.551770]:[32mnew implement IOrdenes
 [35m[2024-04-27 17:34:22.569905]:[32mnew implement IOrdenes
 [35m[2024-04-27 17:34:22.651275]:[32mnew implement IOrdenes
 [35m[2024-04-27 17:34:22.653526]:[32mnew implement IPagos
 [35m[2024-04-27 17:34:22.672628]:[32mnew implement IPagos
 [35m[2024-04-27 17:34:22.682403]:[32mnew implement IPagos
 [35m[2024-04-27 17:34:22.682706]:[32mnew implement IPagos
 [35m[2024-04-27 17:34:22.706300]:[32mnew implement IPagos
 [35m[2024-04-27 17:34:22.794652]:[32mnew implement IPagos
 [35m[2024-04-27 17:34:22.804296]:[32mnew implement IClientes
 [35m[2024-04-27 17:34:22.815037]:[32mnew implement IClientes
 [35m[2024-04-27 17:34:22.816757]:[32mnew implement IClientes
 [35m[2024-04-27 17:34:22.838846]:[32mnew implement IClientes
 [35m[2024-04-27 17:34:25.880579]:[32mnew implement IPagos
 [35m[2024-04-27 17:34:25.880790]:[32mnew implement IOrdenes
 [35m[2024-04-27 17:34:25.880882]:[32mnew implement IPagos
 [35m[2024-04-27 17:34:25.886991]:[32mnew implement IOrdenes
 [35m[2024-04-27 17:34:25.906272]:[32mnew implement IOrdenes
 [35m[2024-04-27 17:34:25.985987]:[32mnew implement IOrdenes
 [35m[2024-04-27 17:34:25.988651]:[32mnew implement IPagos
 [35m[2024-04-27 17:34:26.010528]:[32mnew implement IPagos
 [35m[2024-04-27 17:34:26.023054]:[32mnew implement IPagos
 [35m[2024-04-27 17:34:26.023475]:[32mnew implement IPagos
 [35m[2024-04-27 17:34:26.037914]:[32mnew implement IPagos
 [35m[2024-04-27 17:34:26.135527]:[32mnew implement IPagos
 [35m[2024-04-27 17:34:26.146851]:[32mnew implement IClientes
 [35m[2024-04-27 17:34:26.175669]:[32mnew implement IClientes
 [35m[2024-04-27 17:34:26.178563]:[32mnew implement IClientes
 [35m[2024-04-27 17:34:26.210392]:[32mnew implement IClientes
 [35m[2024-04-27 17:34:29.635946]:[32mnew implement IPagos
 [35m[2024-04-27 17:34:29.636165]:[32mnew implement IOrdenes
 [35m[2024-04-27 17:34:29.636262]:[32mnew implement IPagos
 [35m[2024-04-27 17:34:29.641967]:[32mnew implement IOrdenes
 [35m[2024-04-27 17:34:29.669826]:[32mnew implement IOrdenes
 [35m[2024-04-27 17:34:29.737652]:[32mnew implement IOrdenes
 [35m[2024-04-27 17:34:29.739021]:[32mnew implement IPagos
 [35m[2024-04-27 17:34:29.748802]:[32mnew implement IPagos
 [35m[2024-04-27 17:34:29.754131]:[32mnew implement IPagos
 [35m[2024-04-27 17:34:29.754225]:[32mnew implement IPagos
 [35m[2024-04-27 17:34:29.762119]:[32mnew implement IPagos
 [35m[2024-04-27 17:34:29.817249]:[32mnew implement IPagos
 [35m[2024-04-27 17:34:29.826787]:[32mnew implement IClientes
 [35m[2024-04-27 17:34:29.839648]:[32mnew implement IClientes
 [35m[2024-04-27 17:34:29.841353]:[32mnew implement IClientes
 [35m[2024-04-27 17:34:29.861343]:[32mnew implement IClientes
 [35m[2024-04-27 17:34:29.873729]:[32mnew implement IMectricCoffeshop
 [35m[2024-04-27 17:34:29.874108]:[32mnew implement IMectricCoffeshop
 [35m[2024-04-27 17:34:29.882332]:[32mnew implement IClientes
 [35m[2024-04-27 17:34:29.901097]:[32mnew implement IClientes
 [35m[2024-04-27 17:34:29.920795]:[32mnew implement IPagos
 [35m[2024-04-27 17:34:29.921191]:[32mnew implement IPagos
 [35m[2024-04-27 17:34:29.934725]:[32mnew implement IPagos
 [35m[2024-04-27 17:34:29.952084]:[32mnew implement IOrdenes
 [35m[2024-04-27 17:34:29.952172]:[32mnew implement IPagos
 [35m[2024-04-27 17:34:29.952734]:[32mnew implement IPagos
 [35m[2024-04-27 17:34:29.960327]:[32mnew implement IOrdenes
 [35m[2024-04-27 17:34:29.963827]:[32mnew implement IOrdenes
 [35m[2024-04-27 17:34:29.985673]:[32mnew implement IClientes
 [35m[2024-04-27 17:34:29.985784]:[32mnew implement IClientes
 [35m[2024-04-27 17:34:30.026780]:[32mnew implement IClientes
 [35m[2024-04-27 17:34:30.032452]:[32mnew implement IClientes
 [35m[2024-04-27 17:34:30.032596]:[32mnew implement IClientes
 [35m[2024-04-27 17:34:30.034176]:[32mnew implement IClientes
 [35m[2024-04-27 17:34:30.034354]:[32mnew implement IClientes
 [35m[2024-04-27 17:34:34.840872]:[32mnew implement IPagos
 [35m[2024-04-27 17:34:34.841113]:[32mnew implement IOrdenes
 [35m[2024-04-27 17:34:34.841316]:[32mnew implement IPagos
 [35m[2024-04-27 17:34:34.845704]:[32mnew implement IOrdenes
 [35m[2024-04-27 17:34:34.863723]:[32mnew implement IOrdenes
 [35m[2024-04-27 17:34:34.913075]:[32mnew implement IOrdenes
 [35m[2024-04-27 17:34:34.914755]:[32mnew implement IPagos
 [35m[2024-04-27 17:34:34.928265]:[32mnew implement IPagos
 [35m[2024-04-27 17:34:34.935655]:[32mnew implement IPagos
 [35m[2024-04-27 17:34:34.935754]:[32mnew implement IPagos
 [35m[2024-04-27 17:34:34.948795]:[32mnew implement IPagos
 [35m[2024-04-27 17:34:35.003037]:[32mnew implement IPagos
 [35m[2024-04-27 17:34:35.009334]:[32mnew implement IClientes
 [35m[2024-04-27 17:34:35.022570]:[32mnew implement IClientes
 [35m[2024-04-27 17:34:35.024511]:[32mnew implement IClientes
 [35m[2024-04-27 17:34:35.045042]:[32mnew implement IClientes
 [35m[2024-04-27 17:34:53.819948]:[32mnew implement IPagos
 [35m[2024-04-27 17:34:53.820253]:[32mnew implement IOrdenes
 [35m[2024-04-27 17:34:53.820383]:[32mnew implement IPagos
 [35m[2024-04-27 17:34:53.828393]:[32mnew implement IOrdenes
 [35m[2024-04-27 17:34:53.857615]:[32mnew implement IOrdenes
 [35m[2024-04-27 17:34:53.923029]:[32mnew implement IOrdenes
 [35m[2024-04-27 17:34:53.924794]:[32mnew implement IPagos
 [35m[2024-04-27 17:34:53.941363]:[32mnew implement IPagos
 [35m[2024-04-27 17:34:53.949873]:[32mnew implement IPagos
 [35m[2024-04-27 17:34:53.950012]:[32mnew implement IPagos
 [35m[2024-04-27 17:34:53.962790]:[32mnew implement IPagos
 [35m[2024-04-27 17:34:54.053821]:[32mnew implement IPagos
 [35m[2024-04-27 17:34:54.064797]:[32mnew implement IClientes
 [35m[2024-04-27 17:34:54.083219]:[32mnew implement IClientes
 [35m[2024-04-27 17:34:54.085761]:[32mnew implement IClientes
 [35m[2024-04-27 17:34:54.113840]:[32mnew implement IClientes
 [35m[2024-04-27 17:35:12.003607]:[32mnew implement IPagos
 [35m[2024-04-27 17:35:12.004004]:[32mnew implement IOrdenes
 [35m[2024-04-27 17:35:12.004456]:[32mnew implement IPagos
 [35m[2024-04-27 17:35:12.009612]:[32mnew implement IOrdenes
 [35m[2024-04-27 17:35:12.036587]:[32mnew implement IOrdenes
 [35m[2024-04-27 17:35:12.104342]:[32mnew implement IOrdenes
 [35m[2024-04-27 17:35:12.105731]:[32mnew implement IPagos
 [35m[2024-04-27 17:35:12.119503]:[32mnew implement IPagos
 [35m[2024-04-27 17:35:12.125941]:[32mnew implement IPagos
 [35m[2024-04-27 17:35:12.126052]:[32mnew implement IPagos
 [35m[2024-04-27 17:35:12.138451]:[32mnew implement IPagos
 [35m[2024-04-27 17:35:12.221079]:[32mnew implement IPagos
 [35m[2024-04-27 17:35:12.228791]:[32mnew implement IClientes
 [35m[2024-04-27 17:35:12.246669]:[32mnew implement IClientes
 [35m[2024-04-27 17:35:12.250040]:[32mnew implement IClientes
 [35m[2024-04-27 17:35:12.278336]:[32mnew implement IClientes
 [35m[2024-04-27 17:35:12.289847]:[32mnew implement IMectricCoffeshop
 [35m[2024-04-27 17:35:12.289939]:[32mnew implement IMectricCoffeshop
 [35m[2024-04-27 17:35:12.294176]:[32mnew implement IClientes
 [35m[2024-04-27 17:35:12.306223]:[32mnew implement IClientes
 [35m[2024-04-27 17:35:12.318247]:[32mnew implement IPagos
 [35m[2024-04-27 17:35:12.318391]:[32mnew implement IPagos
 [35m[2024-04-27 17:35:12.325126]:[32mnew implement IPagos
 [35m[2024-04-27 17:35:12.339945]:[32mnew implement IOrdenes
 [35m[2024-04-27 17:35:12.340026]:[32mnew implement IPagos
 [35m[2024-04-27 17:35:12.340588]:[32mnew implement IPagos
 [35m[2024-04-27 17:35:12.352362]:[32mnew implement IOrdenes
 [35m[2024-04-27 17:35:12.355801]:[32mnew implement IOrdenes
 [35m[2024-04-27 17:35:12.378134]:[32mnew implement IClientes
 [35m[2024-04-27 17:35:12.378392]:[32mnew implement IClientes
 [35m[2024-04-27 17:35:12.427771]:[32mnew implement IClientes
 [35m[2024-04-27 17:35:12.434079]:[32mnew implement IClientes
 [35m[2024-04-27 17:35:12.434230]:[32mnew implement IClientes
 [35m[2024-04-27 17:35:12.436497]:[32mnew implement IClientes
 [35m[2024-04-27 17:35:12.436626]:[32mnew implement IClientes
 [35m[2024-04-27 17:35:45.440832]:[32mnew implement IPagos
 [35m[2024-04-27 17:35:45.441036]:[32mnew implement IOrdenes
 [35m[2024-04-27 17:35:45.441136]:[32mnew implement IPagos
 [35m[2024-04-27 17:35:45.448881]:[32mnew implement IOrdenes
 [35m[2024-04-27 17:35:45.475439]:[32mnew implement IOrdenes
 [35m[2024-04-27 17:35:45.537936]:[32mnew implement IOrdenes
 [35m[2024-04-27 17:35:45.539536]:[32mnew implement IPagos
 [35m[2024-04-27 17:35:45.553020]:[32mnew implement IPagos
 [35m[2024-04-27 17:35:45.558809]:[32mnew implement IPagos
 [35m[2024-04-27 17:35:45.558912]:[32mnew implement IPagos
 [35m[2024-04-27 17:35:45.571056]:[32mnew implement IPagos
 [35m[2024-04-27 17:35:45.666168]:[32mnew implement IPagos
 [35m[2024-04-27 17:35:45.675304]:[32mnew implement IClientes
 [35m[2024-04-27 17:35:45.685939]:[32mnew implement IClientes
 [35m[2024-04-27 17:35:45.687858]:[32mnew implement IClientes
 [35m[2024-04-27 17:35:45.707355]:[32mnew implement IClientes
 [35m[2024-04-27 17:35:45.715193]:[32mnew implement IMectricCoffeshop
 [35m[2024-04-27 17:35:45.715277]:[32mnew implement IMectricCoffeshop
 [35m[2024-04-27 17:35:45.718850]:[32mnew implement IClientes
 [35m[2024-04-27 17:35:45.727146]:[32mnew implement IClientes
 [35m[2024-04-27 17:35:45.735506]:[32mnew implement IPagos
 [35m[2024-04-27 17:35:45.735585]:[32mnew implement IPagos
 [35m[2024-04-27 17:35:45.741329]:[32mnew implement IPagos
 [35m[2024-04-27 17:35:45.754014]:[32mnew implement IOrdenes
 [35m[2024-04-27 17:35:45.754167]:[32mnew implement IPagos
 [35m[2024-04-27 17:35:45.755218]:[32mnew implement IPagos
 [35m[2024-04-27 17:35:45.771708]:[32mnew implement IOrdenes
 [35m[2024-04-27 17:35:45.774378]:[32mnew implement IOrdenes
 [35m[2024-04-27 17:35:45.807622]:[32mnew implement IClientes
 [35m[2024-04-27 17:35:45.807787]:[32mnew implement IClientes
 [35m[2024-04-27 17:35:45.870870]:[32mnew implement IClientes
 [35m[2024-04-27 17:35:45.875551]:[32mnew implement IClientes
 [35m[2024-04-27 17:35:45.875659]:[32mnew implement IClientes
 [35m[2024-04-27 17:35:45.878002]:[32mnew implement IClientes
 [35m[2024-04-27 17:35:45.878105]:[32mnew implement IClientes
 [35m[2024-04-27 17:36:03.413515]:[32mnew implement IPagos
 [35m[2024-04-27 17:36:03.413745]:[32mnew implement IOrdenes
 [35m[2024-04-27 17:36:03.413840]:[32mnew implement IPagos
 [35m[2024-04-27 17:36:03.420659]:[32mnew implement IOrdenes
 [35m[2024-04-27 17:36:03.444094]:[32mnew implement IOrdenes
 [35m[2024-04-27 17:36:03.511530]:[32mnew implement IOrdenes
 [35m[2024-04-27 17:36:03.513779]:[32mnew implement IPagos
 [35m[2024-04-27 17:36:03.527742]:[32mnew implement IPagos
 [35m[2024-04-27 17:36:03.534282]:[32mnew implement IPagos
 [35m[2024-04-27 17:36:03.534399]:[32mnew implement IPagos
 [35m[2024-04-27 17:36:03.547438]:[32mnew implement IPagos
 [35m[2024-04-27 17:36:03.621812]:[32mnew implement IPagos
 [35m[2024-04-27 17:36:03.631402]:[32mnew implement IClientes
 [35m[2024-04-27 17:36:03.645870]:[32mnew implement IClientes
 [35m[2024-04-27 17:36:03.648535]:[32mnew implement IClientes
 [35m[2024-04-27 17:36:03.674713]:[32mnew implement IClientes
 [35m[2024-04-27 17:36:03.689728]:[32mnew implement IMectricCoffeshop
 [35m[2024-04-27 17:36:03.690022]:[32mnew implement IMectricCoffeshop
 [35m[2024-04-27 17:36:03.698502]:[32mnew implement IClientes
 [35m[2024-04-27 17:36:03.715081]:[32mnew implement IClientes
 [35m[2024-04-27 17:36:03.728110]:[32mnew implement IPagos
 [35m[2024-04-27 17:36:03.728253]:[32mnew implement IPagos
 [35m[2024-04-27 17:36:03.737635]:[32mnew implement IPagos
 [35m[2024-04-27 17:36:03.754247]:[32mnew implement IOrdenes
 [35m[2024-04-27 17:36:03.754359]:[32mnew implement IPagos
 [35m[2024-04-27 17:36:03.755178]:[32mnew implement IPagos
 [35m[2024-04-27 17:36:03.765280]:[32mnew implement IOrdenes
 [35m[2024-04-27 17:36:03.768638]:[32mnew implement IOrdenes
 [35m[2024-04-27 17:36:03.791335]:[32mnew implement IClientes
 [35m[2024-04-27 17:36:03.791434]:[32mnew implement IClientes
 [35m[2024-04-27 17:36:03.839791]:[32mnew implement IClientes
 [35m[2024-04-27 17:36:03.843682]:[32mnew implement IClientes
 [35m[2024-04-27 17:36:03.843786]:[32mnew implement IClientes
 [35m[2024-04-27 17:36:03.845698]:[32mnew implement IClientes
 [35m[2024-04-27 17:36:03.845859]:[32mnew implement IClientes
 [35m[2024-04-27 17:36:15.300885]:[32mnew implement IPagos
 [35m[2024-04-27 17:36:15.301061]:[32mnew implement IOrdenes
 [35m[2024-04-27 17:36:15.301155]:[32mnew implement IPagos
 [35m[2024-04-27 17:36:15.305345]:[32mnew implement IOrdenes
 [35m[2024-04-27 17:36:15.322456]:[32mnew implement IOrdenes
 [35m[2024-04-27 17:36:15.363772]:[32mnew implement IOrdenes
 [35m[2024-04-27 17:36:15.365035]:[32mnew implement IPagos
 [35m[2024-04-27 17:36:15.374301]:[32mnew implement IPagos
 [35m[2024-04-27 17:36:15.380538]:[32mnew implement IPagos
 [35m[2024-04-27 17:36:15.380638]:[32mnew implement IPagos
 [35m[2024-04-27 17:36:15.388398]:[32mnew implement IPagos
 [35m[2024-04-27 17:36:15.437157]:[32mnew implement IPagos
 [35m[2024-04-27 17:36:15.443313]:[32mnew implement IClientes
 [35m[2024-04-27 17:36:15.453272]:[32mnew implement IClientes
 [35m[2024-04-27 17:36:15.454900]:[32mnew implement IClientes
 [35m[2024-04-27 17:36:15.473516]:[32mnew implement IClientes
 [35m[2024-04-27 17:36:15.480405]:[32mnew implement IMectricCoffeshop
 [35m[2024-04-27 17:36:15.480496]:[32mnew implement IMectricCoffeshop
 [35m[2024-04-27 17:36:15.483882]:[32mnew implement IClientes
 [35m[2024-04-27 17:36:15.491946]:[32mnew implement IClientes
 [35m[2024-04-27 17:36:15.499952]:[32mnew implement IPagos
 [35m[2024-04-27 17:36:15.500041]:[32mnew implement IPagos
 [35m[2024-04-27 17:36:15.505680]:[32mnew implement IPagos
 [35m[2024-04-27 17:36:15.515785]:[32mnew implement IOrdenes
 [35m[2024-04-27 17:36:15.515911]:[32mnew implement IPagos
 [35m[2024-04-27 17:36:15.516461]:[32mnew implement IPagos
 [35m[2024-04-27 17:36:15.523665]:[32mnew implement IOrdenes
 [35m[2024-04-27 17:36:15.525812]:[32mnew implement IOrdenes
 [35m[2024-04-27 17:36:15.541982]:[32mnew implement IClientes
 [35m[2024-04-27 17:36:15.542106]:[32mnew implement IClientes
 [35m[2024-04-27 17:36:15.576609]:[32mnew implement IClientes
 [35m[2024-04-27 17:36:15.579708]:[32mnew implement IClientes
 [35m[2024-04-27 17:36:15.579825]:[32mnew implement IClientes
 [35m[2024-04-27 17:36:15.581374]:[32mnew implement IClientes
 [35m[2024-04-27 17:36:15.581489]:[32mnew implement IClientes
 [35m[2024-04-27 17:37:11.218954]:[32mnew implement IPagos
 [35m[2024-04-27 17:37:11.219094]:[32mnew implement IOrdenes
 [35m[2024-04-27 17:37:11.219300]:[32mnew implement IPagos
 [35m[2024-04-27 17:37:11.223458]:[32mnew implement IOrdenes
 [35m[2024-04-27 17:37:11.239610]:[32mnew implement IOrdenes
 [35m[2024-04-27 17:37:11.281887]:[32mnew implement IOrdenes
 [35m[2024-04-27 17:37:11.283179]:[32mnew implement IPagos
 [35m[2024-04-27 17:37:11.292399]:[32mnew implement IPagos
 [35m[2024-04-27 17:37:11.298234]:[32mnew implement IPagos
 [35m[2024-04-27 17:37:11.298332]:[32mnew implement IPagos
 [35m[2024-04-27 17:37:11.306230]:[32mnew implement IPagos
 [35m[2024-04-27 17:37:11.368343]:[32mnew implement IPagos
 [35m[2024-04-27 17:37:11.379576]:[32mnew implement IClientes
 [35m[2024-04-27 17:37:11.399301]:[32mnew implement IClientes
 [35m[2024-04-27 17:37:11.401037]:[32mnew implement IClientes
 [35m[2024-04-27 17:37:11.427674]:[32mnew implement IClientes
 [35m[2024-04-27 17:37:11.445810]:[32mnew implement IMectricCoffeshop
 [35m[2024-04-27 17:37:11.446237]:[32mnew implement IMectricCoffeshop
 [35m[2024-04-27 17:37:11.453695]:[32mnew implement IClientes
 [35m[2024-04-27 17:37:11.473464]:[32mnew implement IClientes
 [35m[2024-04-27 17:37:11.488700]:[32mnew implement IPagos
 [35m[2024-04-27 17:37:11.489014]:[32mnew implement IPagos
 [35m[2024-04-27 17:37:11.502950]:[32mnew implement IPagos
 [35m[2024-04-27 17:37:11.521408]:[32mnew implement IOrdenes
 [35m[2024-04-27 17:37:11.521723]:[32mnew implement IPagos
 [35m[2024-04-27 17:37:11.523057]:[32mnew implement IPagos
 [35m[2024-04-27 17:37:11.537786]:[32mnew implement IOrdenes
 [35m[2024-04-27 17:37:11.542526]:[32mnew implement IOrdenes
 [35m[2024-04-27 17:37:11.572498]:[32mnew implement IClientes
 [35m[2024-04-27 17:37:11.572880]:[32mnew implement IClientes
 [35m[2024-04-27 17:37:11.651745]:[32mnew implement IClientes
 [35m[2024-04-27 17:37:11.658213]:[32mnew implement IClientes
 [35m[2024-04-27 17:37:11.658668]:[32mnew implement IClientes
 [35m[2024-04-27 17:37:11.661344]:[32mnew implement IClientes
 [35m[2024-04-27 17:37:11.661697]:[32mnew implement IClientes
 [35m[2024-04-27 17:37:17.134407]:[32mnew implement IPagos
 [35m[2024-04-27 17:37:17.134582]:[32mnew implement IOrdenes
 [35m[2024-04-27 17:37:17.134662]:[32mnew implement IPagos
 [35m[2024-04-27 17:37:17.138961]:[32mnew implement IOrdenes
 [35m[2024-04-27 17:37:17.163283]:[32mnew implement IOrdenes
 [35m[2024-04-27 17:37:17.215484]:[32mnew implement IOrdenes
 [35m[2024-04-27 17:37:17.216797]:[32mnew implement IPagos
 [35m[2024-04-27 17:37:17.229790]:[32mnew implement IPagos
 [35m[2024-04-27 17:37:17.235960]:[32mnew implement IPagos
 [35m[2024-04-27 17:37:17.236058]:[32mnew implement IPagos
 [35m[2024-04-27 17:37:17.247018]:[32mnew implement IPagos
 [35m[2024-04-27 17:37:17.313749]:[32mnew implement IPagos
 [35m[2024-04-27 17:37:17.320693]:[32mnew implement IClientes
 [35m[2024-04-27 17:37:17.334741]:[32mnew implement IClientes
 [35m[2024-04-27 17:37:17.336673]:[32mnew implement IClientes
 [35m[2024-04-27 17:37:17.364225]:[32mnew implement IClientes
 [35m[2024-04-27 17:37:17.372275]:[32mnew implement IMectricCoffeshop
 [35m[2024-04-27 17:37:17.372470]:[32mnew implement IMectricCoffeshop
 [35m[2024-04-27 17:37:17.378901]:[32mnew implement IClientes
 [35m[2024-04-27 17:37:17.387962]:[32mnew implement IClientes
 [35m[2024-04-27 17:37:17.400886]:[32mnew implement IPagos
 [35m[2024-04-27 17:37:17.400981]:[32mnew implement IPagos
 [35m[2024-04-27 17:37:17.407263]:[32mnew implement IPagos
 [35m[2024-04-27 17:37:17.420437]:[32mnew implement IOrdenes
 [35m[2024-04-27 17:37:17.420534]:[32mnew implement IPagos
 [35m[2024-04-27 17:37:17.421129]:[32mnew implement IPagos
 [35m[2024-04-27 17:37:17.431972]:[32mnew implement IOrdenes
 [35m[2024-04-27 17:37:17.434194]:[32mnew implement IOrdenes
 [35m[2024-04-27 17:37:17.453167]:[32mnew implement IClientes
 [35m[2024-04-27 17:37:17.453245]:[32mnew implement IClientes
 [35m[2024-04-27 17:37:17.501751]:[32mnew implement IClientes
 [35m[2024-04-27 17:37:17.505198]:[32mnew implement IClientes
 [35m[2024-04-27 17:37:17.505274]:[32mnew implement IClientes
 [35m[2024-04-27 17:37:17.506790]:[32mnew implement IClientes
 [35m[2024-04-27 17:37:17.506970]:[32mnew implement IClientes
 [35m[2024-04-27 17:37:23.136350]:[32mnew implement IPagos
 [35m[2024-04-27 17:37:23.136531]:[32mnew implement IOrdenes
 [35m[2024-04-27 17:37:23.136755]:[32mnew implement IPagos
 [35m[2024-04-27 17:37:23.140851]:[32mnew implement IOrdenes
 [35m[2024-04-27 17:37:23.157280]:[32mnew implement IOrdenes
 [35m[2024-04-27 17:37:23.218803]:[32mnew implement IOrdenes
 [35m[2024-04-27 17:37:23.220885]:[32mnew implement IPagos
 [35m[2024-04-27 17:37:23.237668]:[32mnew implement IPagos
 [35m[2024-04-27 17:37:23.246393]:[32mnew implement IPagos
 [35m[2024-04-27 17:37:23.246524]:[32mnew implement IPagos
 [35m[2024-04-27 17:37:23.259478]:[32mnew implement IPagos
 [35m[2024-04-27 17:37:23.341630]:[32mnew implement IPagos
 [35m[2024-04-27 17:37:23.351548]:[32mnew implement IClientes
 [35m[2024-04-27 17:37:23.368509]:[32mnew implement IClientes
 [35m[2024-04-27 17:37:23.371502]:[32mnew implement IClientes
 [35m[2024-04-27 17:37:23.403838]:[32mnew implement IClientes
 [35m[2024-04-27 17:37:23.412906]:[32mnew implement IMectricCoffeshop
 [35m[2024-04-27 17:37:23.413022]:[32mnew implement IMectricCoffeshop
 [35m[2024-04-27 17:37:23.416456]:[32mnew implement IClientes
 [35m[2024-04-27 17:37:23.425498]:[32mnew implement IClientes
 [35m[2024-04-27 17:37:23.433955]:[32mnew implement IPagos
 [35m[2024-04-27 17:37:23.434056]:[32mnew implement IPagos
 [35m[2024-04-27 17:37:23.439948]:[32mnew implement IPagos
 [35m[2024-04-27 17:37:23.450114]:[32mnew implement IOrdenes
 [35m[2024-04-27 17:37:23.450214]:[32mnew implement IPagos
 [35m[2024-04-27 17:37:23.450810]:[32mnew implement IPagos
 [35m[2024-04-27 17:37:23.458347]:[32mnew implement IOrdenes
 [35m[2024-04-27 17:37:23.460593]:[32mnew implement IOrdenes
 [35m[2024-04-27 17:37:23.480281]:[32mnew implement IClientes
 [35m[2024-04-27 17:37:23.480381]:[32mnew implement IClientes
 [35m[2024-04-27 17:37:23.517095]:[32mnew implement IClientes
 [35m[2024-04-27 17:37:23.520871]:[32mnew implement IClientes
 [35m[2024-04-27 17:37:23.520979]:[32mnew implement IClientes
 [35m[2024-04-27 17:37:23.522255]:[32mnew implement IClientes
 [35m[2024-04-27 17:37:23.522344]:[32mnew implement IClientes
 [35m[2024-04-27 17:37:36.706244]:[32mnew implement IPagos
 [35m[2024-04-27 17:37:36.706772]:[32mnew implement IOrdenes
 [35m[2024-04-27 17:37:36.706868]:[32mnew implement IPagos
 [35m[2024-04-27 17:37:36.710955]:[32mnew implement IOrdenes
 [35m[2024-04-27 17:37:36.728630]:[32mnew implement IOrdenes
 [35m[2024-04-27 17:37:36.771641]:[32mnew implement IOrdenes
 [35m[2024-04-27 17:37:36.772920]:[32mnew implement IPagos
 [35m[2024-04-27 17:37:36.782429]:[32mnew implement IPagos
 [35m[2024-04-27 17:37:36.789087]:[32mnew implement IPagos
 [35m[2024-04-27 17:37:36.789202]:[32mnew implement IPagos
 [35m[2024-04-27 17:37:36.806974]:[32mnew implement IPagos
 [35m[2024-04-27 17:37:36.886700]:[32mnew implement IPagos
 [35m[2024-04-27 17:37:36.894639]:[32mnew implement IClientes
 [35m[2024-04-27 17:37:36.913251]:[32mnew implement IClientes
 [35m[2024-04-27 17:37:36.917479]:[32mnew implement IClientes
 [35m[2024-04-27 17:37:36.957018]:[32mnew implement IClientes
 [35m[2024-04-27 17:38:10.273917]:[32mnew implement IPagos
 [35m[2024-04-27 17:38:10.274289]:[32mnew implement IOrdenes
 [35m[2024-04-27 17:38:10.274444]:[32mnew implement IPagos
 [35m[2024-04-27 17:38:10.279695]:[32mnew implement IOrdenes
 [35m[2024-04-27 17:38:10.302035]:[32mnew implement IOrdenes
 [35m[2024-04-27 17:38:10.361845]:[32mnew implement IOrdenes
 [35m[2024-04-27 17:38:10.364398]:[32mnew implement IPagos
 [35m[2024-04-27 17:38:10.387241]:[32mnew implement IPagos
 [35m[2024-04-27 17:38:10.399291]:[32mnew implement IPagos
 [35m[2024-04-27 17:38:10.399625]:[32mnew implement IPagos
 [35m[2024-04-27 17:38:10.418211]:[32mnew implement IPagos
 [35m[2024-04-27 17:38:10.519288]:[32mnew implement IPagos
 [35m[2024-04-27 17:38:10.533889]:[32mnew implement IClientes
 [35m[2024-04-27 17:38:10.554001]:[32mnew implement IClientes
 [35m[2024-04-27 17:38:10.557596]:[32mnew implement IClientes
 [35m[2024-04-27 17:38:10.588647]:[32mnew implement IClientes
 [35m[2024-04-27 17:38:10.602274]:[32mnew implement IMectricCoffeshop
 [35m[2024-04-27 17:38:10.602442]:[32mnew implement IMectricCoffeshop
 [35m[2024-04-27 17:38:10.610533]:[32mnew implement IClientes
 [35m[2024-04-27 17:38:10.631867]:[32mnew implement IClientes
 [35m[2024-04-27 17:38:10.644304]:[32mnew implement IPagos
 [35m[2024-04-27 17:38:10.644415]:[32mnew implement IPagos
 [35m[2024-04-27 17:38:10.657399]:[32mnew implement IPagos
 [35m[2024-04-27 17:38:10.676463]:[32mnew implement IOrdenes
 [35m[2024-04-27 17:38:10.676591]:[32mnew implement IPagos
 [35m[2024-04-27 17:38:10.677362]:[32mnew implement IPagos
 [35m[2024-04-27 17:38:10.691895]:[32mnew implement IOrdenes
 [35m[2024-04-27 17:38:10.694291]:[32mnew implement IOrdenes
 [35m[2024-04-27 17:38:10.715290]:[32mnew implement IClientes
 [35m[2024-04-27 17:38:10.715393]:[32mnew implement IClientes
 [35m[2024-04-27 17:38:10.763904]:[32mnew implement IClientes
 [35m[2024-04-27 17:38:10.767091]:[32mnew implement IClientes
 [35m[2024-04-27 17:38:10.767224]:[32mnew implement IClientes
 [35m[2024-04-27 17:38:10.768679]:[32mnew implement IClientes
 [35m[2024-04-27 17:38:10.768783]:[32mnew implement IClientes
 [35m[2024-04-27 17:38:14.895550]:[32mnew implement IPagos
 [35m[2024-04-27 17:38:14.895694]:[32mnew implement IOrdenes
 [35m[2024-04-27 17:38:14.895764]:[32mnew implement IPagos
 [35m[2024-04-27 17:38:14.899816]:[32mnew implement IOrdenes
 [35m[2024-04-27 17:38:14.916073]:[32mnew implement IOrdenes
 [35m[2024-04-27 17:38:14.958732]:[32mnew implement IOrdenes
 [35m[2024-04-27 17:38:14.960016]:[32mnew implement IPagos
 [35m[2024-04-27 17:38:14.969753]:[32mnew implement IPagos
 [35m[2024-04-27 17:38:14.980423]:[32mnew implement IPagos
 [35m[2024-04-27 17:38:14.980945]:[32mnew implement IPagos
 [35m[2024-04-27 17:38:14.997243]:[32mnew implement IPagos
 [35m[2024-04-27 17:38:15.082338]:[32mnew implement IPagos
 [35m[2024-04-27 17:38:15.093693]:[32mnew implement IClientes
 [35m[2024-04-27 17:38:15.117357]:[32mnew implement IClientes
 [35m[2024-04-27 17:38:15.120107]:[32mnew implement IClientes
 [35m[2024-04-27 17:38:15.146832]:[32mnew implement IClientes
 [35m[2024-04-27 17:38:15.157349]:[32mnew implement IMectricCoffeshop
 [35m[2024-04-27 17:38:15.157455]:[32mnew implement IMectricCoffeshop
 [35m[2024-04-27 17:38:15.162009]:[32mnew implement IClientes
 [35m[2024-04-27 17:38:15.170175]:[32mnew implement IClientes
 [35m[2024-04-27 17:38:15.178501]:[32mnew implement IPagos
 [35m[2024-04-27 17:38:15.178593]:[32mnew implement IPagos
 [35m[2024-04-27 17:38:15.184282]:[32mnew implement IPagos
 [35m[2024-04-27 17:38:15.194636]:[32mnew implement IOrdenes
 [35m[2024-04-27 17:38:15.194743]:[32mnew implement IPagos
 [35m[2024-04-27 17:38:15.195636]:[32mnew implement IPagos
 [35m[2024-04-27 17:38:15.203609]:[32mnew implement IOrdenes
 [35m[2024-04-27 17:38:15.205784]:[32mnew implement IOrdenes
 [35m[2024-04-27 17:38:15.221635]:[32mnew implement IClientes
 [35m[2024-04-27 17:38:15.221759]:[32mnew implement IClientes
 [35m[2024-04-27 17:38:15.253970]:[32mnew implement IClientes
 [35m[2024-04-27 17:38:15.256972]:[32mnew implement IClientes
 [35m[2024-04-27 17:38:15.257088]:[32mnew implement IClientes
 [35m[2024-04-27 17:38:15.258219]:[32mnew implement IClientes
 [35m[2024-04-27 17:38:15.258327]:[32mnew implement IClientes
 [35m[2024-04-27 17:38:18.828970]:[32mnew implement IPagos
 [35m[2024-04-27 17:38:18.829151]:[32mnew implement IOrdenes
 [35m[2024-04-27 17:38:18.829467]:[32mnew implement IPagos
 [35m[2024-04-27 17:38:18.833719]:[32mnew implement IOrdenes
 [35m[2024-04-27 17:38:18.859195]:[32mnew implement IOrdenes
 [35m[2024-04-27 17:38:18.915398]:[32mnew implement IOrdenes
 [35m[2024-04-27 17:38:18.916778]:[32mnew implement IPagos
 [35m[2024-04-27 17:38:18.929953]:[32mnew implement IPagos
 [35m[2024-04-27 17:38:18.935696]:[32mnew implement IPagos
 [35m[2024-04-27 17:38:18.935790]:[32mnew implement IPagos
 [35m[2024-04-27 17:38:18.950583]:[32mnew implement IPagos
 [35m[2024-04-27 17:38:19.021119]:[32mnew implement IPagos
 [35m[2024-04-27 17:38:19.029823]:[32mnew implement IClientes
 [35m[2024-04-27 17:38:19.047440]:[32mnew implement IClientes
 [35m[2024-04-27 17:38:19.049211]:[32mnew implement IClientes
 [35m[2024-04-27 17:38:19.078102]:[32mnew implement IClientes
 [35m[2024-04-27 17:38:19.088321]:[32mnew implement IMectricCoffeshop
 [35m[2024-04-27 17:38:19.088438]:[32mnew implement IMectricCoffeshop
 [35m[2024-04-27 17:38:19.092957]:[32mnew implement IClientes
 [35m[2024-04-27 17:38:19.101929]:[32mnew implement IClientes
 [35m[2024-04-27 17:38:19.110451]:[32mnew implement IPagos
 [35m[2024-04-27 17:38:19.110546]:[32mnew implement IPagos
 [35m[2024-04-27 17:38:19.116678]:[32mnew implement IPagos
 [35m[2024-04-27 17:38:19.126929]:[32mnew implement IOrdenes
 [35m[2024-04-27 17:38:19.127020]:[32mnew implement IPagos
 [35m[2024-04-27 17:38:19.127609]:[32mnew implement IPagos
 [35m[2024-04-27 17:38:19.135099]:[32mnew implement IOrdenes
 [35m[2024-04-27 17:38:19.137343]:[32mnew implement IOrdenes
 [35m[2024-04-27 17:38:19.154068]:[32mnew implement IClientes
 [35m[2024-04-27 17:38:19.154157]:[32mnew implement IClientes
 [35m[2024-04-27 17:38:19.186946]:[32mnew implement IClientes
 [35m[2024-04-27 17:38:19.190019]:[32mnew implement IClientes
 [35m[2024-04-27 17:38:19.190140]:[32mnew implement IClientes
 [35m[2024-04-27 17:38:19.191420]:[32mnew implement IClientes
 [35m[2024-04-27 17:38:19.191522]:[32mnew implement IClientes
 [35m[2024-04-27 17:39:01.612933]:[32mnew implement IPagos
 [35m[2024-04-27 17:39:01.621468]:[32mnew implement IOrdenes
 [35m[2024-04-27 17:39:01.621917]:[32mnew implement IPagos
 [35m[2024-04-27 17:39:01.634624]:[32mnew implement IOrdenes
 [35m[2024-04-27 17:39:01.701947]:[32mnew implement IOrdenes
 [35m[2024-04-27 17:39:01.908600]:[32mnew implement IOrdenes
 [35m[2024-04-27 17:39:01.911760]:[32mnew implement IPagos
 [35m[2024-04-27 17:39:01.933158]:[32mnew implement IPagos
 [35m[2024-04-27 17:39:01.946679]:[32mnew implement IPagos
 [35m[2024-04-27 17:39:01.947317]:[32mnew implement IPagos
 [35m[2024-04-27 17:39:01.967712]:[32mnew implement IPagos
 [35m[2024-04-27 17:39:02.094807]:[32mnew implement IPagos
 [35m[2024-04-27 17:39:02.112909]:[32mnew implement IClientes
 [35m[2024-04-27 17:39:02.156705]:[32mnew implement IClientes
 [35m[2024-04-27 17:39:02.162228]:[32mnew implement IClientes
 [35m[2024-04-27 17:39:02.207850]:[32mnew implement IClientes
 [35m[2024-04-27 17:39:02.231715]:[32mnew implement IMectricCoffeshop
 [35m[2024-04-27 17:39:02.232322]:[32mnew implement IMectricCoffeshop
 [35m[2024-04-27 17:39:02.246663]:[32mnew implement IClientes
 [35m[2024-04-27 17:39:02.267357]:[32mnew implement IClientes
 [35m[2024-04-27 17:39:02.289460]:[32mnew implement IPagos
 [35m[2024-04-27 17:39:02.289615]:[32mnew implement IPagos
 [35m[2024-04-27 17:39:02.312812]:[32mnew implement IPagos
 [35m[2024-04-27 17:39:02.363831]:[32mnew implement IOrdenes
 [35m[2024-04-27 17:39:02.363977]:[32mnew implement IPagos
 [35m[2024-04-27 17:39:02.364826]:[32mnew implement IPagos
 [35m[2024-04-27 17:39:02.437787]:[32mnew implement IOrdenes
 [35m[2024-04-27 17:39:02.469957]:[32mnew implement IOrdenes
 [35m[2024-04-27 17:39:02.589077]:[32mnew implement IClientes
 [35m[2024-04-27 17:39:02.589772]:[32mnew implement IClientes
 [35m[2024-04-27 17:39:02.734832]:[32mnew implement IClientes
 [35m[2024-04-27 17:39:02.740861]:[32mnew implement IClientes
 [35m[2024-04-27 17:39:02.741590]:[32mnew implement IClientes
 [35m[2024-04-27 17:39:02.744085]:[32mnew implement IClientes
 [35m[2024-04-27 17:39:02.744761]:[32mnew implement IClientes
 [35m[2024-04-27 17:39:03.477189]:[32mnew implement IPagos
 [35m[2024-04-27 17:39:03.477681]:[32mnew implement IOrdenes
 [35m[2024-04-27 17:39:03.477971]:[32mnew implement IPagos
 [35m[2024-04-27 17:39:03.485130]:[32mnew implement IOrdenes
 [35m[2024-04-27 17:39:03.565118]:[32mnew implement IOrdenes
 [35m[2024-04-27 17:39:03.640262]:[32mnew implement IOrdenes
 [35m[2024-04-27 17:39:03.641742]:[32mnew implement IPagos
 [35m[2024-04-27 17:39:03.652543]:[32mnew implement IPagos
 [35m[2024-04-27 17:39:03.661484]:[32mnew implement IPagos
 [35m[2024-04-27 17:39:03.661963]:[32mnew implement IPagos
 [35m[2024-04-27 17:39:03.675839]:[32mnew implement IPagos
 [35m[2024-04-27 17:39:03.730778]:[32mnew implement IPagos
 [35m[2024-04-27 17:39:03.736946]:[32mnew implement IClientes
 [35m[2024-04-27 17:39:03.748555]:[32mnew implement IClientes
 [35m[2024-04-27 17:39:03.750830]:[32mnew implement IClientes
 [35m[2024-04-27 17:39:03.777490]:[32mnew implement IClientes
 [35m[2024-04-27 17:39:03.785259]:[32mnew implement IMectricCoffeshop
 [35m[2024-04-27 17:39:03.785343]:[32mnew implement IMectricCoffeshop
 [35m[2024-04-27 17:39:03.789038]:[32mnew implement IClientes
 [35m[2024-04-27 17:39:03.797500]:[32mnew implement IClientes
 [35m[2024-04-27 17:39:03.806385]:[32mnew implement IPagos
 [35m[2024-04-27 17:39:03.806493]:[32mnew implement IPagos
 [35m[2024-04-27 17:39:03.812362]:[32mnew implement IPagos
 [35m[2024-04-27 17:39:03.822296]:[32mnew implement IOrdenes
 [35m[2024-04-27 17:39:03.822372]:[32mnew implement IPagos
 [35m[2024-04-27 17:39:03.822877]:[32mnew implement IPagos
 [35m[2024-04-27 17:39:03.830168]:[32mnew implement IOrdenes
 [35m[2024-04-27 17:39:03.832302]:[32mnew implement IOrdenes
 [35m[2024-04-27 17:39:03.848113]:[32mnew implement IClientes
 [35m[2024-04-27 17:39:03.848204]:[32mnew implement IClientes
 [35m[2024-04-27 17:39:03.880723]:[32mnew implement IClientes
 [35m[2024-04-27 17:39:03.884892]:[32mnew implement IClientes
 [35m[2024-04-27 17:39:03.885001]:[32mnew implement IClientes
 [35m[2024-04-27 17:39:03.887006]:[32mnew implement IClientes
 [35m[2024-04-27 17:39:03.887142]:[32mnew implement IClientes
 [35m[2024-04-27 17:39:31.410512]:[32mnew implement IPagos
 [35m[2024-04-27 17:39:31.410737]:[32mnew implement IOrdenes
 [35m[2024-04-27 17:39:31.410823]:[32mnew implement IPagos
 [35m[2024-04-27 17:39:31.416792]:[32mnew implement IOrdenes
 [35m[2024-04-27 17:39:31.448497]:[32mnew implement IOrdenes
 [35m[2024-04-27 17:39:31.518498]:[32mnew implement IOrdenes
 [35m[2024-04-27 17:39:31.522495]:[32mnew implement IPagos
 [35m[2024-04-27 17:39:31.542171]:[32mnew implement IPagos
 [35m[2024-04-27 17:39:31.552011]:[32mnew implement IPagos
 [35m[2024-04-27 17:39:31.552116]:[32mnew implement IPagos
 [35m[2024-04-27 17:39:31.565827]:[32mnew implement IPagos
 [35m[2024-04-27 17:39:31.654088]:[32mnew implement IPagos
 [35m[2024-04-27 17:39:31.664214]:[32mnew implement IClientes
 [35m[2024-04-27 17:39:31.680539]:[32mnew implement IClientes
 [35m[2024-04-27 17:39:31.682949]:[32mnew implement IClientes
 [35m[2024-04-27 17:39:31.710220]:[32mnew implement IClientes
 [35m[2024-04-27 17:39:46.420507]:[32mnew implement IPagos
 [35m[2024-04-27 17:39:46.420657]:[32mnew implement IOrdenes
 [35m[2024-04-27 17:39:46.420712]:[32mnew implement IPagos
 [35m[2024-04-27 17:39:46.424786]:[32mnew implement IOrdenes
 [35m[2024-04-27 17:39:46.441088]:[32mnew implement IOrdenes
 [35m[2024-04-27 17:39:46.481934]:[32mnew implement IOrdenes
 [35m[2024-04-27 17:39:46.483251]:[32mnew implement IPagos
 [35m[2024-04-27 17:39:46.492534]:[32mnew implement IPagos
 [35m[2024-04-27 17:39:46.498795]:[32mnew implement IPagos
 [35m[2024-04-27 17:39:46.498916]:[32mnew implement IPagos
 [35m[2024-04-27 17:39:46.506721]:[32mnew implement IPagos
 [35m[2024-04-27 17:39:46.575982]:[32mnew implement IPagos
 [35m[2024-04-27 17:39:46.582486]:[32mnew implement IClientes
 [35m[2024-04-27 17:39:46.593019]:[32mnew implement IClientes
 [35m[2024-04-27 17:39:46.594641]:[32mnew implement IClientes
 [35m[2024-04-27 17:39:46.613231]:[32mnew implement IClientes
 [35m[2024-04-27 17:40:17.700634]:[32mnew implement IPagos
 [35m[2024-04-27 17:40:17.700891]:[32mnew implement IOrdenes
 [35m[2024-04-27 17:40:17.701003]:[32mnew implement IPagos
 [35m[2024-04-27 17:40:17.708115]:[32mnew implement IOrdenes
 [35m[2024-04-27 17:40:17.737872]:[32mnew implement IOrdenes
 [35m[2024-04-27 17:40:17.812270]:[32mnew implement IOrdenes
 [35m[2024-04-27 17:40:17.814083]:[32mnew implement IPagos
 [35m[2024-04-27 17:40:17.831226]:[32mnew implement IPagos
 [35m[2024-04-27 17:40:17.840719]:[32mnew implement IPagos
 [35m[2024-04-27 17:40:17.840825]:[32mnew implement IPagos
 [35m[2024-04-27 17:40:17.852769]:[32mnew implement IPagos
 [35m[2024-04-27 17:40:17.929001]:[32mnew implement IPagos
 [35m[2024-04-27 17:40:17.937898]:[32mnew implement IClientes
 [35m[2024-04-27 17:40:17.948595]:[32mnew implement IClientes
 [35m[2024-04-27 17:40:17.952553]:[32mnew implement IClientes
 [35m[2024-04-27 17:40:17.976584]:[32mnew implement IClientes
 [35m[2024-04-27 17:40:17.989172]:[32mnew implement IMectricCoffeshop
 [35m[2024-04-27 17:40:17.989289]:[32mnew implement IMectricCoffeshop
 [35m[2024-04-27 17:40:17.993332]:[32mnew implement IClientes
 [35m[2024-04-27 17:40:18.005739]:[32mnew implement IClientes
 [35m[2024-04-27 17:40:18.014431]:[32mnew implement IPagos
 [35m[2024-04-27 17:40:18.014526]:[32mnew implement IPagos
 [35m[2024-04-27 17:40:18.024097]:[32mnew implement IPagos
 [35m[2024-04-27 17:40:18.038019]:[32mnew implement IOrdenes
 [35m[2024-04-27 17:40:18.038142]:[32mnew implement IPagos
 [35m[2024-04-27 17:40:18.038789]:[32mnew implement IPagos
 [35m[2024-04-27 17:40:18.046538]:[32mnew implement IOrdenes
 [35m[2024-04-27 17:40:18.051619]:[32mnew implement IOrdenes
 [35m[2024-04-27 17:40:18.074424]:[32mnew implement IClientes
 [35m[2024-04-27 17:40:18.074527]:[32mnew implement IClientes
 [35m[2024-04-27 17:40:18.123487]:[32mnew implement IClientes
 [35m[2024-04-27 17:40:18.126673]:[32mnew implement IClientes
 [35m[2024-04-27 17:40:18.126766]:[32mnew implement IClientes
 [35m[2024-04-27 17:40:18.128233]:[32mnew implement IClientes
 [35m[2024-04-27 17:40:18.128326]:[32mnew implement IClientes
 [35m[2024-04-27 17:40:57.559104]:[32mnew implement IPagos
 [35m[2024-04-27 17:40:57.559385]:[32mnew implement IOrdenes
 [35m[2024-04-27 17:40:57.559481]:[32mnew implement IPagos
 [35m[2024-04-27 17:40:57.565656]:[32mnew implement IOrdenes
 [35m[2024-04-27 17:40:57.593198]:[32mnew implement IOrdenes
 [35m[2024-04-27 17:40:57.669251]:[32mnew implement IOrdenes
 [35m[2024-04-27 17:40:57.671074]:[32mnew implement IPagos
 [35m[2024-04-27 17:40:57.688744]:[32mnew implement IPagos
 [35m[2024-04-27 17:40:57.697490]:[32mnew implement IPagos
 [35m[2024-04-27 17:40:57.697624]:[32mnew implement IPagos
 [35m[2024-04-27 17:40:57.711258]:[32mnew implement IPagos
 [35m[2024-04-27 17:40:57.801916]:[32mnew implement IPagos
 [35m[2024-04-27 17:40:57.812392]:[32mnew implement IClientes
 [35m[2024-04-27 17:40:57.828745]:[32mnew implement IClientes
 [35m[2024-04-27 17:40:57.831016]:[32mnew implement IClientes
 [35m[2024-04-27 17:40:57.856312]:[32mnew implement IClientes
 [35m[2024-04-27 17:40:57.867286]:[32mnew implement IMectricCoffeshop
 [35m[2024-04-27 17:40:57.867423]:[32mnew implement IMectricCoffeshop
 [35m[2024-04-27 17:40:57.873169]:[32mnew implement IClientes
 [35m[2024-04-27 17:40:57.887418]:[32mnew implement IClientes
 [35m[2024-04-27 17:40:57.902343]:[32mnew implement IPagos
 [35m[2024-04-27 17:40:57.902463]:[32mnew implement IPagos
 [35m[2024-04-27 17:40:57.912743]:[32mnew implement IPagos
 [35m[2024-04-27 17:40:57.930469]:[32mnew implement IOrdenes
 [35m[2024-04-27 17:40:57.930604]:[32mnew implement IPagos
 [35m[2024-04-27 17:40:57.931356]:[32mnew implement IPagos
 [35m[2024-04-27 17:40:57.939568]:[32mnew implement IOrdenes
 [35m[2024-04-27 17:40:57.941698]:[32mnew implement IOrdenes
 [35m[2024-04-27 17:40:57.957692]:[32mnew implement IClientes
 [35m[2024-04-27 17:40:57.957787]:[32mnew implement IClientes
 [35m[2024-04-27 17:40:57.990319]:[32mnew implement IClientes
 [35m[2024-04-27 17:40:57.993378]:[32mnew implement IClientes
 [35m[2024-04-27 17:40:57.993467]:[32mnew implement IClientes
 [35m[2024-04-27 17:40:57.994606]:[32mnew implement IClientes
 [35m[2024-04-27 17:40:57.994705]:[32mnew implement IClientes
 [35m[2024-04-27 17:41:11.508447]:[32mnew implement IPagos
 [35m[2024-04-27 17:41:11.508619]:[32mnew implement IOrdenes
 [35m[2024-04-27 17:41:11.508710]:[32mnew implement IPagos
 [35m[2024-04-27 17:41:11.513243]:[32mnew implement IOrdenes
 [35m[2024-04-27 17:41:11.529743]:[32mnew implement IOrdenes
 [35m[2024-04-27 17:41:11.571892]:[32mnew implement IOrdenes
 [35m[2024-04-27 17:41:11.573298]:[32mnew implement IPagos
 [35m[2024-04-27 17:41:11.582701]:[32mnew implement IPagos
 [35m[2024-04-27 17:41:11.589144]:[32mnew implement IPagos
 [35m[2024-04-27 17:41:11.589242]:[32mnew implement IPagos
 [35m[2024-04-27 17:41:11.597018]:[32mnew implement IPagos
 [35m[2024-04-27 17:41:11.645463]:[32mnew implement IPagos
 [35m[2024-04-27 17:41:11.651532]:[32mnew implement IClientes
 [35m[2024-04-27 17:41:11.661181]:[32mnew implement IClientes
 [35m[2024-04-27 17:41:11.662748]:[32mnew implement IClientes
 [35m[2024-04-27 17:41:11.680775]:[32mnew implement IClientes
 [35m[2024-04-27 17:41:22.604471]:[32mnew implement IPagos
 [35m[2024-04-27 17:41:22.604645]:[32mnew implement IOrdenes
 [35m[2024-04-27 17:41:22.604899]:[32mnew implement IPagos
 [35m[2024-04-27 17:41:22.608860]:[32mnew implement IOrdenes
 [35m[2024-04-27 17:41:22.625381]:[32mnew implement IOrdenes
 [35m[2024-04-27 17:41:22.680390]:[32mnew implement IOrdenes
 [35m[2024-04-27 17:41:22.681745]:[32mnew implement IPagos
 [35m[2024-04-27 17:41:22.692174]:[32mnew implement IPagos
 [35m[2024-04-27 17:41:22.697921]:[32mnew implement IPagos
 [35m[2024-04-27 17:41:22.698024]:[32mnew implement IPagos
 [35m[2024-04-27 17:41:22.705997]:[32mnew implement IPagos
 [35m[2024-04-27 17:41:22.757189]:[32mnew implement IPagos
 [35m[2024-04-27 17:41:22.763389]:[32mnew implement IClientes
 [35m[2024-04-27 17:41:22.773253]:[32mnew implement IClientes
 [35m[2024-04-27 17:41:22.774863]:[32mnew implement IClientes
 [35m[2024-04-27 17:41:22.793504]:[32mnew implement IClientes
 [35m[2024-04-27 17:41:22.800665]:[32mnew implement IMectricCoffeshop
 [35m[2024-04-27 17:41:22.800754]:[32mnew implement IMectricCoffeshop
 [35m[2024-04-27 17:41:22.804011]:[32mnew implement IClientes
 [35m[2024-04-27 17:41:22.812100]:[32mnew implement IClientes
 [35m[2024-04-27 17:41:22.820423]:[32mnew implement IPagos
 [35m[2024-04-27 17:41:22.820544]:[32mnew implement IPagos
 [35m[2024-04-27 17:41:22.826207]:[32mnew implement IPagos
 [35m[2024-04-27 17:41:22.837066]:[32mnew implement IOrdenes
 [35m[2024-04-27 17:41:22.837189]:[32mnew implement IPagos
 [35m[2024-04-27 17:41:22.837744]:[32mnew implement IPagos
 [35m[2024-04-27 17:41:22.845257]:[32mnew implement IOrdenes
 [35m[2024-04-27 17:41:22.847471]:[32mnew implement IOrdenes
 [35m[2024-04-27 17:41:22.864125]:[32mnew implement IClientes
 [35m[2024-04-27 17:41:22.864221]:[32mnew implement IClientes
 [35m[2024-04-27 17:41:22.899622]:[32mnew implement IClientes
 [35m[2024-04-27 17:41:22.902719]:[32mnew implement IClientes
 [35m[2024-04-27 17:41:22.902804]:[32mnew implement IClientes
 [35m[2024-04-27 17:41:22.904027]:[32mnew implement IClientes
 [35m[2024-04-27 17:41:22.904108]:[32mnew implement IClientes
 [35m[2024-04-27 17:42:30.248743]:[32mConexión exitosa a la base de datos
 [35m[2024-04-27 17:42:30.489634]:[32m[0;33m no se enmcontraron registros de los pagos de l dia  
 [35m[2024-04-27 17:42:30.489955]:[32mNo se encontraron registros de pagos el dia de hoy
 [35m[2024-04-27 17:42:30.490233]:[32mFinalizada la ejecucion de registros de productos 
 [35m[2024-04-27 17:42:30.490947]:[32mDesconexión exitosa de la base de datos
 [35m[2024-04-27 17:42:44.737872]:[32mConexión exitosa a la base de datos
 [35m[2024-04-27 17:42:44.980099]:[32m[0;33m no se enmcontraron registros de los pagos de l dia  
 [35m[2024-04-27 17:42:44.980306]:[32mNo se encontraron registros de pagos el dia de hoy
 [35m[2024-04-27 17:42:44.980463]:[32mFinalizada la ejecucion de registros de productos 
 [35m[2024-04-27 17:42:44.980818]:[32mDesconexión exitosa de la base de datos
 [35m[2024-04-27 17:44:27.434113]:[32mConexión exitosa a la base de datos
 [35m[2024-04-27 17:44:27.674760]:[32m[0;33m no se enmcontraron registros de los pagos de l dia  
 [35m[2024-04-27 17:44:27.675083]:[32mNo se encontraron registros de pagos el dia de hoy
 [35m[2024-04-27 17:44:27.675450]:[32mFinalizada la ejecucion de registros de productos 
 [35m[2024-04-27 17:44:27.676102]:[32mDesconexión exitosa de la base de datos
 [35m[2024-04-27 17:46:53.770574]:[32mConexión exitosa a la base de datos
 [35m[2024-04-27 17:46:54.012290]:[32m[0;33m no se enmcontraron registros de los pagos de l dia  
 [35m[2024-04-27 17:46:54.012415]:[32mNo se encontraron registros de pagos el dia de hoy
 [35m[2024-04-27 17:46:54.012509]:[32mFinalizada la ejecucion de registros de productos 
 [35m[2024-04-27 17:46:54.012789]:[32mDesconexión exitosa de la base de datos
 [35m[2024-04-27 17:47:07.466050]:[32mConexión exitosa a la base de datos
 [35m[2024-04-27 17:47:07.706675]:[32mFinalizada la ejecucion de registros de productos 
 [35m[2024-04-27 17:47:07.706949]:[32mDesconexión exitosa de la base de datos
