 [35m2024-07-05 22:36:49.742040- INFO - [32mnew implement IPagos
 [35m2024-07-05 22:36:49.742417- INFO - [32mnew implement IPagos
 [35m2024-07-05 22:36:49.742510- INFO - [32mnew implement IPagos
 [35m2024-07-05 22:36:49.748731- INFO - [32mnew implement IPagos
 [35m2024-07-05 22:36:49.748823- INFO - [32mnew implement IPagos
 [35m2024-07-05 22:36:52.027695- INFO - [32mConexión exitosa a la base de datos
 [35m2024-07-05 22:36:52.846413- INFO - [32mtasa obtenida con exito
 [35m2024-07-05 22:36:52.846864- INFO - [32mDesconexión exitosa de la base de datos
 [35m2024-07-05 22:36:55.622585- INFO - [32mConexión exitosa a la base de datos
 [35m2024-07-05 22:36:56.021130- INFO - [32mtasa obtenida con exito
 [35m2024-07-05 22:36:56.022046- INFO - [32mDesconexión exitosa de la base de datos
 [35m2024-07-05 22:36:58.990670- INFO - [32mConexión exitosa a la base de datos
 [35m2024-07-05 22:36:59.403608- INFO - [32mtasa obtenida con exito
 [35m2024-07-05 22:36:59.403903- INFO - [32mDesconexión exitosa de la base de datos
 [35m2024-07-05 22:37:03.088711- INFO - [32mConexión exitosa a la base de datos
 [35m2024-07-05 22:37:04.010684- INFO - [32mtasa obtenida con exito
 [35m2024-07-05 22:37:04.011022- INFO - [32mDesconexión exitosa de la base de datos
 [35m2024-07-05 22:37:04.025799- INFO - [32mnew implement IPagos
 [35m2024-07-05 22:37:04.031276- INFO - [32mnew implement IOrdenes
 [35m2024-07-05 22:37:04.031587- INFO - [32mnew implement IPagos
 [35m2024-07-05 22:37:04.031972- INFO - [32mnew implement IOrdenes
 [35m2024-07-05 22:37:04.077691- INFO - [32mnew implement IOrdenes
 [35m2024-07-05 22:37:04.178865- INFO - [32mnew implement IOrdenes
 [35m2024-07-05 22:37:04.182277- INFO - [32mnew implement IPagos
 [35m2024-07-05 22:37:04.209119- INFO - [32mnew implement IPagos
 [35m2024-07-05 22:37:04.237295- INFO - [32mnew implement IPagos
 [35m2024-07-05 22:37:04.375317- INFO - [32mnew implement IPagos
 [35m2024-07-05 22:37:04.383704- INFO - [32mnew implement IClientes
 [35m2024-07-05 22:37:04.396430- INFO - [32mnew implement IClientes
 [35m2024-07-05 22:37:04.400600- INFO - [32mnew implement IClientes
 [35m2024-07-05 22:37:04.404244- INFO - [32mnew implement IClientes
 [35m2024-07-05 22:37:04.415415- INFO - [32mnew implement IMectricCoffeshop
 [35m2024-07-05 22:37:04.415531- INFO - [32mnew implement IMectricCoffeshop
 [35m2024-07-05 22:37:04.421570- INFO - [32mnew implement IClientes
 [35m2024-07-05 22:37:04.436738- INFO - [32mnew implement IClientes
 [35m2024-07-05 22:37:04.456085- INFO - [32mnew implement IPagos
 [35m2024-07-05 22:37:04.475370- INFO - [32mnew implement IPagos
 [35m2024-07-05 22:37:04.476330- INFO - [32mnew implement IOrdenes
 [35m2024-07-05 22:37:04.476455- INFO - [32mnew implement IPagos
 [35m2024-07-05 22:37:04.477894- INFO - [32mnew implement IPagos
 [35m2024-07-05 22:37:04.496928- INFO - [32mnew implement IOrdenes
 [35m2024-07-05 22:37:04.500762- INFO - [32mnew implement IOrdenes
 [35m2024-07-05 22:37:04.529545- INFO - [32mnew implement IClientes
 [35m2024-07-05 22:37:04.529672- INFO - [32mnew implement IClientes
 [35m2024-07-05 22:37:04.584632- INFO - [32mnew implement IClientes
 [35m2024-07-05 22:37:04.590278- INFO - [32mnew implement IClientes
 [35m2024-07-05 22:37:04.590383- INFO - [32mnew implement IClientes
 [35m2024-07-05 22:37:04.593413- INFO - [32mnew implement IClientes
 [35m2024-07-05 22:37:04.593495- INFO - [32mnew implement IClientes
