 [35m[2024-04-02 19:03:41.388440]:[32mnew implement IPagos
 [35m[2024-04-02 19:03:41.388665]:[32mnew implement IOrdenes
 [35m[2024-04-02 19:03:41.388752]:[32mnew implement IPagos
 [35m[2024-04-02 19:03:41.397335]:[32mnew implement IOrdenes
 [35m[2024-04-02 19:03:41.425990]:[32mnew implement IOrdenes
 [35m[2024-04-02 19:03:41.510150]:[32mnew implement IOrdenes
 [35m[2024-04-02 19:03:41.512174]:[32mnew implement IPagos
 [35m[2024-04-02 19:03:41.521607]:[32mnew implement IPagos
 [35m[2024-04-02 19:03:41.527770]:[32mnew implement IPagos
 [35m[2024-04-02 19:03:41.527842]:[32mnew implement IPagos
 [35m[2024-04-02 19:03:41.536714]:[32mnew implement IPagos
 [35m[2024-04-02 19:03:41.613984]:[32mnew implement Ifinance -> TazaDollar
 [35m[2024-04-02 19:03:41.623971]:[32mnew implement IPagos
 [35m[2024-04-02 19:03:41.636094]:[32mnew implement IClientes
 [35m[2024-04-02 19:03:41.647392]:[32mnew implement IClientes
 [35m[2024-04-02 19:03:41.650393]:[32mnew implement IClientes
 [35m[2024-04-02 19:03:41.673512]:[32mnew implement IClientes
 [35m[2024-04-02 19:03:41.678757]:[32mnew implement IMectricCoffeshop
 [35m[2024-04-02 19:03:41.678849]:[32mnew implement IMectricCoffeshop
 [35m[2024-04-02 19:03:41.682668]:[32mnew implement IClientes
 [35m[2024-04-02 19:03:41.692832]:[32mnew implement IClientes
 [35m[2024-04-02 19:03:41.702535]:[32mnew implement IPagos
 [35m[2024-04-02 19:03:41.702624]:[32mnew implement IPagos
 [35m[2024-04-02 19:03:41.708507]:[32mnew implement IPagos
 [35m[2024-04-02 19:03:41.719464]:[32mnew implement IOrdenes
 [35m[2024-04-02 19:03:41.719562]:[32mnew implement IPagos
 [35m[2024-04-02 19:03:41.720320]:[32mnew implement IPagos
 [35m[2024-04-02 19:03:41.728469]:[32mnew implement IOrdenes
 [35m[2024-04-02 19:03:41.731439]:[32mnew implement IOrdenes
 [35m[2024-04-02 19:03:41.751198]:[32mnew implement IClientes
 [35m[2024-04-02 19:03:41.751287]:[32mnew implement IClientes
 [35m[2024-04-02 19:03:41.804074]:[32mnew implement IClientes
 [35m[2024-04-02 19:03:41.809693]:[32mnew implement IClientes
 [35m[2024-04-02 19:03:41.809845]:[32mnew implement IClientes
 [35m[2024-04-02 19:03:41.813019]:[32mnew implement IClientes
 [35m[2024-04-02 19:03:41.813144]:[32mnew implement IClientes
 [35m[2024-04-02 19:07:01.117739]:[32mnew implement IPagos
 [35m[2024-04-02 19:07:01.117922]:[32mnew implement IOrdenes
 [35m[2024-04-02 19:07:01.118014]:[32mnew implement IPagos
 [35m[2024-04-02 19:07:01.122190]:[32mnew implement IOrdenes
 [35m[2024-04-02 19:07:01.138377]:[32mnew implement IOrdenes
 [35m[2024-04-02 19:07:01.182102]:[32mnew implement IOrdenes
 [35m[2024-04-02 19:07:01.183452]:[32mnew implement IPagos
 [35m[2024-04-02 19:07:01.193162]:[32mnew implement IPagos
 [35m[2024-04-02 19:07:01.199805]:[32mnew implement IPagos
 [35m[2024-04-02 19:07:01.199898]:[32mnew implement IPagos
 [35m[2024-04-02 19:07:01.207778]:[32mnew implement IPagos
 [35m[2024-04-02 19:07:01.254015]:[32mnew implement Ifinance -> TazaDollar
 [35m[2024-04-02 19:07:01.258605]:[32mnew implement IPagos
 [35m[2024-04-02 19:07:01.265229]:[32mnew implement IClientes
 [35m[2024-04-02 19:07:01.275341]:[32mnew implement IClientes
 [35m[2024-04-02 19:07:01.276980]:[32mnew implement IClientes
 [35m[2024-04-02 19:07:01.296281]:[32mnew implement IClientes
 [35m[2024-04-02 19:07:01.301894]:[32mnew implement IMectricCoffeshop
 [35m[2024-04-02 19:07:01.302000]:[32mnew implement IMectricCoffeshop
 [35m[2024-04-02 19:07:01.305490]:[32mnew implement IClientes
 [35m[2024-04-02 19:07:01.316168]:[32mnew implement IClientes
 [35m[2024-04-02 19:07:01.325892]:[32mnew implement IPagos
 [35m[2024-04-02 19:07:01.325995]:[32mnew implement IPagos
 [35m[2024-04-02 19:07:01.332262]:[32mnew implement IPagos
 [35m[2024-04-02 19:07:01.345037]:[32mnew implement IOrdenes
 [35m[2024-04-02 19:07:01.345150]:[32mnew implement IPagos
 [35m[2024-04-02 19:07:01.345937]:[32mnew implement IPagos
 [35m[2024-04-02 19:07:01.359781]:[32mnew implement IOrdenes
 [35m[2024-04-02 19:07:01.363088]:[32mnew implement IOrdenes
 [35m[2024-04-02 19:07:01.385086]:[32mnew implement IClientes
 [35m[2024-04-02 19:07:01.385338]:[32mnew implement IClientes
 [35m[2024-04-02 19:07:01.431956]:[32mnew implement IClientes
 [35m[2024-04-02 19:07:01.435243]:[32mnew implement IClientes
 [35m[2024-04-02 19:07:01.435344]:[32mnew implement IClientes
 [35m[2024-04-02 19:07:01.436731]:[32mnew implement IClientes
 [35m[2024-04-02 19:07:01.436828]:[32mnew implement IClientes
 [35m[2024-04-02 19:07:19.719148]:[32mConexión exitosa a la base de datos
 [35m[2024-04-02 19:07:19.726756]:[32mtoken validado con exito!!!
 [35m[2024-04-02 19:07:19.727371]:[32mDesconexión exitosa de la base de datos
 [35m[2024-04-02 19:07:19.752884]:[32mConexión exitosa a la base de datos
 [35m[2024-04-02 19:07:19.762196]:[32mBusqueda de plan de cuentas en la sede jalisco se encontraron (11) coincidencias
 [35m[2024-04-02 19:07:19.762754]:[32mDesconexión exitosa de la base de datos
 [35m[2024-04-02 19:07:19.762900]:[32mFinalizada la ejecucion de registros de productos 
 [35m[2024-04-02 19:07:19.852285]:[32mConexión exitosa a la base de datos
 [35m[2024-04-02 19:07:19.856572]:[32mtoken validado con exito!!!
 [35m[2024-04-02 19:07:19.857418]:[32mDesconexión exitosa de la base de datos
 [35m[2024-04-02 19:07:19.884404]:[32mConexión exitosa a la base de datos
 [35m[2024-04-02 19:07:19.892626]:[32mBusqueda de plan de cuentas en la sede jalisco se encontraron (11) coincidencias
 [35m[2024-04-02 19:07:19.893327]:[32mDesconexión exitosa de la base de datos
 [35m[2024-04-02 19:07:19.894453]:[32mFinalizada la ejecucion de registros de productos 
 [35m[2024-04-02 19:07:39.513555]:[32mConexión exitosa a la base de datos
 [35m[2024-04-02 19:07:39.518275]:[32mtoken validado con exito!!!
 [35m[2024-04-02 19:07:39.518585]:[32mDesconexión exitosa de la base de datos
 [35m[2024-04-02 19:07:39.545364]:[32mConexión exitosa a la base de datos
 [35m[2024-04-02 19:07:39.551893]:[32mBusqueda de plan de cuentas en la sede cfm se encontraron (11) coincidencias
 [35m[2024-04-02 19:07:39.552357]:[32mDesconexión exitosa de la base de datos
 [35m[2024-04-02 19:07:39.552477]:[32mFinalizada la ejecucion de registros de productos 
 [35m[2024-04-02 19:07:39.637802]:[32mConexión exitosa a la base de datos
 [35m[2024-04-02 19:07:39.646807]:[32mtoken validado con exito!!!
 [35m[2024-04-02 19:07:39.647297]:[32mDesconexión exitosa de la base de datos
 [35m[2024-04-02 19:07:39.682618]:[32mConexión exitosa a la base de datos
 [35m[2024-04-02 19:07:39.689301]:[32mBusqueda de plan de cuentas en la sede cfm se encontraron (11) coincidencias
 [35m[2024-04-02 19:07:39.689910]:[32mDesconexión exitosa de la base de datos
 [35m[2024-04-02 19:07:39.690352]:[32mFinalizada la ejecucion de registros de productos 
 [35m[2024-04-02 19:07:52.049407]:[32mConexión exitosa a la base de datos
 [35m[2024-04-02 19:07:52.077256]:[32mordenes de la sede cfm extraida con exito 
 [35m[2024-04-02 19:07:52.077452]:[32mFinalida la lectura de las ordenes de la sede {sede}
 [35m[2024-04-02 19:07:52.078052]:[32mDesconexión exitosa de la base de datos
 [35m[2024-04-02 19:07:52.135497]:[32mConexión exitosa a la base de datos
 [35m[2024-04-02 19:07:52.157664]:[32mordenes de la sede cfm extraida con exito 
 [35m[2024-04-02 19:07:52.157824]:[32mFinalida la lectura de las ordenes de la sede {sede}
 [35m[2024-04-02 19:07:52.158113]:[32mDesconexión exitosa de la base de datos
 [35m[2024-04-02 19:08:06.812884]:[32mConexión exitosa a la base de datos
 [35m[2024-04-02 19:08:06.828231]:[32mAccion registrada de manera exitosa con el id:[1712099286.8121178]
 [35m[2024-04-02 19:08:06.828428]:[32mDesconexión exitosa de la base de datos
 [35m[2024-04-02 19:08:06.828524]:[32m[0;33m No tiene conexión abierta en estos momentos
 [35m[2024-04-02 19:08:06.864643]:[32mConexión exitosa a la base de datos
 [35m[2024-04-02 19:08:06.904720]:[32mla orden 1712093829.174298  fue eliminada con exito
 [35m[2024-04-02 19:08:06.905038]:[32mFinalida la lectura de las ordenes de la sede {sede}
 [35m[2024-04-02 19:08:06.905459]:[32mDesconexión exitosa de la base de datos
 [35m[2024-04-02 19:08:10.792753]:[32mConexión exitosa a la base de datos
 [35m[2024-04-02 19:08:10.799181]:[32mtoken validado con exito!!!
 [35m[2024-04-02 19:08:10.799503]:[32mDesconexión exitosa de la base de datos
 [35m[2024-04-02 19:08:10.821919]:[32mConexión exitosa a la base de datos
 [35m[2024-04-02 19:08:10.831029]:[32mBusqueda de plan de cuentas en la sede cfm se encontraron (11) coincidencias
 [35m[2024-04-02 19:08:10.831633]:[32mDesconexión exitosa de la base de datos
 [35m[2024-04-02 19:08:10.831731]:[32mFinalizada la ejecucion de registros de productos 
 [35m[2024-04-02 19:08:11.035173]:[32mConexión exitosa a la base de datos
 [35m[2024-04-02 19:08:11.075953]:[32mtoken validado con exito!!!
 [35m[2024-04-02 19:08:11.076276]:[32mDesconexión exitosa de la base de datos
 [35m[2024-04-02 19:08:11.244836]:[32mConexión exitosa a la base de datos
 [35m[2024-04-02 19:08:11.300266]:[32mBusqueda de plan de cuentas en la sede cfm se encontraron (11) coincidencias
 [35m[2024-04-02 19:08:11.303021]:[32mDesconexión exitosa de la base de datos
 [35m[2024-04-02 19:08:11.303512]:[32mFinalizada la ejecucion de registros de productos 
 [35m[2024-04-02 19:08:11.387342]:[32mConexión exitosa a la base de datos
 [35m[2024-04-02 19:08:11.416988]:[32mordenes de la sede cfm extraida con exito 
 [35m[2024-04-02 19:08:11.417263]:[32mFinalida la lectura de las ordenes de la sede {sede}
 [35m[2024-04-02 19:08:11.417720]:[32mDesconexión exitosa de la base de datos
 [35m[2024-04-02 19:08:11.502015]:[32mConexión exitosa a la base de datos
 [35m[2024-04-02 19:08:11.565123]:[32mordenes de la sede cfm extraida con exito 
 [35m[2024-04-02 19:08:11.565599]:[32mFinalida la lectura de las ordenes de la sede {sede}
 [35m[2024-04-02 19:08:11.566188]:[32mDesconexión exitosa de la base de datos
 [35m[2024-04-02 19:09:23.647753]:[32mConexión exitosa a la base de datos
 [35m[2024-04-02 19:09:24.892403]:[32mleyendo todos los clientes se encontraron 1632 clientes registrados  !!
 [35m[2024-04-02 19:09:24.893538]:[32mDesconexión exitosa de la base de datos
 [35m[2024-04-02 19:09:25.397532]:[32mConexión exitosa a la base de datos
 [35m[2024-04-02 19:09:26.224021]:[32mleyendo todos los clientes se encontraron 1632 clientes registrados  !!
 [35m[2024-04-02 19:09:26.224382]:[32mDesconexión exitosa de la base de datos
