INFO:config.Logs.LogsActivity:new implement IPagos
INFO:config.Logs.LogsActivity:new implement IOrdenes
INFO:config.Logs.LogsActivity:new implement IPagos
INFO:config.Logs.LogsActivity:new implement IOrdenes
INFO:config.Logs.LogsActivity:new implement IOrdenes
INFO:config.Logs.LogsActivity:new implement IOrdenes
INFO:config.Logs.LogsActivity:new implement IPagos
INFO:config.Logs.LogsActivity:new implement IPagos
INFO:config.Logs.LogsActivity:new implement IPagos
INFO:config.Logs.LogsActivity:new implement IPagos
INFO:config.Logs.LogsActivity:new implement IPagos
INFO:config.Logs.LogsActivity:new implement IPagos
INFO:config.Logs.LogsActivity:new implement IClientes
INFO:config.Logs.LogsActivity:new implement IClientes
INFO:config.Logs.LogsActivity:new implement IClientes
INFO:config.Logs.LogsActivity:new implement IClientes
INFO:config.Logs.LogsActivity:new implement IMectricCoffeshop
INFO:config.Logs.LogsActivity:new implement IMectricCoffeshop
INFO:config.Logs.LogsActivity:new implement IClientes
INFO:config.Logs.LogsActivity:new implement IClientes
INFO:config.Logs.LogsActivity:new implement IPagos
INFO:config.Logs.LogsActivity:new implement IPagos
INFO:config.Logs.LogsActivity:new implement IPagos
INFO:config.Logs.LogsActivity:new implement IOrdenes
INFO:config.Logs.LogsActivity:new implement IPagos
INFO:config.Logs.LogsActivity:new implement IPagos
INFO:config.Logs.LogsActivity:new implement IOrdenes
INFO:config.Logs.LogsActivity:new implement IOrdenes
INFO:config.Logs.LogsActivity:new implement IClientes
INFO:config.Logs.LogsActivity:new implement IClientes
INFO:config.Logs.LogsActivity:new implement IClientes
INFO:config.Logs.LogsActivity:new implement IClientes
INFO:config.Logs.LogsActivity:new implement IClientes
INFO:config.Logs.LogsActivity:new implement IClientes
INFO:config.Logs.LogsActivity:new implement IClientes
INFO:config.Logs.LogsActivity:new implement IPagos
INFO:config.Logs.LogsActivity:new implement IOrdenes
INFO:config.Logs.LogsActivity:new implement IPagos
INFO:config.Logs.LogsActivity:new implement IOrdenes
INFO:config.Logs.LogsActivity:new implement IOrdenes
INFO:config.Logs.LogsActivity:new implement IOrdenes
INFO:config.Logs.LogsActivity:new implement IPagos
INFO:config.Logs.LogsActivity:new implement IPagos
INFO:config.Logs.LogsActivity:new implement IPagos
INFO:config.Logs.LogsActivity:new implement IPagos
INFO:config.Logs.LogsActivity:new implement IPagos
INFO:config.Logs.LogsActivity:new implement IPagos
INFO:config.Logs.LogsActivity:new implement IClientes
INFO:config.Logs.LogsActivity:new implement IClientes
INFO:config.Logs.LogsActivity:new implement IClientes
INFO:config.Logs.LogsActivity:new implement IClientes
INFO:config.Logs.LogsActivity:new implement IMectricCoffeshop
INFO:config.Logs.LogsActivity:new implement IMectricCoffeshop
INFO:config.Logs.LogsActivity:new implement IClientes
INFO:config.Logs.LogsActivity:new implement IClientes
INFO:config.Logs.LogsActivity:new implement IPagos
INFO:config.Logs.LogsActivity:new implement IPagos
INFO:config.Logs.LogsActivity:new implement IPagos
INFO:config.Logs.LogsActivity:new implement IOrdenes
INFO:config.Logs.LogsActivity:new implement IPagos
INFO:config.Logs.LogsActivity:new implement IPagos
INFO:config.Logs.LogsActivity:new implement IOrdenes
INFO:config.Logs.LogsActivity:new implement IOrdenes
INFO:config.Logs.LogsActivity:new implement IClientes
INFO:config.Logs.LogsActivity:new implement IClientes
INFO:config.Logs.LogsActivity:new implement IClientes
INFO:config.Logs.LogsActivity:new implement IClientes
INFO:config.Logs.LogsActivity:new implement IClientes
INFO:config.Logs.LogsActivity:new implement IClientes
INFO:config.Logs.LogsActivity:new implement IClientes
 [35m2024-05-04 12:03:24.860903- INFO - [32mnew implement IPagos
 [35m2024-05-04 12:03:24.861129- INFO - [32mnew implement IOrdenes
 [35m2024-05-04 12:03:24.861240- INFO - [32mnew implement IPagos
 [35m2024-05-04 12:03:24.867789- INFO - [32mnew implement IOrdenes
 [35m2024-05-04 12:03:24.891854- INFO - [32mnew implement IOrdenes
 [35m2024-05-04 12:03:24.962326- INFO - [32mnew implement IOrdenes
 [35m2024-05-04 12:03:24.964426- INFO - [32mnew implement IPagos
 [35m2024-05-04 12:03:24.976585- INFO - [32mnew implement IPagos
 [35m2024-05-04 12:03:24.986536- INFO - [32mnew implement IPagos
 [35m2024-05-04 12:03:24.986846- INFO - [32mnew implement IPagos
 [35m2024-05-04 12:03:25.002103- INFO - [32mnew implement IPagos
 [35m2024-05-04 12:03:25.080526- INFO - [32mnew implement IPagos
 [35m2024-05-04 12:03:25.088000- INFO - [32mnew implement IClientes
 [35m2024-05-04 12:03:25.104123- INFO - [32mnew implement IClientes
 [35m2024-05-04 12:03:25.159764- INFO - [32mnew implement IClientes
 [35m2024-05-04 12:03:25.163352- INFO - [32mnew implement IClientes
 [35m2024-05-04 12:03:25.178251- INFO - [32mnew implement IMectricCoffeshop
 [35m2024-05-04 12:03:25.178409- INFO - [32mnew implement IMectricCoffeshop
 [35m2024-05-04 12:03:25.188412- INFO - [32mnew implement IClientes
 [35m2024-05-04 12:03:25.212180- INFO - [32mnew implement IClientes
 [35m2024-05-04 12:03:25.232123- INFO - [32mnew implement IPagos
 [35m2024-05-04 12:03:25.232322- INFO - [32mnew implement IPagos
 [35m2024-05-04 12:03:25.244912- INFO - [32mnew implement IPagos
 [35m2024-05-04 12:03:25.269671- INFO - [32mnew implement IOrdenes
 [35m2024-05-04 12:03:25.270416- INFO - [32mnew implement IPagos
 [35m2024-05-04 12:03:25.271551- INFO - [32mnew implement IPagos
 [35m2024-05-04 12:03:25.287109- INFO - [32mnew implement IOrdenes
 [35m2024-05-04 12:03:25.295037- INFO - [32mnew implement IOrdenes
 [35m2024-05-04 12:03:25.339985- INFO - [32mnew implement IClientes
 [35m2024-05-04 12:03:25.340267- INFO - [32mnew implement IClientes
 [35m2024-05-04 12:03:25.444583- INFO - [32mnew implement IClientes
 [35m2024-05-04 12:03:25.451483- INFO - [32mnew implement IClientes
 [35m2024-05-04 12:03:25.452103- INFO - [32mnew implement IClientes
 [35m2024-05-04 12:03:25.455076- INFO - [32mnew implement IClientes
 [35m2024-05-04 12:03:25.455895- INFO - [32mnew implement IClientes
 [35m2024-05-04 12:03:28.305822- INFO - [32mnew implement IPagos
 [35m2024-05-04 12:03:28.306151- INFO - [32mnew implement IOrdenes
 [35m2024-05-04 12:03:28.306609- INFO - [32mnew implement IPagos
 [35m2024-05-04 12:03:28.317695- INFO - [32mnew implement IOrdenes
 [35m2024-05-04 12:03:28.343432- INFO - [32mnew implement IOrdenes
 [35m2024-05-04 12:03:28.416030- INFO - [32mnew implement IOrdenes
 [35m2024-05-04 12:03:28.418512- INFO - [32mnew implement IPagos
 [35m2024-05-04 12:03:28.431573- INFO - [32mnew implement IPagos
 [35m2024-05-04 12:03:28.439639- INFO - [32mnew implement IPagos
 [35m2024-05-04 12:03:28.440398- INFO - [32mnew implement IPagos
 [35m2024-05-04 12:03:28.463067- INFO - [32mnew implement IPagos
 [35m2024-05-04 12:03:28.558617- INFO - [32mnew implement IPagos
 [35m2024-05-04 12:03:28.569478- INFO - [32mnew implement IClientes
 [35m2024-05-04 12:03:28.582837- INFO - [32mnew implement IClientes
 [35m2024-05-04 12:03:28.627279- INFO - [32mnew implement IClientes
 [35m2024-05-04 12:03:28.630089- INFO - [32mnew implement IClientes
 [35m2024-05-04 12:03:28.640834- INFO - [32mnew implement IMectricCoffeshop
 [35m2024-05-04 12:03:28.641035- INFO - [32mnew implement IMectricCoffeshop
 [35m2024-05-04 12:03:28.653854- INFO - [32mnew implement IClientes
 [35m2024-05-04 12:03:28.672792- INFO - [32mnew implement IClientes
 [35m2024-05-04 12:03:28.697358- INFO - [32mnew implement IPagos
 [35m2024-05-04 12:03:28.697538- INFO - [32mnew implement IPagos
 [35m2024-05-04 12:03:28.714381- INFO - [32mnew implement IPagos
 [35m2024-05-04 12:03:28.736887- INFO - [32mnew implement IOrdenes
 [35m2024-05-04 12:03:28.737088- INFO - [32mnew implement IPagos
 [35m2024-05-04 12:03:28.738841- INFO - [32mnew implement IPagos
 [35m2024-05-04 12:03:28.758977- INFO - [32mnew implement IOrdenes
 [35m2024-05-04 12:03:28.766522- INFO - [32mnew implement IOrdenes
 [35m2024-05-04 12:03:28.808843- INFO - [32mnew implement IClientes
 [35m2024-05-04 12:03:28.809031- INFO - [32mnew implement IClientes
 [35m2024-05-04 12:03:28.874459- INFO - [32mnew implement IClientes
 [35m2024-05-04 12:03:28.879946- INFO - [32mnew implement IClientes
 [35m2024-05-04 12:03:28.880101- INFO - [32mnew implement IClientes
 [35m2024-05-04 12:03:28.882428- INFO - [32mnew implement IClientes
 [35m2024-05-04 12:03:28.882626- INFO - [32mnew implement IClientes
 [35m2024-05-04 12:03:50.183465- INFO - [32mnew implement IPagos
 [35m2024-05-04 12:03:50.184325- INFO - [32mnew implement IOrdenes
 [35m2024-05-04 12:03:50.185148- INFO - [32mnew implement IPagos
 [35m2024-05-04 12:03:50.193473- INFO - [32mnew implement IOrdenes
 [35m2024-05-04 12:03:50.233538- INFO - [32mnew implement IOrdenes
 [35m2024-05-04 12:03:50.314750- INFO - [32mnew implement IOrdenes
 [35m2024-05-04 12:03:50.317806- INFO - [32mnew implement IPagos
 [35m2024-05-04 12:03:50.343162- INFO - [32mnew implement IPagos
 [35m2024-05-04 12:03:50.359296- INFO - [32mnew implement IPagos
 [35m2024-05-04 12:03:50.360720- INFO - [32mnew implement IPagos
 [35m2024-05-04 12:03:50.385695- INFO - [32mnew implement IPagos
 [35m2024-05-04 12:03:50.531774- INFO - [32mnew implement IPagos
 [35m2024-05-04 12:03:50.539191- INFO - [32mnew implement IClientes
 [35m2024-05-04 12:03:50.551837- INFO - [32mnew implement IClientes
 [35m2024-05-04 12:03:50.591319- INFO - [32mnew implement IClientes
 [35m2024-05-04 12:03:50.595197- INFO - [32mnew implement IClientes
 [35m2024-05-04 12:03:50.605679- INFO - [32mnew implement IMectricCoffeshop
 [35m2024-05-04 12:03:50.605875- INFO - [32mnew implement IMectricCoffeshop
 [35m2024-05-04 12:03:50.615096- INFO - [32mnew implement IClientes
 [35m2024-05-04 12:03:50.634387- INFO - [32mnew implement IClientes
 [35m2024-05-04 12:03:50.653383- INFO - [32mnew implement IPagos
 [35m2024-05-04 12:03:50.653532- INFO - [32mnew implement IPagos
 [35m2024-05-04 12:03:50.666155- INFO - [32mnew implement IPagos
 [35m2024-05-04 12:03:50.691796- INFO - [32mnew implement IOrdenes
 [35m2024-05-04 12:03:50.691931- INFO - [32mnew implement IPagos
 [35m2024-05-04 12:03:50.692940- INFO - [32mnew implement IPagos
 [35m2024-05-04 12:03:50.709393- INFO - [32mnew implement IOrdenes
 [35m2024-05-04 12:03:50.715992- INFO - [32mnew implement IOrdenes
 [35m2024-05-04 12:03:50.757550- INFO - [32mnew implement IClientes
 [35m2024-05-04 12:03:50.757702- INFO - [32mnew implement IClientes
 [35m2024-05-04 12:03:50.832369- INFO - [32mnew implement IClientes
 [35m2024-05-04 12:03:50.836850- INFO - [32mnew implement IClientes
 [35m2024-05-04 12:03:50.837164- INFO - [32mnew implement IClientes
 [35m2024-05-04 12:03:50.839722- INFO - [32mnew implement IClientes
 [35m2024-05-04 12:03:50.840057- INFO - [32mnew implement IClientes
 [35m2024-05-04 12:03:59.634259- INFO - [32mnew implement IPagos
 [35m2024-05-04 12:03:59.634530- INFO - [32mnew implement IOrdenes
 [35m2024-05-04 12:03:59.634651- INFO - [32mnew implement IPagos
 [35m2024-05-04 12:03:59.641588- INFO - [32mnew implement IOrdenes
 [35m2024-05-04 12:03:59.688812- INFO - [32mnew implement IOrdenes
 [35m2024-05-04 12:03:59.800718- INFO - [32mnew implement IOrdenes
 [35m2024-05-04 12:03:59.809379- INFO - [32mnew implement IPagos
 [35m2024-05-04 12:03:59.837908- INFO - [32mnew implement IPagos
 [35m2024-05-04 12:03:59.852938- INFO - [32mnew implement IPagos
 [35m2024-05-04 12:03:59.853111- INFO - [32mnew implement IPagos
 [35m2024-05-04 12:03:59.873841- INFO - [32mnew implement IPagos
 [35m2024-05-04 12:03:59.997787- INFO - [32mnew implement IPagos
 [35m2024-05-04 12:04:00.018043- INFO - [32mnew implement IClientes
 [35m2024-05-04 12:04:00.044749- INFO - [32mnew implement IClientes
 [35m2024-05-04 12:04:00.052710- INFO - [32mnew implement IClientes
 [35m2024-05-04 12:04:00.077440- INFO - [32mnew implement IClientes
 [35m2024-05-04 12:04:00.087996- INFO - [32mnew implement IMectricCoffeshop
 [35m2024-05-04 12:04:00.088153- INFO - [32mnew implement IMectricCoffeshop
 [35m2024-05-04 12:04:00.096753- INFO - [32mnew implement IClientes
 [35m2024-05-04 12:04:00.114405- INFO - [32mnew implement IClientes
 [35m2024-05-04 12:04:00.138811- INFO - [32mnew implement IPagos
 [35m2024-05-04 12:04:00.138966- INFO - [32mnew implement IPagos
 [35m2024-05-04 12:04:00.155019- INFO - [32mnew implement IPagos
 [35m2024-05-04 12:04:00.177495- INFO - [32mnew implement IOrdenes
 [35m2024-05-04 12:04:00.177725- INFO - [32mnew implement IPagos
 [35m2024-05-04 12:04:00.178915- INFO - [32mnew implement IPagos
 [35m2024-05-04 12:04:00.201149- INFO - [32mnew implement IOrdenes
 [35m2024-05-04 12:04:00.208120- INFO - [32mnew implement IOrdenes
 [35m2024-05-04 12:04:00.258653- INFO - [32mnew implement IClientes
 [35m2024-05-04 12:04:00.259637- INFO - [32mnew implement IClientes
 [35m2024-05-04 12:04:00.336015- INFO - [32mnew implement IClientes
 [35m2024-05-04 12:04:00.343009- INFO - [32mnew implement IClientes
 [35m2024-05-04 12:04:00.343743- INFO - [32mnew implement IClientes
 [35m2024-05-04 12:04:00.346896- INFO - [32mnew implement IClientes
 [35m2024-05-04 12:04:00.347605- INFO - [32mnew implement IClientes
 [35m2024-05-04 12:04:17.419891- INFO - [32mConexión exitosa a la base de datos
 [35m2024-05-04 12:04:17.663339- INFO - [32mBusqueda de producto (o) se encontraron (97) coincidencias
 [35m2024-05-04 12:04:17.666173- INFO - [32mDesconexión exitosa de la base de datos
 [35m2024-05-04 12:04:17.666393- INFO - [32mFinalizada la ejecucion de registros de productos 
 [35m2024-05-04 12:05:31.496036- INFO - [32mnew implement IPagos
 [35m2024-05-04 12:05:31.496241- INFO - [32mnew implement IOrdenes
 [35m2024-05-04 12:05:31.496340- INFO - [32mnew implement IPagos
 [35m2024-05-04 12:05:31.501589- INFO - [32mnew implement IOrdenes
 [35m2024-05-04 12:05:31.534294- INFO - [32mnew implement IOrdenes
 [35m2024-05-04 12:05:31.637111- INFO - [32mnew implement IOrdenes
 [35m2024-05-04 12:05:31.639906- INFO - [32mnew implement IPagos
 [35m2024-05-04 12:05:31.652797- INFO - [32mnew implement IPagos
 [35m2024-05-04 12:05:31.660361- INFO - [32mnew implement IPagos
 [35m2024-05-04 12:05:31.660497- INFO - [32mnew implement IPagos
 [35m2024-05-04 12:05:31.676652- INFO - [32mnew implement IPagos
 [35m2024-05-04 12:05:31.775355- INFO - [32mnew implement IPagos
 [35m2024-05-04 12:05:31.787283- INFO - [32mnew implement IClientes
 [35m2024-05-04 12:05:31.812544- INFO - [32mnew implement IClientes
 [35m2024-05-04 12:05:31.818247- INFO - [32mnew implement IClientes
 [35m2024-05-04 12:05:31.867736- INFO - [32mnew implement IClientes
 [35m2024-05-04 12:05:31.886617- INFO - [32mnew implement IMectricCoffeshop
 [35m2024-05-04 12:05:31.892570- INFO - [32mnew implement IMectricCoffeshop
 [35m2024-05-04 12:05:31.907777- INFO - [32mnew implement IClientes
 [35m2024-05-04 12:05:31.931018- INFO - [32mnew implement IClientes
 [35m2024-05-04 12:05:31.951228- INFO - [32mnew implement IPagos
 [35m2024-05-04 12:05:31.951470- INFO - [32mnew implement IPagos
 [35m2024-05-04 12:05:31.967659- INFO - [32mnew implement IPagos
 [35m2024-05-04 12:05:31.997737- INFO - [32mnew implement IOrdenes
 [35m2024-05-04 12:05:32.000778- INFO - [32mnew implement IPagos
 [35m2024-05-04 12:05:32.003114- INFO - [32mnew implement IPagos
 [35m2024-05-04 12:05:32.021624- INFO - [32mnew implement IOrdenes
 [35m2024-05-04 12:05:32.025555- INFO - [32mnew implement IOrdenes
 [35m2024-05-04 12:05:32.070801- INFO - [32mnew implement IClientes
 [35m2024-05-04 12:05:32.070940- INFO - [32mnew implement IClientes
 [35m2024-05-04 12:05:32.136967- INFO - [32mnew implement IClientes
 [35m2024-05-04 12:05:32.140800- INFO - [32mnew implement IClientes
 [35m2024-05-04 12:05:32.141131- INFO - [32mnew implement IClientes
 [35m2024-05-04 12:05:32.143345- INFO - [32mnew implement IClientes
 [35m2024-05-04 12:05:32.143741- INFO - [32mnew implement IClientes
 [35m2024-05-04 12:05:39.802918- INFO - [32mConexión exitosa a la base de datos
 [35m2024-05-04 12:05:40.042537- INFO - [32m[0;33m no se encontraron coincidencas para el producto (helado) 
 [35m2024-05-04 12:05:40.042936- INFO - [32mDesconexión exitosa de la base de datos
 [35m2024-05-04 12:05:40.043047- INFO - [32mFinalizada la ejecucion de registros de productos 
